Start testing: Oct 25 07:17 UTC
----------------------------------------------------------
1/23 Testing: Pivot.Empty
1/23 Test: Pivot.Empty
Command: "/usr/bin/valgrind" "--tool=memcheck" "--leak-check=yes" "--trace-children=no" "--error-exitcode=113" "/home/codio/workspace/hw3/hw3_tests/llrec_tests/llrec_tests" "--gtest_filter=Pivot.Empty"
Directory: /home/codio/workspace/hw3/hw3_tests/llrec_tests
"Pivot.Empty" start time: Oct 25 07:17 UTC
Output:
----------------------------------------------------------
==1970== Memcheck, a memory error detector
==1970== Copyright (C) 2002-2017, and GNU GPL'd, by Julian Seward et al.
==1970== Using Valgrind-3.13.0 and LibVEX; rerun with -h for copyright info
==1970== Command: /home/codio/workspace/hw3/hw3_tests/llrec_tests/llrec_tests --gtest_filter=Pivot.Empty
==1970== 
Running main() from /home/codio/googletest/googletest/src/gtest_main.cc
Note: Google Test filter = Pivot.Empty
[==========] Running 1 test from 1 test suite.
[----------] Global test environment set-up.
[----------] 1 test from Pivot
[ RUN      ] Pivot.Empty
[       OK ] Pivot.Empty (21 ms)
[----------] 1 test from Pivot (32 ms total)

[----------] Global test environment tear-down
[==========] 1 test from 1 test suite ran. (89 ms total)
[  PASSED  ] 1 test.
==1970== 
==1970== HEAP SUMMARY:
==1970==     in use at exit: 0 bytes in 0 blocks
==1970==   total heap usage: 404 allocs, 404 frees, 133,083 bytes allocated
==1970== 
==1970== All heap blocks were freed -- no leaks are possible
==1970== 
==1970== For counts of detected and suppressed errors, rerun with: -v
==1970== ERROR SUMMARY: 0 errors from 0 contexts (suppressed: 0 from 0)
<end of output>
Test time =   1.62 sec
----------------------------------------------------------
Test Passed.
"Pivot.Empty" end time: Oct 25 07:17 UTC
"Pivot.Empty" time elapsed: 00:00:01
----------------------------------------------------------

2/23 Testing: Pivot.Size1SmallEmpty
2/23 Test: Pivot.Size1SmallEmpty
Command: "/usr/bin/valgrind" "--tool=memcheck" "--leak-check=yes" "--trace-children=no" "--error-exitcode=113" "/home/codio/workspace/hw3/hw3_tests/llrec_tests/llrec_tests" "--gtest_filter=Pivot.Size1SmallEmpty"
Directory: /home/codio/workspace/hw3/hw3_tests/llrec_tests
"Pivot.Size1SmallEmpty" start time: Oct 25 07:17 UTC
Output:
----------------------------------------------------------
==1971== Memcheck, a memory error detector
==1971== Copyright (C) 2002-2017, and GNU GPL'd, by Julian Seward et al.
==1971== Using Valgrind-3.13.0 and LibVEX; rerun with -h for copyright info
==1971== Command: /home/codio/workspace/hw3/hw3_tests/llrec_tests/llrec_tests --gtest_filter=Pivot.Size1SmallEmpty
==1971== 
Running main() from /home/codio/googletest/googletest/src/gtest_main.cc
Note: Google Test filter = Pivot.Size1SmallEmpty
[==========] Running 1 test from 1 test suite.
[----------] Global test environment set-up.
[----------] 1 test from Pivot
[ RUN      ] Pivot.Size1SmallEmpty
[       OK ] Pivot.Size1SmallEmpty (32 ms)
[----------] 1 test from Pivot (42 ms total)

[----------] Global test environment tear-down
[==========] 1 test from 1 test suite ran. (98 ms total)
[  PASSED  ] 1 test.
==1971== 
==1971== HEAP SUMMARY:
==1971==     in use at exit: 0 bytes in 0 blocks
==1971==   total heap usage: 413 allocs, 413 frees, 133,328 bytes allocated
==1971== 
==1971== All heap blocks were freed -- no leaks are possible
==1971== 
==1971== For counts of detected and suppressed errors, rerun with: -v
==1971== ERROR SUMMARY: 0 errors from 0 contexts (suppressed: 0 from 0)
<end of output>
Test time =   1.66 sec
----------------------------------------------------------
Test Passed.
"Pivot.Size1SmallEmpty" end time: Oct 25 07:17 UTC
"Pivot.Size1SmallEmpty" time elapsed: 00:00:01
----------------------------------------------------------

3/23 Testing: Pivot.Size1LargeEmpty
3/23 Test: Pivot.Size1LargeEmpty
Command: "/usr/bin/valgrind" "--tool=memcheck" "--leak-check=yes" "--trace-children=no" "--error-exitcode=113" "/home/codio/workspace/hw3/hw3_tests/llrec_tests/llrec_tests" "--gtest_filter=Pivot.Size1LargeEmpty"
Directory: /home/codio/workspace/hw3/hw3_tests/llrec_tests
"Pivot.Size1LargeEmpty" start time: Oct 25 07:17 UTC
Output:
----------------------------------------------------------
==1972== Memcheck, a memory error detector
==1972== Copyright (C) 2002-2017, and GNU GPL'd, by Julian Seward et al.
==1972== Using Valgrind-3.13.0 and LibVEX; rerun with -h for copyright info
==1972== Command: /home/codio/workspace/hw3/hw3_tests/llrec_tests/llrec_tests --gtest_filter=Pivot.Size1LargeEmpty
==1972== 
Running main() from /home/codio/googletest/googletest/src/gtest_main.cc
Note: Google Test filter = Pivot.Size1LargeEmpty
[==========] Running 1 test from 1 test suite.
[----------] Global test environment set-up.
[----------] 1 test from Pivot
[ RUN      ] Pivot.Size1LargeEmpty
[       OK ] Pivot.Size1LargeEmpty (33 ms)
[----------] 1 test from Pivot (43 ms total)

[----------] Global test environment tear-down
[==========] 1 test from 1 test suite ran. (98 ms total)
[  PASSED  ] 1 test.
==1972== 
==1972== HEAP SUMMARY:
==1972==     in use at exit: 0 bytes in 0 blocks
==1972==   total heap usage: 413 allocs, 413 frees, 133,328 bytes allocated
==1972== 
==1972== All heap blocks were freed -- no leaks are possible
==1972== 
==1972== For counts of detected and suppressed errors, rerun with: -v
==1972== ERROR SUMMARY: 0 errors from 0 contexts (suppressed: 0 from 0)
<end of output>
Test time =   1.70 sec
----------------------------------------------------------
Test Passed.
"Pivot.Size1LargeEmpty" end time: Oct 25 07:17 UTC
"Pivot.Size1LargeEmpty" time elapsed: 00:00:01
----------------------------------------------------------

4/23 Testing: Pivot.Size2SmallLarge
4/23 Test: Pivot.Size2SmallLarge
Command: "/usr/bin/valgrind" "--tool=memcheck" "--leak-check=yes" "--trace-children=no" "--error-exitcode=113" "/home/codio/workspace/hw3/hw3_tests/llrec_tests/llrec_tests" "--gtest_filter=Pivot.Size2SmallLarge"
Directory: /home/codio/workspace/hw3/hw3_tests/llrec_tests
"Pivot.Size2SmallLarge" start time: Oct 25 07:17 UTC
Output:
----------------------------------------------------------
==1973== Memcheck, a memory error detector
==1973== Copyright (C) 2002-2017, and GNU GPL'd, by Julian Seward et al.
==1973== Using Valgrind-3.13.0 and LibVEX; rerun with -h for copyright info
==1973== Command: /home/codio/workspace/hw3/hw3_tests/llrec_tests/llrec_tests --gtest_filter=Pivot.Size2SmallLarge
==1973== 
Running main() from /home/codio/googletest/googletest/src/gtest_main.cc
Note: Google Test filter = Pivot.Size2SmallLarge
[==========] Running 1 test from 1 test suite.
[----------] Global test environment set-up.
[----------] 1 test from Pivot
[ RUN      ] Pivot.Size2SmallLarge
[       OK ] Pivot.Size2SmallLarge (33 ms)
[----------] 1 test from Pivot (43 ms total)

[----------] Global test environment tear-down
[==========] 1 test from 1 test suite ran. (97 ms total)
[  PASSED  ] 1 test.
==1973== 
==1973== HEAP SUMMARY:
==1973==     in use at exit: 0 bytes in 0 blocks
==1973==   total heap usage: 415 allocs, 415 frees, 133,352 bytes allocated
==1973== 
==1973== All heap blocks were freed -- no leaks are possible
==1973== 
==1973== For counts of detected and suppressed errors, rerun with: -v
==1973== ERROR SUMMARY: 0 errors from 0 contexts (suppressed: 0 from 0)
<end of output>
Test time =   1.60 sec
----------------------------------------------------------
Test Passed.
"Pivot.Size2SmallLarge" end time: Oct 25 07:17 UTC
"Pivot.Size2SmallLarge" time elapsed: 00:00:01
----------------------------------------------------------

5/23 Testing: Pivot.Size2LargeSmall
5/23 Test: Pivot.Size2LargeSmall
Command: "/usr/bin/valgrind" "--tool=memcheck" "--leak-check=yes" "--trace-children=no" "--error-exitcode=113" "/home/codio/workspace/hw3/hw3_tests/llrec_tests/llrec_tests" "--gtest_filter=Pivot.Size2LargeSmall"
Directory: /home/codio/workspace/hw3/hw3_tests/llrec_tests
"Pivot.Size2LargeSmall" start time: Oct 25 07:17 UTC
Output:
----------------------------------------------------------
==1974== Memcheck, a memory error detector
==1974== Copyright (C) 2002-2017, and GNU GPL'd, by Julian Seward et al.
==1974== Using Valgrind-3.13.0 and LibVEX; rerun with -h for copyright info
==1974== Command: /home/codio/workspace/hw3/hw3_tests/llrec_tests/llrec_tests --gtest_filter=Pivot.Size2LargeSmall
==1974== 
Running main() from /home/codio/googletest/googletest/src/gtest_main.cc
Note: Google Test filter = Pivot.Size2LargeSmall
[==========] Running 1 test from 1 test suite.
[----------] Global test environment set-up.
[----------] 1 test from Pivot
[ RUN      ] Pivot.Size2LargeSmall
[       OK ] Pivot.Size2LargeSmall (33 ms)
[----------] 1 test from Pivot (43 ms total)

[----------] Global test environment tear-down
[==========] 1 test from 1 test suite ran. (96 ms total)
[  PASSED  ] 1 test.
==1974== 
==1974== HEAP SUMMARY:
==1974==     in use at exit: 0 bytes in 0 blocks
==1974==   total heap usage: 415 allocs, 415 frees, 133,352 bytes allocated
==1974== 
==1974== All heap blocks were freed -- no leaks are possible
==1974== 
==1974== For counts of detected and suppressed errors, rerun with: -v
==1974== ERROR SUMMARY: 0 errors from 0 contexts (suppressed: 0 from 0)
<end of output>
Test time =   1.62 sec
----------------------------------------------------------
Test Passed.
"Pivot.Size2LargeSmall" end time: Oct 25 07:17 UTC
"Pivot.Size2LargeSmall" time elapsed: 00:00:01
----------------------------------------------------------

6/23 Testing: Pivot.Size3LargeSmallLarge
6/23 Test: Pivot.Size3LargeSmallLarge
Command: "/usr/bin/valgrind" "--tool=memcheck" "--leak-check=yes" "--trace-children=no" "--error-exitcode=113" "/home/codio/workspace/hw3/hw3_tests/llrec_tests/llrec_tests" "--gtest_filter=Pivot.Size3LargeSmallLarge"
Directory: /home/codio/workspace/hw3/hw3_tests/llrec_tests
"Pivot.Size3LargeSmallLarge" start time: Oct 25 07:17 UTC
Output:
----------------------------------------------------------
==1975== Memcheck, a memory error detector
==1975== Copyright (C) 2002-2017, and GNU GPL'd, by Julian Seward et al.
==1975== Using Valgrind-3.13.0 and LibVEX; rerun with -h for copyright info
==1975== Command: /home/codio/workspace/hw3/hw3_tests/llrec_tests/llrec_tests --gtest_filter=Pivot.Size3LargeSmallLarge
==1975== 
Running main() from /home/codio/googletest/googletest/src/gtest_main.cc
Note: Google Test filter = Pivot.Size3LargeSmallLarge
[==========] Running 1 test from 1 test suite.
[----------] Global test environment set-up.
[----------] 1 test from Pivot
[ RUN      ] Pivot.Size3LargeSmallLarge
[       OK ] Pivot.Size3LargeSmallLarge (33 ms)
[----------] 1 test from Pivot (43 ms total)

[----------] Global test environment tear-down
[==========] 1 test from 1 test suite ran. (97 ms total)
[  PASSED  ] 1 test.
==1975== 
==1975== HEAP SUMMARY:
==1975==     in use at exit: 0 bytes in 0 blocks
==1975==   total heap usage: 416 allocs, 416 frees, 133,426 bytes allocated
==1975== 
==1975== All heap blocks were freed -- no leaks are possible
==1975== 
==1975== For counts of detected and suppressed errors, rerun with: -v
==1975== ERROR SUMMARY: 0 errors from 0 contexts (suppressed: 0 from 0)
<end of output>
Test time =   1.61 sec
----------------------------------------------------------
Test Passed.
"Pivot.Size3LargeSmallLarge" end time: Oct 25 07:17 UTC
"Pivot.Size3LargeSmallLarge" time elapsed: 00:00:01
----------------------------------------------------------

7/23 Testing: Pivot.Size3SmallLargeSmall
7/23 Test: Pivot.Size3SmallLargeSmall
Command: "/usr/bin/valgrind" "--tool=memcheck" "--leak-check=yes" "--trace-children=no" "--error-exitcode=113" "/home/codio/workspace/hw3/hw3_tests/llrec_tests/llrec_tests" "--gtest_filter=Pivot.Size3SmallLargeSmall"
Directory: /home/codio/workspace/hw3/hw3_tests/llrec_tests
"Pivot.Size3SmallLargeSmall" start time: Oct 25 07:17 UTC
Output:
----------------------------------------------------------
==1976== Memcheck, a memory error detector
==1976== Copyright (C) 2002-2017, and GNU GPL'd, by Julian Seward et al.
==1976== Using Valgrind-3.13.0 and LibVEX; rerun with -h for copyright info
==1976== Command: /home/codio/workspace/hw3/hw3_tests/llrec_tests/llrec_tests --gtest_filter=Pivot.Size3SmallLargeSmall
==1976== 
Running main() from /home/codio/googletest/googletest/src/gtest_main.cc
Note: Google Test filter = Pivot.Size3SmallLargeSmall
[==========] Running 1 test from 1 test suite.
[----------] Global test environment set-up.
[----------] 1 test from Pivot
[ RUN      ] Pivot.Size3SmallLargeSmall
[       OK ] Pivot.Size3SmallLargeSmall (36 ms)
[----------] 1 test from Pivot (46 ms total)

[----------] Global test environment tear-down
[==========] 1 test from 1 test suite ran. (103 ms total)
[  PASSED  ] 1 test.
==1976== 
==1976== HEAP SUMMARY:
==1976==     in use at exit: 0 bytes in 0 blocks
==1976==   total heap usage: 416 allocs, 416 frees, 133,426 bytes allocated
==1976== 
==1976== All heap blocks were freed -- no leaks are possible
==1976== 
==1976== For counts of detected and suppressed errors, rerun with: -v
==1976== ERROR SUMMARY: 0 errors from 0 contexts (suppressed: 0 from 0)
<end of output>
Test time =   1.71 sec
----------------------------------------------------------
Test Passed.
"Pivot.Size3SmallLargeSmall" end time: Oct 25 07:17 UTC
"Pivot.Size3SmallLargeSmall" time elapsed: 00:00:01
----------------------------------------------------------

8/23 Testing: Pivot.Size3LargeLargeSmall
8/23 Test: Pivot.Size3LargeLargeSmall
Command: "/usr/bin/valgrind" "--tool=memcheck" "--leak-check=yes" "--trace-children=no" "--error-exitcode=113" "/home/codio/workspace/hw3/hw3_tests/llrec_tests/llrec_tests" "--gtest_filter=Pivot.Size3LargeLargeSmall"
Directory: /home/codio/workspace/hw3/hw3_tests/llrec_tests
"Pivot.Size3LargeLargeSmall" start time: Oct 25 07:17 UTC
Output:
----------------------------------------------------------
==1977== Memcheck, a memory error detector
==1977== Copyright (C) 2002-2017, and GNU GPL'd, by Julian Seward et al.
==1977== Using Valgrind-3.13.0 and LibVEX; rerun with -h for copyright info
==1977== Command: /home/codio/workspace/hw3/hw3_tests/llrec_tests/llrec_tests --gtest_filter=Pivot.Size3LargeLargeSmall
==1977== 
Running main() from /home/codio/googletest/googletest/src/gtest_main.cc
Note: Google Test filter = Pivot.Size3LargeLargeSmall
[==========] Running 1 test from 1 test suite.
[----------] Global test environment set-up.
[----------] 1 test from Pivot
[ RUN      ] Pivot.Size3LargeLargeSmall
[       OK ] Pivot.Size3LargeLargeSmall (33 ms)
[----------] 1 test from Pivot (43 ms total)

[----------] Global test environment tear-down
[==========] 1 test from 1 test suite ran. (97 ms total)
[  PASSED  ] 1 test.
==1977== 
==1977== HEAP SUMMARY:
==1977==     in use at exit: 0 bytes in 0 blocks
==1977==   total heap usage: 416 allocs, 416 frees, 133,426 bytes allocated
==1977== 
==1977== All heap blocks were freed -- no leaks are possible
==1977== 
==1977== For counts of detected and suppressed errors, rerun with: -v
==1977== ERROR SUMMARY: 0 errors from 0 contexts (suppressed: 0 from 0)
<end of output>
Test time =   1.69 sec
----------------------------------------------------------
Test Passed.
"Pivot.Size3LargeLargeSmall" end time: Oct 25 07:17 UTC
"Pivot.Size3LargeLargeSmall" time elapsed: 00:00:01
----------------------------------------------------------

9/23 Testing: Pivot.Size6SmallThenLarge
9/23 Test: Pivot.Size6SmallThenLarge
Command: "/usr/bin/valgrind" "--tool=memcheck" "--leak-check=yes" "--trace-children=no" "--error-exitcode=113" "/home/codio/workspace/hw3/hw3_tests/llrec_tests/llrec_tests" "--gtest_filter=Pivot.Size6SmallThenLarge"
Directory: /home/codio/workspace/hw3/hw3_tests/llrec_tests
"Pivot.Size6SmallThenLarge" start time: Oct 25 07:17 UTC
Output:
----------------------------------------------------------
==1978== Memcheck, a memory error detector
==1978== Copyright (C) 2002-2017, and GNU GPL'd, by Julian Seward et al.
==1978== Using Valgrind-3.13.0 and LibVEX; rerun with -h for copyright info
==1978== Command: /home/codio/workspace/hw3/hw3_tests/llrec_tests/llrec_tests --gtest_filter=Pivot.Size6SmallThenLarge
==1978== 
Running main() from /home/codio/googletest/googletest/src/gtest_main.cc
Note: Google Test filter = Pivot.Size6SmallThenLarge
[==========] Running 1 test from 1 test suite.
[----------] Global test environment set-up.
[----------] 1 test from Pivot
[ RUN      ] Pivot.Size6SmallThenLarge
[       OK ] Pivot.Size6SmallThenLarge (38 ms)
[----------] 1 test from Pivot (49 ms total)

[----------] Global test environment tear-down
[==========] 1 test from 1 test suite ran. (107 ms total)
[  PASSED  ] 1 test.
==1978== 
==1978== HEAP SUMMARY:
==1978==     in use at exit: 0 bytes in 0 blocks
==1978==   total heap usage: 419 allocs, 419 frees, 133,488 bytes allocated
==1978== 
==1978== All heap blocks were freed -- no leaks are possible
==1978== 
==1978== For counts of detected and suppressed errors, rerun with: -v
==1978== ERROR SUMMARY: 0 errors from 0 contexts (suppressed: 0 from 0)
<end of output>
Test time =   1.65 sec
----------------------------------------------------------
Test Passed.
"Pivot.Size6SmallThenLarge" end time: Oct 25 07:17 UTC
"Pivot.Size6SmallThenLarge" time elapsed: 00:00:01
----------------------------------------------------------

10/23 Testing: Pivot.Size6LargeThenSmall
10/23 Test: Pivot.Size6LargeThenSmall
Command: "/usr/bin/valgrind" "--tool=memcheck" "--leak-check=yes" "--trace-children=no" "--error-exitcode=113" "/home/codio/workspace/hw3/hw3_tests/llrec_tests/llrec_tests" "--gtest_filter=Pivot.Size6LargeThenSmall"
Directory: /home/codio/workspace/hw3/hw3_tests/llrec_tests
"Pivot.Size6LargeThenSmall" start time: Oct 25 07:17 UTC
Output:
----------------------------------------------------------
==1979== Memcheck, a memory error detector
==1979== Copyright (C) 2002-2017, and GNU GPL'd, by Julian Seward et al.
==1979== Using Valgrind-3.13.0 and LibVEX; rerun with -h for copyright info
==1979== Command: /home/codio/workspace/hw3/hw3_tests/llrec_tests/llrec_tests --gtest_filter=Pivot.Size6LargeThenSmall
==1979== 
Running main() from /home/codio/googletest/googletest/src/gtest_main.cc
Note: Google Test filter = Pivot.Size6LargeThenSmall
[==========] Running 1 test from 1 test suite.
[----------] Global test environment set-up.
[----------] 1 test from Pivot
[ RUN      ] Pivot.Size6LargeThenSmall
[       OK ] Pivot.Size6LargeThenSmall (37 ms)
[----------] 1 test from Pivot (47 ms total)

[----------] Global test environment tear-down
[==========] 1 test from 1 test suite ran. (105 ms total)
[  PASSED  ] 1 test.
==1979== 
==1979== HEAP SUMMARY:
==1979==     in use at exit: 0 bytes in 0 blocks
==1979==   total heap usage: 419 allocs, 419 frees, 133,488 bytes allocated
==1979== 
==1979== All heap blocks were freed -- no leaks are possible
==1979== 
==1979== For counts of detected and suppressed errors, rerun with: -v
==1979== ERROR SUMMARY: 0 errors from 0 contexts (suppressed: 0 from 0)
<end of output>
Test time =   1.65 sec
----------------------------------------------------------
Test Passed.
"Pivot.Size6LargeThenSmall" end time: Oct 25 07:17 UTC
"Pivot.Size6LargeThenSmall" time elapsed: 00:00:01
----------------------------------------------------------

11/23 Testing: Pivot.Nominal
11/23 Test: Pivot.Nominal
Command: "/usr/bin/valgrind" "--tool=memcheck" "--leak-check=yes" "--trace-children=no" "--error-exitcode=113" "/home/codio/workspace/hw3/hw3_tests/llrec_tests/llrec_tests" "--gtest_filter=Pivot.Nominal"
Directory: /home/codio/workspace/hw3/hw3_tests/llrec_tests
"Pivot.Nominal" start time: Oct 25 07:17 UTC
Output:
----------------------------------------------------------
==1980== Memcheck, a memory error detector
==1980== Copyright (C) 2002-2017, and GNU GPL'd, by Julian Seward et al.
==1980== Using Valgrind-3.13.0 and LibVEX; rerun with -h for copyright info
==1980== Command: /home/codio/workspace/hw3/hw3_tests/llrec_tests/llrec_tests --gtest_filter=Pivot.Nominal
==1980== 
Running main() from /home/codio/googletest/googletest/src/gtest_main.cc
Note: Google Test filter = Pivot.Nominal
[==========] Running 1 test from 1 test suite.
[----------] Global test environment set-up.
[----------] 1 test from Pivot
[ RUN      ] Pivot.Nominal
[       OK ] Pivot.Nominal (33 ms)
[----------] 1 test from Pivot (43 ms total)

[----------] Global test environment tear-down
[==========] 1 test from 1 test suite ran. (96 ms total)
[  PASSED  ] 1 test.
==1980== 
==1980== HEAP SUMMARY:
==1980==     in use at exit: 0 bytes in 0 blocks
==1980==   total heap usage: 411 allocs, 411 frees, 133,189 bytes allocated
==1980== 
==1980== All heap blocks were freed -- no leaks are possible
==1980== 
==1980== For counts of detected and suppressed errors, rerun with: -v
==1980== ERROR SUMMARY: 0 errors from 0 contexts (suppressed: 0 from 0)
<end of output>
Test time =   1.69 sec
----------------------------------------------------------
Test Passed.
"Pivot.Nominal" end time: Oct 25 07:17 UTC
"Pivot.Nominal" time elapsed: 00:00:01
----------------------------------------------------------

12/23 Testing: Pivot.SameValues
12/23 Test: Pivot.SameValues
Command: "/usr/bin/valgrind" "--tool=memcheck" "--leak-check=yes" "--trace-children=no" "--error-exitcode=113" "/home/codio/workspace/hw3/hw3_tests/llrec_tests/llrec_tests" "--gtest_filter=Pivot.SameValues"
Directory: /home/codio/workspace/hw3/hw3_tests/llrec_tests
"Pivot.SameValues" start time: Oct 25 07:17 UTC
Output:
----------------------------------------------------------
==1981== Memcheck, a memory error detector
==1981== Copyright (C) 2002-2017, and GNU GPL'd, by Julian Seward et al.
==1981== Using Valgrind-3.13.0 and LibVEX; rerun with -h for copyright info
==1981== Command: /home/codio/workspace/hw3/hw3_tests/llrec_tests/llrec_tests --gtest_filter=Pivot.SameValues
==1981== 
Running main() from /home/codio/googletest/googletest/src/gtest_main.cc
Note: Google Test filter = Pivot.SameValues
[==========] Running 1 test from 1 test suite.
[----------] Global test environment set-up.
[----------] 1 test from Pivot
[ RUN      ] Pivot.SameValues
[       OK ] Pivot.SameValues (33 ms)
[----------] 1 test from Pivot (43 ms total)

[----------] Global test environment tear-down
[==========] 1 test from 1 test suite ran. (96 ms total)
[  PASSED  ] 1 test.
==1981== 
==1981== HEAP SUMMARY:
==1981==     in use at exit: 0 bytes in 0 blocks
==1981==   total heap usage: 416 allocs, 416 frees, 133,350 bytes allocated
==1981== 
==1981== All heap blocks were freed -- no leaks are possible
==1981== 
==1981== For counts of detected and suppressed errors, rerun with: -v
==1981== ERROR SUMMARY: 0 errors from 0 contexts (suppressed: 0 from 0)
<end of output>
Test time =   1.58 sec
----------------------------------------------------------
Test Passed.
"Pivot.SameValues" end time: Oct 25 07:17 UTC
"Pivot.SameValues" time elapsed: 00:00:01
----------------------------------------------------------

13/23 Testing: Pivot.NoCopySameNodeCheck
13/23 Test: Pivot.NoCopySameNodeCheck
Command: "/usr/bin/valgrind" "--tool=memcheck" "--leak-check=yes" "--trace-children=no" "--error-exitcode=113" "/home/codio/workspace/hw3/hw3_tests/llrec_tests/llrec_tests" "--gtest_filter=Pivot.NoCopySameNodeCheck"
Directory: /home/codio/workspace/hw3/hw3_tests/llrec_tests
"Pivot.NoCopySameNodeCheck" start time: Oct 25 07:17 UTC
Output:
----------------------------------------------------------
==1982== Memcheck, a memory error detector
==1982== Copyright (C) 2002-2017, and GNU GPL'd, by Julian Seward et al.
==1982== Using Valgrind-3.13.0 and LibVEX; rerun with -h for copyright info
==1982== Command: /home/codio/workspace/hw3/hw3_tests/llrec_tests/llrec_tests --gtest_filter=Pivot.NoCopySameNodeCheck
==1982== 
Running main() from /home/codio/googletest/googletest/src/gtest_main.cc
Note: Google Test filter = Pivot.NoCopySameNodeCheck
[==========] Running 1 test from 1 test suite.
[----------] Global test environment set-up.
[----------] 1 test from Pivot
[ RUN      ] Pivot.NoCopySameNodeCheck
[       OK ] Pivot.NoCopySameNodeCheck (55 ms)
[----------] 1 test from Pivot (65 ms total)

[----------] Global test environment tear-down
[==========] 1 test from 1 test suite ran. (127 ms total)
[  PASSED  ] 1 test.
==1982== 
==1982== HEAP SUMMARY:
==1982==     in use at exit: 0 bytes in 0 blocks
==1982==   total heap usage: 420 allocs, 420 frees, 133,496 bytes allocated
==1982== 
==1982== All heap blocks were freed -- no leaks are possible
==1982== 
==1982== For counts of detected and suppressed errors, rerun with: -v
==1982== ERROR SUMMARY: 0 errors from 0 contexts (suppressed: 0 from 0)
<end of output>
Test time =   1.64 sec
----------------------------------------------------------
Test Passed.
"Pivot.NoCopySameNodeCheck" end time: Oct 25 07:17 UTC
"Pivot.NoCopySameNodeCheck" time elapsed: 00:00:01
----------------------------------------------------------

14/23 Testing: Filter.EmptyList
14/23 Test: Filter.EmptyList
Command: "/usr/bin/valgrind" "--tool=memcheck" "--leak-check=yes" "--trace-children=no" "--error-exitcode=113" "/home/codio/workspace/hw3/hw3_tests/llrec_tests/llrec_tests" "--gtest_filter=Filter.EmptyList"
Directory: /home/codio/workspace/hw3/hw3_tests/llrec_tests
"Filter.EmptyList" start time: Oct 25 07:17 UTC
Output:
----------------------------------------------------------
==1983== Memcheck, a memory error detector
==1983== Copyright (C) 2002-2017, and GNU GPL'd, by Julian Seward et al.
==1983== Using Valgrind-3.13.0 and LibVEX; rerun with -h for copyright info
==1983== Command: /home/codio/workspace/hw3/hw3_tests/llrec_tests/llrec_tests --gtest_filter=Filter.EmptyList
==1983== 
Running main() from /home/codio/googletest/googletest/src/gtest_main.cc
Note: Google Test filter = Filter.EmptyList
[==========] Running 1 test from 1 test suite.
[----------] Global test environment set-up.
[----------] 1 test from Filter
[ RUN      ] Filter.EmptyList
[       OK ] Filter.EmptyList (24 ms)
[----------] 1 test from Filter (33 ms total)

[----------] Global test environment tear-down
[==========] 1 test from 1 test suite ran. (88 ms total)
[  PASSED  ] 1 test.
==1983== 
==1983== HEAP SUMMARY:
==1983==     in use at exit: 0 bytes in 0 blocks
==1983==   total heap usage: 410 allocs, 410 frees, 133,254 bytes allocated
==1983== 
==1983== All heap blocks were freed -- no leaks are possible
==1983== 
==1983== For counts of detected and suppressed errors, rerun with: -v
==1983== ERROR SUMMARY: 0 errors from 0 contexts (suppressed: 0 from 0)
<end of output>
Test time =   1.62 sec
----------------------------------------------------------
Test Passed.
"Filter.EmptyList" end time: Oct 25 07:17 UTC
"Filter.EmptyList" time elapsed: 00:00:01
----------------------------------------------------------

15/23 Testing: Filter.Size1_F
15/23 Test: Filter.Size1_F
Command: "/usr/bin/valgrind" "--tool=memcheck" "--leak-check=yes" "--trace-children=no" "--error-exitcode=113" "/home/codio/workspace/hw3/hw3_tests/llrec_tests/llrec_tests" "--gtest_filter=Filter.Size1_F"
Directory: /home/codio/workspace/hw3/hw3_tests/llrec_tests
"Filter.Size1_F" start time: Oct 25 07:17 UTC
Output:
----------------------------------------------------------
==1984== Memcheck, a memory error detector
==1984== Copyright (C) 2002-2017, and GNU GPL'd, by Julian Seward et al.
==1984== Using Valgrind-3.13.0 and LibVEX; rerun with -h for copyright info
==1984== Command: /home/codio/workspace/hw3/hw3_tests/llrec_tests/llrec_tests --gtest_filter=Filter.Size1_F
==1984== 
Running main() from /home/codio/googletest/googletest/src/gtest_main.cc
Note: Google Test filter = Filter.Size1_F
[==========] Running 1 test from 1 test suite.
[----------] Global test environment set-up.
[----------] 1 test from Filter
[ RUN      ] Filter.Size1_F
[       OK ] Filter.Size1_F (31 ms)
[----------] 1 test from Filter (41 ms total)

[----------] Global test environment tear-down
[==========] 1 test from 1 test suite ran. (94 ms total)
[  PASSED  ] 1 test.
==1984== 
==1984== HEAP SUMMARY:
==1984==     in use at exit: 0 bytes in 0 blocks
==1984==   total heap usage: 407 allocs, 407 frees, 133,122 bytes allocated
==1984== 
==1984== All heap blocks were freed -- no leaks are possible
==1984== 
==1984== For counts of detected and suppressed errors, rerun with: -v
==1984== ERROR SUMMARY: 0 errors from 0 contexts (suppressed: 0 from 0)
<end of output>
Test time =   1.64 sec
----------------------------------------------------------
Test Passed.
"Filter.Size1_F" end time: Oct 25 07:17 UTC
"Filter.Size1_F" time elapsed: 00:00:01
----------------------------------------------------------

16/23 Testing: Filter.Size1_nF
16/23 Test: Filter.Size1_nF
Command: "/usr/bin/valgrind" "--tool=memcheck" "--leak-check=yes" "--trace-children=no" "--error-exitcode=113" "/home/codio/workspace/hw3/hw3_tests/llrec_tests/llrec_tests" "--gtest_filter=Filter.Size1_nF"
Directory: /home/codio/workspace/hw3/hw3_tests/llrec_tests
"Filter.Size1_nF" start time: Oct 25 07:17 UTC
Output:
----------------------------------------------------------
==1985== Memcheck, a memory error detector
==1985== Copyright (C) 2002-2017, and GNU GPL'd, by Julian Seward et al.
==1985== Using Valgrind-3.13.0 and LibVEX; rerun with -h for copyright info
==1985== Command: /home/codio/workspace/hw3/hw3_tests/llrec_tests/llrec_tests --gtest_filter=Filter.Size1_nF
==1985== 
Running main() from /home/codio/googletest/googletest/src/gtest_main.cc
Note: Google Test filter = Filter.Size1_nF
[==========] Running 1 test from 1 test suite.
[----------] Global test environment set-up.
[----------] 1 test from Filter
[ RUN      ] Filter.Size1_nF
[       OK ] Filter.Size1_nF (32 ms)
[----------] 1 test from Filter (41 ms total)

[----------] Global test environment tear-down
[==========] 1 test from 1 test suite ran. (95 ms total)
[  PASSED  ] 1 test.
==1985== 
==1985== HEAP SUMMARY:
==1985==     in use at exit: 0 bytes in 0 blocks
==1985==   total heap usage: 408 allocs, 408 frees, 133,131 bytes allocated
==1985== 
==1985== All heap blocks were freed -- no leaks are possible
==1985== 
==1985== For counts of detected and suppressed errors, rerun with: -v
==1985== ERROR SUMMARY: 0 errors from 0 contexts (suppressed: 0 from 0)
<end of output>
Test time =   1.58 sec
----------------------------------------------------------
Test Passed.
"Filter.Size1_nF" end time: Oct 25 07:17 UTC
"Filter.Size1_nF" time elapsed: 00:00:01
----------------------------------------------------------

17/23 Testing: Filter.Size2_F_nF
17/23 Test: Filter.Size2_F_nF
Command: "/usr/bin/valgrind" "--tool=memcheck" "--leak-check=yes" "--trace-children=no" "--error-exitcode=113" "/home/codio/workspace/hw3/hw3_tests/llrec_tests/llrec_tests" "--gtest_filter=Filter.Size2_F_nF"
Directory: /home/codio/workspace/hw3/hw3_tests/llrec_tests
"Filter.Size2_F_nF" start time: Oct 25 07:17 UTC
Output:
----------------------------------------------------------
==1986== Memcheck, a memory error detector
==1986== Copyright (C) 2002-2017, and GNU GPL'd, by Julian Seward et al.
==1986== Using Valgrind-3.13.0 and LibVEX; rerun with -h for copyright info
==1986== Command: /home/codio/workspace/hw3/hw3_tests/llrec_tests/llrec_tests --gtest_filter=Filter.Size2_F_nF
==1986== 
Running main() from /home/codio/googletest/googletest/src/gtest_main.cc
Note: Google Test filter = Filter.Size2_F_nF
[==========] Running 1 test from 1 test suite.
[----------] Global test environment set-up.
[----------] 1 test from Filter
[ RUN      ] Filter.Size2_F_nF
[       OK ] Filter.Size2_F_nF (44 ms)
[----------] 1 test from Filter (58 ms total)

[----------] Global test environment tear-down
[==========] 1 test from 1 test suite ran. (124 ms total)
[  PASSED  ] 1 test.
==1986== 
==1986== HEAP SUMMARY:
==1986==     in use at exit: 0 bytes in 0 blocks
==1986==   total heap usage: 415 allocs, 415 frees, 133,316 bytes allocated
==1986== 
==1986== All heap blocks were freed -- no leaks are possible
==1986== 
==1986== For counts of detected and suppressed errors, rerun with: -v
==1986== ERROR SUMMARY: 0 errors from 0 contexts (suppressed: 0 from 0)
<end of output>
Test time =   1.66 sec
----------------------------------------------------------
Test Passed.
"Filter.Size2_F_nF" end time: Oct 25 07:17 UTC
"Filter.Size2_F_nF" time elapsed: 00:00:01
----------------------------------------------------------

18/23 Testing: Filter.Size2_nF_F
18/23 Test: Filter.Size2_nF_F
Command: "/usr/bin/valgrind" "--tool=memcheck" "--leak-check=yes" "--trace-children=no" "--error-exitcode=113" "/home/codio/workspace/hw3/hw3_tests/llrec_tests/llrec_tests" "--gtest_filter=Filter.Size2_nF_F"
Directory: /home/codio/workspace/hw3/hw3_tests/llrec_tests
"Filter.Size2_nF_F" start time: Oct 25 07:17 UTC
Output:
----------------------------------------------------------
==1987== Memcheck, a memory error detector
==1987== Copyright (C) 2002-2017, and GNU GPL'd, by Julian Seward et al.
==1987== Using Valgrind-3.13.0 and LibVEX; rerun with -h for copyright info
==1987== Command: /home/codio/workspace/hw3/hw3_tests/llrec_tests/llrec_tests --gtest_filter=Filter.Size2_nF_F
==1987== 
Running main() from /home/codio/googletest/googletest/src/gtest_main.cc
Note: Google Test filter = Filter.Size2_nF_F
[==========] Running 1 test from 1 test suite.
[----------] Global test environment set-up.
[----------] 1 test from Filter
[ RUN      ] Filter.Size2_nF_F
[       OK ] Filter.Size2_nF_F (31 ms)
[----------] 1 test from Filter (41 ms total)

[----------] Global test environment tear-down
[==========] 1 test from 1 test suite ran. (95 ms total)
[  PASSED  ] 1 test.
==1987== 
==1987== HEAP SUMMARY:
==1987==     in use at exit: 0 bytes in 0 blocks
==1987==   total heap usage: 414 allocs, 414 frees, 133,308 bytes allocated
==1987== 
==1987== All heap blocks were freed -- no leaks are possible
==1987== 
==1987== For counts of detected and suppressed errors, rerun with: -v
==1987== ERROR SUMMARY: 0 errors from 0 contexts (suppressed: 0 from 0)
<end of output>
Test time =   1.67 sec
----------------------------------------------------------
Test Passed.
"Filter.Size2_nF_F" end time: Oct 25 07:17 UTC
"Filter.Size2_nF_F" time elapsed: 00:00:01
----------------------------------------------------------

19/23 Testing: Filter.Size3_nF_F_nF
19/23 Test: Filter.Size3_nF_F_nF
Command: "/usr/bin/valgrind" "--tool=memcheck" "--leak-check=yes" "--trace-children=no" "--error-exitcode=113" "/home/codio/workspace/hw3/hw3_tests/llrec_tests/llrec_tests" "--gtest_filter=Filter.Size3_nF_F_nF"
Directory: /home/codio/workspace/hw3/hw3_tests/llrec_tests
"Filter.Size3_nF_F_nF" start time: Oct 25 07:17 UTC
Output:
----------------------------------------------------------
==1988== Memcheck, a memory error detector
==1988== Copyright (C) 2002-2017, and GNU GPL'd, by Julian Seward et al.
==1988== Using Valgrind-3.13.0 and LibVEX; rerun with -h for copyright info
==1988== Command: /home/codio/workspace/hw3/hw3_tests/llrec_tests/llrec_tests --gtest_filter=Filter.Size3_nF_F_nF
==1988== 
Running main() from /home/codio/googletest/googletest/src/gtest_main.cc
Note: Google Test filter = Filter.Size3_nF_F_nF
[==========] Running 1 test from 1 test suite.
[----------] Global test environment set-up.
[----------] 1 test from Filter
[ RUN      ] Filter.Size3_nF_F_nF
[       OK ] Filter.Size3_nF_F_nF (31 ms)
[----------] 1 test from Filter (41 ms total)

[----------] Global test environment tear-down
[==========] 1 test from 1 test suite ran. (97 ms total)
[  PASSED  ] 1 test.
==1988== 
==1988== HEAP SUMMARY:
==1988==     in use at exit: 0 bytes in 0 blocks
==1988==   total heap usage: 415 allocs, 415 frees, 133,362 bytes allocated
==1988== 
==1988== All heap blocks were freed -- no leaks are possible
==1988== 
==1988== For counts of detected and suppressed errors, rerun with: -v
==1988== ERROR SUMMARY: 0 errors from 0 contexts (suppressed: 0 from 0)
<end of output>
Test time =   1.63 sec
----------------------------------------------------------
Test Passed.
"Filter.Size3_nF_F_nF" end time: Oct 25 07:17 UTC
"Filter.Size3_nF_F_nF" time elapsed: 00:00:01
----------------------------------------------------------

20/23 Testing: Filter.Size3_F_nF_F
20/23 Test: Filter.Size3_F_nF_F
Command: "/usr/bin/valgrind" "--tool=memcheck" "--leak-check=yes" "--trace-children=no" "--error-exitcode=113" "/home/codio/workspace/hw3/hw3_tests/llrec_tests/llrec_tests" "--gtest_filter=Filter.Size3_F_nF_F"
Directory: /home/codio/workspace/hw3/hw3_tests/llrec_tests
"Filter.Size3_F_nF_F" start time: Oct 25 07:17 UTC
Output:
----------------------------------------------------------
==1989== Memcheck, a memory error detector
==1989== Copyright (C) 2002-2017, and GNU GPL'd, by Julian Seward et al.
==1989== Using Valgrind-3.13.0 and LibVEX; rerun with -h for copyright info
==1989== Command: /home/codio/workspace/hw3/hw3_tests/llrec_tests/llrec_tests --gtest_filter=Filter.Size3_F_nF_F
==1989== 
Running main() from /home/codio/googletest/googletest/src/gtest_main.cc
Note: Google Test filter = Filter.Size3_F_nF_F
[==========] Running 1 test from 1 test suite.
[----------] Global test environment set-up.
[----------] 1 test from Filter
[ RUN      ] Filter.Size3_F_nF_F
[       OK ] Filter.Size3_F_nF_F (31 ms)
[----------] 1 test from Filter (41 ms total)

[----------] Global test environment tear-down
[==========] 1 test from 1 test suite ran. (94 ms total)
[  PASSED  ] 1 test.
==1989== 
==1989== HEAP SUMMARY:
==1989==     in use at exit: 0 bytes in 0 blocks
==1989==   total heap usage: 415 allocs, 415 frees, 133,348 bytes allocated
==1989== 
==1989== All heap blocks were freed -- no leaks are possible
==1989== 
==1989== For counts of detected and suppressed errors, rerun with: -v
==1989== ERROR SUMMARY: 0 errors from 0 contexts (suppressed: 0 from 0)
<end of output>
Test time =   1.58 sec
----------------------------------------------------------
Test Passed.
"Filter.Size3_F_nF_F" end time: Oct 25 07:17 UTC
"Filter.Size3_F_nF_F" time elapsed: 00:00:01
----------------------------------------------------------

21/23 Testing: Filter.SameNodeCheck
21/23 Test: Filter.SameNodeCheck
Command: "/usr/bin/valgrind" "--tool=memcheck" "--leak-check=yes" "--trace-children=no" "--error-exitcode=113" "/home/codio/workspace/hw3/hw3_tests/llrec_tests/llrec_tests" "--gtest_filter=Filter.SameNodeCheck"
Directory: /home/codio/workspace/hw3/hw3_tests/llrec_tests
"Filter.SameNodeCheck" start time: Oct 25 07:17 UTC
Output:
----------------------------------------------------------
==1990== Memcheck, a memory error detector
==1990== Copyright (C) 2002-2017, and GNU GPL'd, by Julian Seward et al.
==1990== Using Valgrind-3.13.0 and LibVEX; rerun with -h for copyright info
==1990== Command: /home/codio/workspace/hw3/hw3_tests/llrec_tests/llrec_tests --gtest_filter=Filter.SameNodeCheck
==1990== 
Running main() from /home/codio/googletest/googletest/src/gtest_main.cc
Note: Google Test filter = Filter.SameNodeCheck
[==========] Running 1 test from 1 test suite.
[----------] Global test environment set-up.
[----------] 1 test from Filter
[ RUN      ] Filter.SameNodeCheck
[       OK ] Filter.SameNodeCheck (47 ms)
[----------] 1 test from Filter (57 ms total)

[----------] Global test environment tear-down
[==========] 1 test from 1 test suite ran. (110 ms total)
[  PASSED  ] 1 test.
==1990== 
==1990== HEAP SUMMARY:
==1990==     in use at exit: 0 bytes in 0 blocks
==1990==   total heap usage: 420 allocs, 420 frees, 133,458 bytes allocated
==1990== 
==1990== All heap blocks were freed -- no leaks are possible
==1990== 
==1990== For counts of detected and suppressed errors, rerun with: -v
==1990== ERROR SUMMARY: 0 errors from 0 contexts (suppressed: 0 from 0)
<end of output>
Test time =   1.63 sec
----------------------------------------------------------
Test Passed.
"Filter.SameNodeCheck" end time: Oct 25 07:17 UTC
"Filter.SameNodeCheck" time elapsed: 00:00:01
----------------------------------------------------------

22/23 Testing: Filter.MultipleCalls
22/23 Test: Filter.MultipleCalls
Command: "/usr/bin/valgrind" "--tool=memcheck" "--leak-check=yes" "--trace-children=no" "--error-exitcode=113" "/home/codio/workspace/hw3/hw3_tests/llrec_tests/llrec_tests" "--gtest_filter=Filter.MultipleCalls"
Directory: /home/codio/workspace/hw3/hw3_tests/llrec_tests
"Filter.MultipleCalls" start time: Oct 25 07:17 UTC
Output:
----------------------------------------------------------
==1991== Memcheck, a memory error detector
==1991== Copyright (C) 2002-2017, and GNU GPL'd, by Julian Seward et al.
==1991== Using Valgrind-3.13.0 and LibVEX; rerun with -h for copyright info
==1991== Command: /home/codio/workspace/hw3/hw3_tests/llrec_tests/llrec_tests --gtest_filter=Filter.MultipleCalls
==1991== 
Running main() from /home/codio/googletest/googletest/src/gtest_main.cc
Note: Google Test filter = Filter.MultipleCalls
[==========] Running 1 test from 1 test suite.
[----------] Global test environment set-up.
[----------] 1 test from Filter
[ RUN      ] Filter.MultipleCalls
[       OK ] Filter.MultipleCalls (33 ms)
[----------] 1 test from Filter (43 ms total)

[----------] Global test environment tear-down
[==========] 1 test from 1 test suite ran. (96 ms total)
[  PASSED  ] 1 test.
==1991== 
==1991== HEAP SUMMARY:
==1991==     in use at exit: 0 bytes in 0 blocks
==1991==   total heap usage: 420 allocs, 420 frees, 133,458 bytes allocated
==1991== 
==1991== All heap blocks were freed -- no leaks are possible
==1991== 
==1991== For counts of detected and suppressed errors, rerun with: -v
==1991== ERROR SUMMARY: 0 errors from 0 contexts (suppressed: 0 from 0)
<end of output>
Test time =   1.67 sec
----------------------------------------------------------
Test Passed.
"Filter.MultipleCalls" end time: Oct 25 07:17 UTC
"Filter.MultipleCalls" time elapsed: 00:00:01
----------------------------------------------------------

23/23 Testing: Filter.CompareWithLlrec
23/23 Test: Filter.CompareWithLlrec
Command: "/usr/bin/valgrind" "--tool=memcheck" "--leak-check=yes" "--trace-children=no" "--error-exitcode=113" "/home/codio/workspace/hw3/hw3_tests/llrec_tests/llrec_tests" "--gtest_filter=Filter.CompareWithLlrec"
Directory: /home/codio/workspace/hw3/hw3_tests/llrec_tests
"Filter.CompareWithLlrec" start time: Oct 25 07:17 UTC
Output:
----------------------------------------------------------
==1992== Memcheck, a memory error detector
==1992== Copyright (C) 2002-2017, and GNU GPL'd, by Julian Seward et al.
==1992== Using Valgrind-3.13.0 and LibVEX; rerun with -h for copyright info
==1992== Command: /home/codio/workspace/hw3/hw3_tests/llrec_tests/llrec_tests --gtest_filter=Filter.CompareWithLlrec
==1992== 
Running main() from /home/codio/googletest/googletest/src/gtest_main.cc
Note: Google Test filter = Filter.CompareWithLlrec
[==========] Running 1 test from 1 test suite.
[----------] Global test environment set-up.
[----------] 1 test from Filter
[ RUN      ] Filter.CompareWithLlrec
[       OK ] Filter.CompareWithLlrec (43 ms)
[----------] 1 test from Filter (52 ms total)

[----------] Global test environment tear-down
[==========] 1 test from 1 test suite ran. (106 ms total)
[  PASSED  ] 1 test.
==1992== 
==1992== HEAP SUMMARY:
==1992==     in use at exit: 0 bytes in 0 blocks
==1992==   total heap usage: 430 allocs, 430 frees, 133,612 bytes allocated
==1992== 
==1992== All heap blocks were freed -- no leaks are possible
==1992== 
==1992== For counts of detected and suppressed errors, rerun with: -v
==1992== ERROR SUMMARY: 0 errors from 0 contexts (suppressed: 0 from 0)
<end of output>
Test time =   1.59 sec
----------------------------------------------------------
Test Passed.
"Filter.CompareWithLlrec" end time: Oct 25 07:18 UTC
"Filter.CompareWithLlrec" time elapsed: 00:00:01
----------------------------------------------------------

End testing: Oct 25 07:18 UTC
