Start testing: Oct 25 07:11 UTC
----------------------------------------------------------
1/25 Testing: HeapTest.ConstructionDestruction
1/25 Test: HeapTest.ConstructionDestruction
Command: "/usr/bin/valgrind" "--tool=memcheck" "--leak-check=yes" "--trace-children=no" "--error-exitcode=113" "/home/codio/workspace/hw3/hw3_tests/heap_tests/heap_tests" "--gtest_filter=HeapTest.ConstructionDestruction"
Directory: /home/codio/workspace/hw3/hw3_tests/heap_tests
"HeapTest.ConstructionDestruction" start time: Oct 25 07:11 UTC
Output:
----------------------------------------------------------
==1705== Memcheck, a memory error detector
==1705== Copyright (C) 2002-2017, and GNU GPL'd, by Julian Seward et al.
==1705== Using Valgrind-3.13.0 and LibVEX; rerun with -h for copyright info
==1705== Command: /home/codio/workspace/hw3/hw3_tests/heap_tests/heap_tests --gtest_filter=HeapTest.ConstructionDestruction
==1705== 
Running main() from /home/codio/googletest/googletest/src/gtest_main.cc
Note: Google Test filter = HeapTest.ConstructionDestruction
[==========] Running 1 test from 1 test suite.
[----------] Global test environment set-up.
[----------] 1 test from HeapTest
[ RUN      ] HeapTest.ConstructionDestruction
[       OK ] HeapTest.ConstructionDestruction (18 ms)
[----------] 1 test from HeapTest (27 ms total)

[----------] Global test environment tear-down
[==========] 1 test from 1 test suite ran. (81 ms total)
[  PASSED  ] 1 test.
==1705== 
==1705== HEAP SUMMARY:
==1705==     in use at exit: 0 bytes in 0 blocks
==1705==   total heap usage: 468 allocs, 468 frees, 135,793 bytes allocated
==1705== 
==1705== All heap blocks were freed -- no leaks are possible
==1705== 
==1705== For counts of detected and suppressed errors, rerun with: -v
==1705== ERROR SUMMARY: 0 errors from 0 contexts (suppressed: 0 from 0)
<end of output>
Test time =   1.65 sec
----------------------------------------------------------
Test Passed.
"HeapTest.ConstructionDestruction" end time: Oct 25 07:11 UTC
"HeapTest.ConstructionDestruction" time elapsed: 00:00:01
----------------------------------------------------------

2/25 Testing: HeapTest.InitiallyEmpty
2/25 Test: HeapTest.InitiallyEmpty
Command: "/usr/bin/valgrind" "--tool=memcheck" "--leak-check=yes" "--trace-children=no" "--error-exitcode=113" "/home/codio/workspace/hw3/hw3_tests/heap_tests/heap_tests" "--gtest_filter=HeapTest.InitiallyEmpty"
Directory: /home/codio/workspace/hw3/hw3_tests/heap_tests
"HeapTest.InitiallyEmpty" start time: Oct 25 07:11 UTC
Output:
----------------------------------------------------------
==1706== Memcheck, a memory error detector
==1706== Copyright (C) 2002-2017, and GNU GPL'd, by Julian Seward et al.
==1706== Using Valgrind-3.13.0 and LibVEX; rerun with -h for copyright info
==1706== Command: /home/codio/workspace/hw3/hw3_tests/heap_tests/heap_tests --gtest_filter=HeapTest.InitiallyEmpty
==1706== 
Running main() from /home/codio/googletest/googletest/src/gtest_main.cc
Note: Google Test filter = HeapTest.InitiallyEmpty
[==========] Running 1 test from 1 test suite.
[----------] Global test environment set-up.
[----------] 1 test from HeapTest
[ RUN      ] HeapTest.InitiallyEmpty
[       OK ] HeapTest.InitiallyEmpty (20 ms)
[----------] 1 test from HeapTest (30 ms total)

[----------] Global test environment tear-down
[==========] 1 test from 1 test suite ran. (84 ms total)
[  PASSED  ] 1 test.
==1706== 
==1706== HEAP SUMMARY:
==1706==     in use at exit: 0 bytes in 0 blocks
==1706==   total heap usage: 468 allocs, 468 frees, 135,697 bytes allocated
==1706== 
==1706== All heap blocks were freed -- no leaks are possible
==1706== 
==1706== For counts of detected and suppressed errors, rerun with: -v
==1706== ERROR SUMMARY: 0 errors from 0 contexts (suppressed: 0 from 0)
<end of output>
Test time =   1.61 sec
----------------------------------------------------------
Test Passed.
"HeapTest.InitiallyEmpty" end time: Oct 25 07:11 UTC
"HeapTest.InitiallyEmpty" time elapsed: 00:00:01
----------------------------------------------------------

3/25 Testing: HeapTest.EmptyTopException
3/25 Test: HeapTest.EmptyTopException
Command: "/usr/bin/valgrind" "--tool=memcheck" "--leak-check=yes" "--trace-children=no" "--error-exitcode=113" "/home/codio/workspace/hw3/hw3_tests/heap_tests/heap_tests" "--gtest_filter=HeapTest.EmptyTopException"
Directory: /home/codio/workspace/hw3/hw3_tests/heap_tests
"HeapTest.EmptyTopException" start time: Oct 25 07:11 UTC
Output:
----------------------------------------------------------
==1707== Memcheck, a memory error detector
==1707== Copyright (C) 2002-2017, and GNU GPL'd, by Julian Seward et al.
==1707== Using Valgrind-3.13.0 and LibVEX; rerun with -h for copyright info
==1707== Command: /home/codio/workspace/hw3/hw3_tests/heap_tests/heap_tests --gtest_filter=HeapTest.EmptyTopException
==1707== 
Running main() from /home/codio/googletest/googletest/src/gtest_main.cc
Note: Google Test filter = HeapTest.EmptyTopException
[==========] Running 1 test from 1 test suite.
[----------] Global test environment set-up.
[----------] 1 test from HeapTest
[ RUN      ] HeapTest.EmptyTopException
[       OK ] HeapTest.EmptyTopException (63 ms)
[----------] 1 test from HeapTest (73 ms total)

[----------] Global test environment tear-down
[==========] 1 test from 1 test suite ran. (131 ms total)
[  PASSED  ] 1 test.
==1707== 
==1707== HEAP SUMMARY:
==1707==     in use at exit: 0 bytes in 0 blocks
==1707==   total heap usage: 470 allocs, 470 frees, 135,905 bytes allocated
==1707== 
==1707== All heap blocks were freed -- no leaks are possible
==1707== 
==1707== For counts of detected and suppressed errors, rerun with: -v
==1707== ERROR SUMMARY: 0 errors from 0 contexts (suppressed: 0 from 0)
<end of output>
Test time =   1.70 sec
----------------------------------------------------------
Test Passed.
"HeapTest.EmptyTopException" end time: Oct 25 07:11 UTC
"HeapTest.EmptyTopException" time elapsed: 00:00:01
----------------------------------------------------------

4/25 Testing: HeapTest.EmptyPopException
4/25 Test: HeapTest.EmptyPopException
Command: "/usr/bin/valgrind" "--tool=memcheck" "--leak-check=yes" "--trace-children=no" "--error-exitcode=113" "/home/codio/workspace/hw3/hw3_tests/heap_tests/heap_tests" "--gtest_filter=HeapTest.EmptyPopException"
Directory: /home/codio/workspace/hw3/hw3_tests/heap_tests
"HeapTest.EmptyPopException" start time: Oct 25 07:11 UTC
Output:
----------------------------------------------------------
==1708== Memcheck, a memory error detector
==1708== Copyright (C) 2002-2017, and GNU GPL'd, by Julian Seward et al.
==1708== Using Valgrind-3.13.0 and LibVEX; rerun with -h for copyright info
==1708== Command: /home/codio/workspace/hw3/hw3_tests/heap_tests/heap_tests --gtest_filter=HeapTest.EmptyPopException
==1708== 
Running main() from /home/codio/googletest/googletest/src/gtest_main.cc
Note: Google Test filter = HeapTest.EmptyPopException
[==========] Running 1 test from 1 test suite.
[----------] Global test environment set-up.
[----------] 1 test from HeapTest
[ RUN      ] HeapTest.EmptyPopException
[       OK ] HeapTest.EmptyPopException (61 ms)
[----------] 1 test from HeapTest (71 ms total)

[----------] Global test environment tear-down
[==========] 1 test from 1 test suite ran. (125 ms total)
[  PASSED  ] 1 test.
==1708== 
==1708== HEAP SUMMARY:
==1708==     in use at exit: 0 bytes in 0 blocks
==1708==   total heap usage: 470 allocs, 470 frees, 135,905 bytes allocated
==1708== 
==1708== All heap blocks were freed -- no leaks are possible
==1708== 
==1708== For counts of detected and suppressed errors, rerun with: -v
==1708== ERROR SUMMARY: 0 errors from 0 contexts (suppressed: 0 from 0)
<end of output>
Test time =   1.64 sec
----------------------------------------------------------
Test Passed.
"HeapTest.EmptyPopException" end time: Oct 25 07:11 UTC
"HeapTest.EmptyPopException" time elapsed: 00:00:01
----------------------------------------------------------

5/25 Testing: HeapTest.SingleItemNonempty
5/25 Test: HeapTest.SingleItemNonempty
Command: "/usr/bin/valgrind" "--tool=memcheck" "--leak-check=yes" "--trace-children=no" "--error-exitcode=113" "/home/codio/workspace/hw3/hw3_tests/heap_tests/heap_tests" "--gtest_filter=HeapTest.SingleItemNonempty"
Directory: /home/codio/workspace/hw3/hw3_tests/heap_tests
"HeapTest.SingleItemNonempty" start time: Oct 25 07:11 UTC
Output:
----------------------------------------------------------
==1709== Memcheck, a memory error detector
==1709== Copyright (C) 2002-2017, and GNU GPL'd, by Julian Seward et al.
==1709== Using Valgrind-3.13.0 and LibVEX; rerun with -h for copyright info
==1709== Command: /home/codio/workspace/hw3/hw3_tests/heap_tests/heap_tests --gtest_filter=HeapTest.SingleItemNonempty
==1709== 
Running main() from /home/codio/googletest/googletest/src/gtest_main.cc
Note: Google Test filter = HeapTest.SingleItemNonempty
[==========] Running 1 test from 1 test suite.
[----------] Global test environment set-up.
[----------] 1 test from HeapTest
[ RUN      ] HeapTest.SingleItemNonempty
[       OK ] HeapTest.SingleItemNonempty (33 ms)
[----------] 1 test from HeapTest (48 ms total)

[----------] Global test environment tear-down
[==========] 1 test from 1 test suite ran. (124 ms total)
[  PASSED  ] 1 test.
==1709== 
==1709== HEAP SUMMARY:
==1709==     in use at exit: 0 bytes in 0 blocks
==1709==   total heap usage: 469 allocs, 469 frees, 135,741 bytes allocated
==1709== 
==1709== All heap blocks were freed -- no leaks are possible
==1709== 
==1709== For counts of detected and suppressed errors, rerun with: -v
==1709== ERROR SUMMARY: 0 errors from 0 contexts (suppressed: 0 from 0)
<end of output>
Test time =   1.69 sec
----------------------------------------------------------
Test Passed.
"HeapTest.SingleItemNonempty" end time: Oct 25 07:11 UTC
"HeapTest.SingleItemNonempty" time elapsed: 00:00:01
----------------------------------------------------------

6/25 Testing: HeapTest.SingleItemPush
6/25 Test: HeapTest.SingleItemPush
Command: "/usr/bin/valgrind" "--tool=memcheck" "--leak-check=yes" "--trace-children=no" "--error-exitcode=113" "/home/codio/workspace/hw3/hw3_tests/heap_tests/heap_tests" "--gtest_filter=HeapTest.SingleItemPush"
Directory: /home/codio/workspace/hw3/hw3_tests/heap_tests
"HeapTest.SingleItemPush" start time: Oct 25 07:11 UTC
Output:
----------------------------------------------------------
==1710== Memcheck, a memory error detector
==1710== Copyright (C) 2002-2017, and GNU GPL'd, by Julian Seward et al.
==1710== Using Valgrind-3.13.0 and LibVEX; rerun with -h for copyright info
==1710== Command: /home/codio/workspace/hw3/hw3_tests/heap_tests/heap_tests --gtest_filter=HeapTest.SingleItemPush
==1710== 
Running main() from /home/codio/googletest/googletest/src/gtest_main.cc
Note: Google Test filter = HeapTest.SingleItemPush
[==========] Running 1 test from 1 test suite.
[----------] Global test environment set-up.
[----------] 1 test from HeapTest
[ RUN      ] HeapTest.SingleItemPush
[       OK ] HeapTest.SingleItemPush (27 ms)
[----------] 1 test from HeapTest (37 ms total)

[----------] Global test environment tear-down
[==========] 1 test from 1 test suite ran. (92 ms total)
[  PASSED  ] 1 test.
==1710== 
==1710== HEAP SUMMARY:
==1710==     in use at exit: 0 bytes in 0 blocks
==1710==   total heap usage: 469 allocs, 469 frees, 135,701 bytes allocated
==1710== 
==1710== All heap blocks were freed -- no leaks are possible
==1710== 
==1710== For counts of detected and suppressed errors, rerun with: -v
==1710== ERROR SUMMARY: 0 errors from 0 contexts (suppressed: 0 from 0)
<end of output>
Test time =   1.64 sec
----------------------------------------------------------
Test Passed.
"HeapTest.SingleItemPush" end time: Oct 25 07:11 UTC
"HeapTest.SingleItemPush" time elapsed: 00:00:01
----------------------------------------------------------

7/25 Testing: HeapTest.SingleItemPushPop
7/25 Test: HeapTest.SingleItemPushPop
Command: "/usr/bin/valgrind" "--tool=memcheck" "--leak-check=yes" "--trace-children=no" "--error-exitcode=113" "/home/codio/workspace/hw3/hw3_tests/heap_tests/heap_tests" "--gtest_filter=HeapTest.SingleItemPushPop"
Directory: /home/codio/workspace/hw3/hw3_tests/heap_tests
"HeapTest.SingleItemPushPop" start time: Oct 25 07:11 UTC
Output:
----------------------------------------------------------
==1711== Memcheck, a memory error detector
==1711== Copyright (C) 2002-2017, and GNU GPL'd, by Julian Seward et al.
==1711== Using Valgrind-3.13.0 and LibVEX; rerun with -h for copyright info
==1711== Command: /home/codio/workspace/hw3/hw3_tests/heap_tests/heap_tests --gtest_filter=HeapTest.SingleItemPushPop
==1711== 
Running main() from /home/codio/googletest/googletest/src/gtest_main.cc
Note: Google Test filter = HeapTest.SingleItemPushPop
[==========] Running 1 test from 1 test suite.
[----------] Global test environment set-up.
[----------] 1 test from HeapTest
[ RUN      ] HeapTest.SingleItemPushPop
[       OK ] HeapTest.SingleItemPushPop (29 ms)
[----------] 1 test from HeapTest (39 ms total)

[----------] Global test environment tear-down
[==========] 1 test from 1 test suite ran. (93 ms total)
[  PASSED  ] 1 test.
==1711== 
==1711== HEAP SUMMARY:
==1711==     in use at exit: 0 bytes in 0 blocks
==1711==   total heap usage: 469 allocs, 469 frees, 135,731 bytes allocated
==1711== 
==1711== All heap blocks were freed -- no leaks are possible
==1711== 
==1711== For counts of detected and suppressed errors, rerun with: -v
==1711== ERROR SUMMARY: 0 errors from 0 contexts (suppressed: 0 from 0)
<end of output>
Test time =   1.60 sec
----------------------------------------------------------
Test Passed.
"HeapTest.SingleItemPushPop" end time: Oct 25 07:11 UTC
"HeapTest.SingleItemPushPop" time elapsed: 00:00:01
----------------------------------------------------------

8/25 Testing: HeapTest.TwoElementPush_LowPriFirst
8/25 Test: HeapTest.TwoElementPush_LowPriFirst
Command: "/usr/bin/valgrind" "--tool=memcheck" "--leak-check=yes" "--trace-children=no" "--error-exitcode=113" "/home/codio/workspace/hw3/hw3_tests/heap_tests/heap_tests" "--gtest_filter=HeapTest.TwoElementPush_LowPriFirst"
Directory: /home/codio/workspace/hw3/hw3_tests/heap_tests
"HeapTest.TwoElementPush_LowPriFirst" start time: Oct 25 07:11 UTC
Output:
----------------------------------------------------------
==1712== Memcheck, a memory error detector
==1712== Copyright (C) 2002-2017, and GNU GPL'd, by Julian Seward et al.
==1712== Using Valgrind-3.13.0 and LibVEX; rerun with -h for copyright info
==1712== Command: /home/codio/workspace/hw3/hw3_tests/heap_tests/heap_tests --gtest_filter=HeapTest.TwoElementPush_LowPriFirst
==1712== 
Running main() from /home/codio/googletest/googletest/src/gtest_main.cc
Note: Google Test filter = HeapTest.TwoElementPush_LowPriFirst
[==========] Running 1 test from 1 test suite.
[----------] Global test environment set-up.
[----------] 1 test from HeapTest
[ RUN      ] HeapTest.TwoElementPush_LowPriFirst
[       OK ] HeapTest.TwoElementPush_LowPriFirst (32 ms)
[----------] 1 test from HeapTest (42 ms total)

[----------] Global test environment tear-down
[==========] 1 test from 1 test suite ran. (96 ms total)
[  PASSED  ] 1 test.
==1712== 
==1712== HEAP SUMMARY:
==1712==     in use at exit: 0 bytes in 0 blocks
==1712==   total heap usage: 470 allocs, 470 frees, 135,844 bytes allocated
==1712== 
==1712== All heap blocks were freed -- no leaks are possible
==1712== 
==1712== For counts of detected and suppressed errors, rerun with: -v
==1712== ERROR SUMMARY: 0 errors from 0 contexts (suppressed: 0 from 0)
<end of output>
Test time =   1.62 sec
----------------------------------------------------------
Test Passed.
"HeapTest.TwoElementPush_LowPriFirst" end time: Oct 25 07:11 UTC
"HeapTest.TwoElementPush_LowPriFirst" time elapsed: 00:00:01
----------------------------------------------------------

9/25 Testing: HeapTest.TwoElementPush_HighPriFirst
9/25 Test: HeapTest.TwoElementPush_HighPriFirst
Command: "/usr/bin/valgrind" "--tool=memcheck" "--leak-check=yes" "--trace-children=no" "--error-exitcode=113" "/home/codio/workspace/hw3/hw3_tests/heap_tests/heap_tests" "--gtest_filter=HeapTest.TwoElementPush_HighPriFirst"
Directory: /home/codio/workspace/hw3/hw3_tests/heap_tests
"HeapTest.TwoElementPush_HighPriFirst" start time: Oct 25 07:11 UTC
Output:
----------------------------------------------------------
==1713== Memcheck, a memory error detector
==1713== Copyright (C) 2002-2017, and GNU GPL'd, by Julian Seward et al.
==1713== Using Valgrind-3.13.0 and LibVEX; rerun with -h for copyright info
==1713== Command: /home/codio/workspace/hw3/hw3_tests/heap_tests/heap_tests --gtest_filter=HeapTest.TwoElementPush_HighPriFirst
==1713== 
Running main() from /home/codio/googletest/googletest/src/gtest_main.cc
Note: Google Test filter = HeapTest.TwoElementPush_HighPriFirst
[==========] Running 1 test from 1 test suite.
[----------] Global test environment set-up.
[----------] 1 test from HeapTest
[ RUN      ] HeapTest.TwoElementPush_HighPriFirst
[       OK ] HeapTest.TwoElementPush_HighPriFirst (34 ms)
[----------] 1 test from HeapTest (44 ms total)

[----------] Global test environment tear-down
[==========] 1 test from 1 test suite ran. (100 ms total)
[  PASSED  ] 1 test.
==1713== 
==1713== HEAP SUMMARY:
==1713==     in use at exit: 0 bytes in 0 blocks
==1713==   total heap usage: 470 allocs, 470 frees, 135,857 bytes allocated
==1713== 
==1713== All heap blocks were freed -- no leaks are possible
==1713== 
==1713== For counts of detected and suppressed errors, rerun with: -v
==1713== ERROR SUMMARY: 0 errors from 0 contexts (suppressed: 0 from 0)
<end of output>
Test time =   1.62 sec
----------------------------------------------------------
Test Passed.
"HeapTest.TwoElementPush_HighPriFirst" end time: Oct 25 07:11 UTC
"HeapTest.TwoElementPush_HighPriFirst" time elapsed: 00:00:01
----------------------------------------------------------

10/25 Testing: HeapTest.Duplicates
10/25 Test: HeapTest.Duplicates
Command: "/usr/bin/valgrind" "--tool=memcheck" "--leak-check=yes" "--trace-children=no" "--error-exitcode=113" "/home/codio/workspace/hw3/hw3_tests/heap_tests/heap_tests" "--gtest_filter=HeapTest.Duplicates"
Directory: /home/codio/workspace/hw3/hw3_tests/heap_tests
"HeapTest.Duplicates" start time: Oct 25 07:11 UTC
Output:
----------------------------------------------------------
==1714== Memcheck, a memory error detector
==1714== Copyright (C) 2002-2017, and GNU GPL'd, by Julian Seward et al.
==1714== Using Valgrind-3.13.0 and LibVEX; rerun with -h for copyright info
==1714== Command: /home/codio/workspace/hw3/hw3_tests/heap_tests/heap_tests --gtest_filter=HeapTest.Duplicates
==1714== 
Running main() from /home/codio/googletest/googletest/src/gtest_main.cc
Note: Google Test filter = HeapTest.Duplicates
[==========] Running 1 test from 1 test suite.
[----------] Global test environment set-up.
[----------] 1 test from HeapTest
[ RUN      ] HeapTest.Duplicates
[       OK ] HeapTest.Duplicates (34 ms)
[----------] 1 test from HeapTest (44 ms total)

[----------] Global test environment tear-down
[==========] 1 test from 1 test suite ran. (98 ms total)
[  PASSED  ] 1 test.
==1714== 
==1714== HEAP SUMMARY:
==1714==     in use at exit: 0 bytes in 0 blocks
==1714==   total heap usage: 471 allocs, 471 frees, 135,685 bytes allocated
==1714== 
==1714== All heap blocks were freed -- no leaks are possible
==1714== 
==1714== For counts of detected and suppressed errors, rerun with: -v
==1714== ERROR SUMMARY: 0 errors from 0 contexts (suppressed: 0 from 0)
<end of output>
Test time =   1.63 sec
----------------------------------------------------------
Test Passed.
"HeapTest.Duplicates" end time: Oct 25 07:11 UTC
"HeapTest.Duplicates" time elapsed: 00:00:01
----------------------------------------------------------

11/25 Testing: HeapTest.NegativeElements
11/25 Test: HeapTest.NegativeElements
Command: "/usr/bin/valgrind" "--tool=memcheck" "--leak-check=yes" "--trace-children=no" "--error-exitcode=113" "/home/codio/workspace/hw3/hw3_tests/heap_tests/heap_tests" "--gtest_filter=HeapTest.NegativeElements"
Directory: /home/codio/workspace/hw3/hw3_tests/heap_tests
"HeapTest.NegativeElements" start time: Oct 25 07:11 UTC
Output:
----------------------------------------------------------
==1715== Memcheck, a memory error detector
==1715== Copyright (C) 2002-2017, and GNU GPL'd, by Julian Seward et al.
==1715== Using Valgrind-3.13.0 and LibVEX; rerun with -h for copyright info
==1715== Command: /home/codio/workspace/hw3/hw3_tests/heap_tests/heap_tests --gtest_filter=HeapTest.NegativeElements
==1715== 
Running main() from /home/codio/googletest/googletest/src/gtest_main.cc
Note: Google Test filter = HeapTest.NegativeElements
[==========] Running 1 test from 1 test suite.
[----------] Global test environment set-up.
[----------] 1 test from HeapTest
[ RUN      ] HeapTest.NegativeElements
[       OK ] HeapTest.NegativeElements (29 ms)
[----------] 1 test from HeapTest (39 ms total)

[----------] Global test environment tear-down
[==========] 1 test from 1 test suite ran. (93 ms total)
[  PASSED  ] 1 test.
==1715== 
==1715== HEAP SUMMARY:
==1715==     in use at exit: 0 bytes in 0 blocks
==1715==   total heap usage: 470 allocs, 470 frees, 135,729 bytes allocated
==1715== 
==1715== All heap blocks were freed -- no leaks are possible
==1715== 
==1715== For counts of detected and suppressed errors, rerun with: -v
==1715== ERROR SUMMARY: 0 errors from 0 contexts (suppressed: 0 from 0)
<end of output>
Test time =   1.59 sec
----------------------------------------------------------
Test Passed.
"HeapTest.NegativeElements" end time: Oct 25 07:11 UTC
"HeapTest.NegativeElements" time elapsed: 00:00:01
----------------------------------------------------------

12/25 Testing: HeapTest.ThreeElementPush_0_5_10
12/25 Test: HeapTest.ThreeElementPush_0_5_10
Command: "/usr/bin/valgrind" "--tool=memcheck" "--leak-check=yes" "--trace-children=no" "--error-exitcode=113" "/home/codio/workspace/hw3/hw3_tests/heap_tests/heap_tests" "--gtest_filter=HeapTest.ThreeElementPush_0_5_10"
Directory: /home/codio/workspace/hw3/hw3_tests/heap_tests
"HeapTest.ThreeElementPush_0_5_10" start time: Oct 25 07:11 UTC
Output:
----------------------------------------------------------
==1716== Memcheck, a memory error detector
==1716== Copyright (C) 2002-2017, and GNU GPL'd, by Julian Seward et al.
==1716== Using Valgrind-3.13.0 and LibVEX; rerun with -h for copyright info
==1716== Command: /home/codio/workspace/hw3/hw3_tests/heap_tests/heap_tests --gtest_filter=HeapTest.ThreeElementPush_0_5_10
==1716== 
Running main() from /home/codio/googletest/googletest/src/gtest_main.cc
Note: Google Test filter = HeapTest.ThreeElementPush_0_5_10
[==========] Running 1 test from 1 test suite.
[----------] Global test environment set-up.
[----------] 1 test from HeapTest
[ RUN      ] HeapTest.ThreeElementPush_0_5_10
[       OK ] HeapTest.ThreeElementPush_0_5_10 (36 ms)
[----------] 1 test from HeapTest (46 ms total)

[----------] Global test environment tear-down
[==========] 1 test from 1 test suite ran. (102 ms total)
[  PASSED  ] 1 test.
==1716== 
==1716== HEAP SUMMARY:
==1716==     in use at exit: 0 bytes in 0 blocks
==1716==   total heap usage: 471 allocs, 471 frees, 135,821 bytes allocated
==1716== 
==1716== All heap blocks were freed -- no leaks are possible
==1716== 
==1716== For counts of detected and suppressed errors, rerun with: -v
==1716== ERROR SUMMARY: 0 errors from 0 contexts (suppressed: 0 from 0)
<end of output>
Test time =   1.68 sec
----------------------------------------------------------
Test Passed.
"HeapTest.ThreeElementPush_0_5_10" end time: Oct 25 07:11 UTC
"HeapTest.ThreeElementPush_0_5_10" time elapsed: 00:00:01
----------------------------------------------------------

13/25 Testing: HeapTest.ThreeElementPush_0_10_5
13/25 Test: HeapTest.ThreeElementPush_0_10_5
Command: "/usr/bin/valgrind" "--tool=memcheck" "--leak-check=yes" "--trace-children=no" "--error-exitcode=113" "/home/codio/workspace/hw3/hw3_tests/heap_tests/heap_tests" "--gtest_filter=HeapTest.ThreeElementPush_0_10_5"
Directory: /home/codio/workspace/hw3/hw3_tests/heap_tests
"HeapTest.ThreeElementPush_0_10_5" start time: Oct 25 07:11 UTC
Output:
----------------------------------------------------------
==1717== Memcheck, a memory error detector
==1717== Copyright (C) 2002-2017, and GNU GPL'd, by Julian Seward et al.
==1717== Using Valgrind-3.13.0 and LibVEX; rerun with -h for copyright info
==1717== Command: /home/codio/workspace/hw3/hw3_tests/heap_tests/heap_tests --gtest_filter=HeapTest.ThreeElementPush_0_10_5
==1717== 
Running main() from /home/codio/googletest/googletest/src/gtest_main.cc
Note: Google Test filter = HeapTest.ThreeElementPush_0_10_5
[==========] Running 1 test from 1 test suite.
[----------] Global test environment set-up.
[----------] 1 test from HeapTest
[ RUN      ] HeapTest.ThreeElementPush_0_10_5
[       OK ] HeapTest.ThreeElementPush_0_10_5 (35 ms)
[----------] 1 test from HeapTest (44 ms total)

[----------] Global test environment tear-down
[==========] 1 test from 1 test suite ran. (99 ms total)
[  PASSED  ] 1 test.
==1717== 
==1717== HEAP SUMMARY:
==1717==     in use at exit: 0 bytes in 0 blocks
==1717==   total heap usage: 471 allocs, 471 frees, 135,821 bytes allocated
==1717== 
==1717== All heap blocks were freed -- no leaks are possible
==1717== 
==1717== For counts of detected and suppressed errors, rerun with: -v
==1717== ERROR SUMMARY: 0 errors from 0 contexts (suppressed: 0 from 0)
<end of output>
Test time =   1.62 sec
----------------------------------------------------------
Test Passed.
"HeapTest.ThreeElementPush_0_10_5" end time: Oct 25 07:11 UTC
"HeapTest.ThreeElementPush_0_10_5" time elapsed: 00:00:01
----------------------------------------------------------

14/25 Testing: HeapTest.ThreeElementPush_5_0_10
14/25 Test: HeapTest.ThreeElementPush_5_0_10
Command: "/usr/bin/valgrind" "--tool=memcheck" "--leak-check=yes" "--trace-children=no" "--error-exitcode=113" "/home/codio/workspace/hw3/hw3_tests/heap_tests/heap_tests" "--gtest_filter=HeapTest.ThreeElementPush_5_0_10"
Directory: /home/codio/workspace/hw3/hw3_tests/heap_tests
"HeapTest.ThreeElementPush_5_0_10" start time: Oct 25 07:11 UTC
Output:
----------------------------------------------------------
==1718== Memcheck, a memory error detector
==1718== Copyright (C) 2002-2017, and GNU GPL'd, by Julian Seward et al.
==1718== Using Valgrind-3.13.0 and LibVEX; rerun with -h for copyright info
==1718== Command: /home/codio/workspace/hw3/hw3_tests/heap_tests/heap_tests --gtest_filter=HeapTest.ThreeElementPush_5_0_10
==1718== 
Running main() from /home/codio/googletest/googletest/src/gtest_main.cc
Note: Google Test filter = HeapTest.ThreeElementPush_5_0_10
[==========] Running 1 test from 1 test suite.
[----------] Global test environment set-up.
[----------] 1 test from HeapTest
[ RUN      ] HeapTest.ThreeElementPush_5_0_10
[       OK ] HeapTest.ThreeElementPush_5_0_10 (39 ms)
[----------] 1 test from HeapTest (49 ms total)

[----------] Global test environment tear-down
[==========] 1 test from 1 test suite ran. (116 ms total)
[  PASSED  ] 1 test.
==1718== 
==1718== HEAP SUMMARY:
==1718==     in use at exit: 0 bytes in 0 blocks
==1718==   total heap usage: 471 allocs, 471 frees, 135,821 bytes allocated
==1718== 
==1718== All heap blocks were freed -- no leaks are possible
==1718== 
==1718== For counts of detected and suppressed errors, rerun with: -v
==1718== ERROR SUMMARY: 0 errors from 0 contexts (suppressed: 0 from 0)
<end of output>
Test time =   1.67 sec
----------------------------------------------------------
Test Passed.
"HeapTest.ThreeElementPush_5_0_10" end time: Oct 25 07:11 UTC
"HeapTest.ThreeElementPush_5_0_10" time elapsed: 00:00:01
----------------------------------------------------------

15/25 Testing: HeapTest.ThreeElementPush_5_10_0
15/25 Test: HeapTest.ThreeElementPush_5_10_0
Command: "/usr/bin/valgrind" "--tool=memcheck" "--leak-check=yes" "--trace-children=no" "--error-exitcode=113" "/home/codio/workspace/hw3/hw3_tests/heap_tests/heap_tests" "--gtest_filter=HeapTest.ThreeElementPush_5_10_0"
Directory: /home/codio/workspace/hw3/hw3_tests/heap_tests
"HeapTest.ThreeElementPush_5_10_0" start time: Oct 25 07:11 UTC
Output:
----------------------------------------------------------
==1719== Memcheck, a memory error detector
==1719== Copyright (C) 2002-2017, and GNU GPL'd, by Julian Seward et al.
==1719== Using Valgrind-3.13.0 and LibVEX; rerun with -h for copyright info
==1719== Command: /home/codio/workspace/hw3/hw3_tests/heap_tests/heap_tests --gtest_filter=HeapTest.ThreeElementPush_5_10_0
==1719== 
Running main() from /home/codio/googletest/googletest/src/gtest_main.cc
Note: Google Test filter = HeapTest.ThreeElementPush_5_10_0
[==========] Running 1 test from 1 test suite.
[----------] Global test environment set-up.
[----------] 1 test from HeapTest
[ RUN      ] HeapTest.ThreeElementPush_5_10_0
[       OK ] HeapTest.ThreeElementPush_5_10_0 (35 ms)
[----------] 1 test from HeapTest (45 ms total)

[----------] Global test environment tear-down
[==========] 1 test from 1 test suite ran. (98 ms total)
[  PASSED  ] 1 test.
==1719== 
==1719== HEAP SUMMARY:
==1719==     in use at exit: 0 bytes in 0 blocks
==1719==   total heap usage: 471 allocs, 471 frees, 135,821 bytes allocated
==1719== 
==1719== All heap blocks were freed -- no leaks are possible
==1719== 
==1719== For counts of detected and suppressed errors, rerun with: -v
==1719== ERROR SUMMARY: 0 errors from 0 contexts (suppressed: 0 from 0)
<end of output>
Test time =   1.68 sec
----------------------------------------------------------
Test Passed.
"HeapTest.ThreeElementPush_5_10_0" end time: Oct 25 07:11 UTC
"HeapTest.ThreeElementPush_5_10_0" time elapsed: 00:00:01
----------------------------------------------------------

16/25 Testing: HeapTest.ThreeElementPush_10_0_5
16/25 Test: HeapTest.ThreeElementPush_10_0_5
Command: "/usr/bin/valgrind" "--tool=memcheck" "--leak-check=yes" "--trace-children=no" "--error-exitcode=113" "/home/codio/workspace/hw3/hw3_tests/heap_tests/heap_tests" "--gtest_filter=HeapTest.ThreeElementPush_10_0_5"
Directory: /home/codio/workspace/hw3/hw3_tests/heap_tests
"HeapTest.ThreeElementPush_10_0_5" start time: Oct 25 07:11 UTC
Output:
----------------------------------------------------------
==1720== Memcheck, a memory error detector
==1720== Copyright (C) 2002-2017, and GNU GPL'd, by Julian Seward et al.
==1720== Using Valgrind-3.13.0 and LibVEX; rerun with -h for copyright info
==1720== Command: /home/codio/workspace/hw3/hw3_tests/heap_tests/heap_tests --gtest_filter=HeapTest.ThreeElementPush_10_0_5
==1720== 
Running main() from /home/codio/googletest/googletest/src/gtest_main.cc
Note: Google Test filter = HeapTest.ThreeElementPush_10_0_5
[==========] Running 1 test from 1 test suite.
[----------] Global test environment set-up.
[----------] 1 test from HeapTest
[ RUN      ] HeapTest.ThreeElementPush_10_0_5
[       OK ] HeapTest.ThreeElementPush_10_0_5 (36 ms)
[----------] 1 test from HeapTest (45 ms total)

[----------] Global test environment tear-down
[==========] 1 test from 1 test suite ran. (100 ms total)
[  PASSED  ] 1 test.
==1720== 
==1720== HEAP SUMMARY:
==1720==     in use at exit: 0 bytes in 0 blocks
==1720==   total heap usage: 471 allocs, 471 frees, 135,821 bytes allocated
==1720== 
==1720== All heap blocks were freed -- no leaks are possible
==1720== 
==1720== For counts of detected and suppressed errors, rerun with: -v
==1720== ERROR SUMMARY: 0 errors from 0 contexts (suppressed: 0 from 0)
<end of output>
Test time =   1.69 sec
----------------------------------------------------------
Test Passed.
"HeapTest.ThreeElementPush_10_0_5" end time: Oct 25 07:11 UTC
"HeapTest.ThreeElementPush_10_0_5" time elapsed: 00:00:01
----------------------------------------------------------

17/25 Testing: HeapTest.ThreeElementPush_10_5_0
17/25 Test: HeapTest.ThreeElementPush_10_5_0
Command: "/usr/bin/valgrind" "--tool=memcheck" "--leak-check=yes" "--trace-children=no" "--error-exitcode=113" "/home/codio/workspace/hw3/hw3_tests/heap_tests/heap_tests" "--gtest_filter=HeapTest.ThreeElementPush_10_5_0"
Directory: /home/codio/workspace/hw3/hw3_tests/heap_tests
"HeapTest.ThreeElementPush_10_5_0" start time: Oct 25 07:11 UTC
Output:
----------------------------------------------------------
==1721== Memcheck, a memory error detector
==1721== Copyright (C) 2002-2017, and GNU GPL'd, by Julian Seward et al.
==1721== Using Valgrind-3.13.0 and LibVEX; rerun with -h for copyright info
==1721== Command: /home/codio/workspace/hw3/hw3_tests/heap_tests/heap_tests --gtest_filter=HeapTest.ThreeElementPush_10_5_0
==1721== 
Running main() from /home/codio/googletest/googletest/src/gtest_main.cc
Note: Google Test filter = HeapTest.ThreeElementPush_10_5_0
[==========] Running 1 test from 1 test suite.
[----------] Global test environment set-up.
[----------] 1 test from HeapTest
[ RUN      ] HeapTest.ThreeElementPush_10_5_0
[       OK ] HeapTest.ThreeElementPush_10_5_0 (35 ms)
[----------] 1 test from HeapTest (45 ms total)

[----------] Global test environment tear-down
[==========] 1 test from 1 test suite ran. (99 ms total)
[  PASSED  ] 1 test.
==1721== 
==1721== HEAP SUMMARY:
==1721==     in use at exit: 0 bytes in 0 blocks
==1721==   total heap usage: 471 allocs, 471 frees, 135,821 bytes allocated
==1721== 
==1721== All heap blocks were freed -- no leaks are possible
==1721== 
==1721== For counts of detected and suppressed errors, rerun with: -v
==1721== ERROR SUMMARY: 0 errors from 0 contexts (suppressed: 0 from 0)
<end of output>
Test time =   1.65 sec
----------------------------------------------------------
Test Passed.
"HeapTest.ThreeElementPush_10_5_0" end time: Oct 25 07:11 UTC
"HeapTest.ThreeElementPush_10_5_0" time elapsed: 00:00:01
----------------------------------------------------------

18/25 Testing: HeapTest.GreaterComparator
18/25 Test: HeapTest.GreaterComparator
Command: "/usr/bin/valgrind" "--tool=memcheck" "--leak-check=yes" "--trace-children=no" "--error-exitcode=113" "/home/codio/workspace/hw3/hw3_tests/heap_tests/heap_tests" "--gtest_filter=HeapTest.GreaterComparator"
Directory: /home/codio/workspace/hw3/hw3_tests/heap_tests
"HeapTest.GreaterComparator" start time: Oct 25 07:11 UTC
Output:
----------------------------------------------------------
==1722== Memcheck, a memory error detector
==1722== Copyright (C) 2002-2017, and GNU GPL'd, by Julian Seward et al.
==1722== Using Valgrind-3.13.0 and LibVEX; rerun with -h for copyright info
==1722== Command: /home/codio/workspace/hw3/hw3_tests/heap_tests/heap_tests --gtest_filter=HeapTest.GreaterComparator
==1722== 
Running main() from /home/codio/googletest/googletest/src/gtest_main.cc
Note: Google Test filter = HeapTest.GreaterComparator
[==========] Running 1 test from 1 test suite.
[----------] Global test environment set-up.
[----------] 1 test from HeapTest
[ RUN      ] HeapTest.GreaterComparator
[       OK ] HeapTest.GreaterComparator (36 ms)
[----------] 1 test from HeapTest (46 ms total)

[----------] Global test environment tear-down
[==========] 1 test from 1 test suite ran. (101 ms total)
[  PASSED  ] 1 test.
==1722== 
==1722== HEAP SUMMARY:
==1722==     in use at exit: 0 bytes in 0 blocks
==1722==   total heap usage: 471 allocs, 471 frees, 135,755 bytes allocated
==1722== 
==1722== All heap blocks were freed -- no leaks are possible
==1722== 
==1722== For counts of detected and suppressed errors, rerun with: -v
==1722== ERROR SUMMARY: 0 errors from 0 contexts (suppressed: 0 from 0)
<end of output>
Test time =   1.62 sec
----------------------------------------------------------
Test Passed.
"HeapTest.GreaterComparator" end time: Oct 25 07:11 UTC
"HeapTest.GreaterComparator" time elapsed: 00:00:01
----------------------------------------------------------

19/25 Testing: HeapTest.StringStorage
19/25 Test: HeapTest.StringStorage
Command: "/usr/bin/valgrind" "--tool=memcheck" "--leak-check=yes" "--trace-children=no" "--error-exitcode=113" "/home/codio/workspace/hw3/hw3_tests/heap_tests/heap_tests" "--gtest_filter=HeapTest.StringStorage"
Directory: /home/codio/workspace/hw3/hw3_tests/heap_tests
"HeapTest.StringStorage" start time: Oct 25 07:11 UTC
Output:
----------------------------------------------------------
==1723== Memcheck, a memory error detector
==1723== Copyright (C) 2002-2017, and GNU GPL'd, by Julian Seward et al.
==1723== Using Valgrind-3.13.0 and LibVEX; rerun with -h for copyright info
==1723== Command: /home/codio/workspace/hw3/hw3_tests/heap_tests/heap_tests --gtest_filter=HeapTest.StringStorage
==1723== 
Running main() from /home/codio/googletest/googletest/src/gtest_main.cc
Note: Google Test filter = HeapTest.StringStorage
[==========] Running 1 test from 1 test suite.
[----------] Global test environment set-up.
[----------] 1 test from HeapTest
[ RUN      ] HeapTest.StringStorage
[       OK ] HeapTest.StringStorage (34 ms)
[----------] 1 test from HeapTest (44 ms total)

[----------] Global test environment tear-down
[==========] 1 test from 1 test suite ran. (99 ms total)
[  PASSED  ] 1 test.
==1723== 
==1723== HEAP SUMMARY:
==1723==     in use at exit: 0 bytes in 0 blocks
==1723==   total heap usage: 471 allocs, 471 frees, 135,911 bytes allocated
==1723== 
==1723== All heap blocks were freed -- no leaks are possible
==1723== 
==1723== For counts of detected and suppressed errors, rerun with: -v
==1723== ERROR SUMMARY: 0 errors from 0 contexts (suppressed: 0 from 0)
<end of output>
Test time =   1.66 sec
----------------------------------------------------------
Test Passed.
"HeapTest.StringStorage" end time: Oct 25 07:11 UTC
"HeapTest.StringStorage" time elapsed: 00:00:01
----------------------------------------------------------

20/25 Testing: HeapTest.FiveElementPush_TrinaryHeap
20/25 Test: HeapTest.FiveElementPush_TrinaryHeap
Command: "/usr/bin/valgrind" "--tool=memcheck" "--leak-check=yes" "--trace-children=no" "--error-exitcode=113" "/home/codio/workspace/hw3/hw3_tests/heap_tests/heap_tests" "--gtest_filter=HeapTest.FiveElementPush_TrinaryHeap"
Directory: /home/codio/workspace/hw3/hw3_tests/heap_tests
"HeapTest.FiveElementPush_TrinaryHeap" start time: Oct 25 07:11 UTC
Output:
----------------------------------------------------------
==1724== Memcheck, a memory error detector
==1724== Copyright (C) 2002-2017, and GNU GPL'd, by Julian Seward et al.
==1724== Using Valgrind-3.13.0 and LibVEX; rerun with -h for copyright info
==1724== Command: /home/codio/workspace/hw3/hw3_tests/heap_tests/heap_tests --gtest_filter=HeapTest.FiveElementPush_TrinaryHeap
==1724== 
Running main() from /home/codio/googletest/googletest/src/gtest_main.cc
Note: Google Test filter = HeapTest.FiveElementPush_TrinaryHeap
[==========] Running 1 test from 1 test suite.
[----------] Global test environment set-up.
[----------] 1 test from HeapTest
[ RUN      ] HeapTest.FiveElementPush_TrinaryHeap
[       OK ] HeapTest.FiveElementPush_TrinaryHeap (39 ms)
[----------] 1 test from HeapTest (50 ms total)

[----------] Global test environment tear-down
[==========] 1 test from 1 test suite ran. (107 ms total)
[  PASSED  ] 1 test.
==1724== 
==1724== HEAP SUMMARY:
==1724==     in use at exit: 0 bytes in 0 blocks
==1724==   total heap usage: 472 allocs, 472 frees, 135,905 bytes allocated
==1724== 
==1724== All heap blocks were freed -- no leaks are possible
==1724== 
==1724== For counts of detected and suppressed errors, rerun with: -v
==1724== ERROR SUMMARY: 0 errors from 0 contexts (suppressed: 0 from 0)
<end of output>
Test time =   1.65 sec
----------------------------------------------------------
Test Passed.
"HeapTest.FiveElementPush_TrinaryHeap" end time: Oct 25 07:12 UTC
"HeapTest.FiveElementPush_TrinaryHeap" time elapsed: 00:00:01
----------------------------------------------------------

21/25 Testing: HeapTest.SixElementPush_QuaternaryHeap
21/25 Test: HeapTest.SixElementPush_QuaternaryHeap
Command: "/usr/bin/valgrind" "--tool=memcheck" "--leak-check=yes" "--trace-children=no" "--error-exitcode=113" "/home/codio/workspace/hw3/hw3_tests/heap_tests/heap_tests" "--gtest_filter=HeapTest.SixElementPush_QuaternaryHeap"
Directory: /home/codio/workspace/hw3/hw3_tests/heap_tests
"HeapTest.SixElementPush_QuaternaryHeap" start time: Oct 25 07:12 UTC
Output:
----------------------------------------------------------
==1725== Memcheck, a memory error detector
==1725== Copyright (C) 2002-2017, and GNU GPL'd, by Julian Seward et al.
==1725== Using Valgrind-3.13.0 and LibVEX; rerun with -h for copyright info
==1725== Command: /home/codio/workspace/hw3/hw3_tests/heap_tests/heap_tests --gtest_filter=HeapTest.SixElementPush_QuaternaryHeap
==1725== 
Running main() from /home/codio/googletest/googletest/src/gtest_main.cc
Note: Google Test filter = HeapTest.SixElementPush_QuaternaryHeap
[==========] Running 1 test from 1 test suite.
[----------] Global test environment set-up.
[----------] 1 test from HeapTest
[ RUN      ] HeapTest.SixElementPush_QuaternaryHeap
[       OK ] HeapTest.SixElementPush_QuaternaryHeap (39 ms)
[----------] 1 test from HeapTest (49 ms total)

[----------] Global test environment tear-down
[==========] 1 test from 1 test suite ran. (104 ms total)
[  PASSED  ] 1 test.
==1725== 
==1725== HEAP SUMMARY:
==1725==     in use at exit: 0 bytes in 0 blocks
==1725==   total heap usage: 472 allocs, 472 frees, 135,931 bytes allocated
==1725== 
==1725== All heap blocks were freed -- no leaks are possible
==1725== 
==1725== For counts of detected and suppressed errors, rerun with: -v
==1725== ERROR SUMMARY: 0 errors from 0 contexts (suppressed: 0 from 0)
<end of output>
Test time =   1.75 sec
----------------------------------------------------------
Test Passed.
"HeapTest.SixElementPush_QuaternaryHeap" end time: Oct 25 07:12 UTC
"HeapTest.SixElementPush_QuaternaryHeap" time elapsed: 00:00:01
----------------------------------------------------------

22/25 Testing: HeapStress.50x50RandomElements_BinaryHeap
22/25 Test: HeapStress.50x50RandomElements_BinaryHeap
Command: "/usr/bin/valgrind" "--tool=memcheck" "--leak-check=yes" "--trace-children=no" "--error-exitcode=113" "/home/codio/workspace/hw3/hw3_tests/heap_tests/heap_tests" "--gtest_filter=HeapStress.50x50RandomElements_BinaryHeap"
Directory: /home/codio/workspace/hw3/hw3_tests/heap_tests
"HeapStress.50x50RandomElements_BinaryHeap" start time: Oct 25 07:12 UTC
Output:
----------------------------------------------------------
==1726== Memcheck, a memory error detector
==1726== Copyright (C) 2002-2017, and GNU GPL'd, by Julian Seward et al.
==1726== Using Valgrind-3.13.0 and LibVEX; rerun with -h for copyright info
==1726== Command: /home/codio/workspace/hw3/hw3_tests/heap_tests/heap_tests --gtest_filter=HeapStress.50x50RandomElements_BinaryHeap
==1726== 
Running main() from /home/codio/googletest/googletest/src/gtest_main.cc
Note: Google Test filter = HeapStress.50x50RandomElements_BinaryHeap
[==========] Running 1 test from 1 test suite.
[----------] Global test environment set-up.
[----------] 1 test from HeapStress
[ RUN      ] HeapStress.50x50RandomElements_BinaryHeap
[       OK ] HeapStress.50x50RandomElements_BinaryHeap (207 ms)
[----------] 1 test from HeapStress (217 ms total)

[----------] Global test environment tear-down
[==========] 1 test from 1 test suite ran. (271 ms total)
[  PASSED  ] 1 test.
==1726== 
==1726== HEAP SUMMARY:
==1726==     in use at exit: 0 bytes in 0 blocks
==1726==   total heap usage: 969 allocs, 969 frees, 183,502 bytes allocated
==1726== 
==1726== All heap blocks were freed -- no leaks are possible
==1726== 
==1726== For counts of detected and suppressed errors, rerun with: -v
==1726== ERROR SUMMARY: 0 errors from 0 contexts (suppressed: 0 from 0)
<end of output>
Test time =   1.83 sec
----------------------------------------------------------
Test Passed.
"HeapStress.50x50RandomElements_BinaryHeap" end time: Oct 25 07:12 UTC
"HeapStress.50x50RandomElements_BinaryHeap" time elapsed: 00:00:01
----------------------------------------------------------

23/25 Testing: HeapStress.50x50RandomElements_QuaternaryHeap
23/25 Test: HeapStress.50x50RandomElements_QuaternaryHeap
Command: "/usr/bin/valgrind" "--tool=memcheck" "--leak-check=yes" "--trace-children=no" "--error-exitcode=113" "/home/codio/workspace/hw3/hw3_tests/heap_tests/heap_tests" "--gtest_filter=HeapStress.50x50RandomElements_QuaternaryHeap"
Directory: /home/codio/workspace/hw3/hw3_tests/heap_tests
"HeapStress.50x50RandomElements_QuaternaryHeap" start time: Oct 25 07:12 UTC
Output:
----------------------------------------------------------
==1727== Memcheck, a memory error detector
==1727== Copyright (C) 2002-2017, and GNU GPL'd, by Julian Seward et al.
==1727== Using Valgrind-3.13.0 and LibVEX; rerun with -h for copyright info
==1727== Command: /home/codio/workspace/hw3/hw3_tests/heap_tests/heap_tests --gtest_filter=HeapStress.50x50RandomElements_QuaternaryHeap
==1727== 
Running main() from /home/codio/googletest/googletest/src/gtest_main.cc
Note: Google Test filter = HeapStress.50x50RandomElements_QuaternaryHeap
[==========] Running 1 test from 1 test suite.
[----------] Global test environment set-up.
[----------] 1 test from HeapStress
[ RUN      ] HeapStress.50x50RandomElements_QuaternaryHeap
[       OK ] HeapStress.50x50RandomElements_QuaternaryHeap (215 ms)
[----------] 1 test from HeapStress (226 ms total)

[----------] Global test environment tear-down
[==========] 1 test from 1 test suite ran. (281 ms total)
[  PASSED  ] 1 test.
==1727== 
==1727== HEAP SUMMARY:
==1727==     in use at exit: 0 bytes in 0 blocks
==1727==   total heap usage: 969 allocs, 969 frees, 183,554 bytes allocated
==1727== 
==1727== All heap blocks were freed -- no leaks are possible
==1727== 
==1727== For counts of detected and suppressed errors, rerun with: -v
==1727== ERROR SUMMARY: 0 errors from 0 contexts (suppressed: 0 from 0)
<end of output>
Test time =   1.87 sec
----------------------------------------------------------
Test Passed.
"HeapStress.50x50RandomElements_QuaternaryHeap" end time: Oct 25 07:12 UTC
"HeapStress.50x50RandomElements_QuaternaryHeap" time elapsed: 00:00:01
----------------------------------------------------------

24/25 Testing: HeapStress.50x50RandomElements_DodecenaryHeap
24/25 Test: HeapStress.50x50RandomElements_DodecenaryHeap
Command: "/usr/bin/valgrind" "--tool=memcheck" "--leak-check=yes" "--trace-children=no" "--error-exitcode=113" "/home/codio/workspace/hw3/hw3_tests/heap_tests/heap_tests" "--gtest_filter=HeapStress.50x50RandomElements_DodecenaryHeap"
Directory: /home/codio/workspace/hw3/hw3_tests/heap_tests
"HeapStress.50x50RandomElements_DodecenaryHeap" start time: Oct 25 07:12 UTC
Output:
----------------------------------------------------------
==1728== Memcheck, a memory error detector
==1728== Copyright (C) 2002-2017, and GNU GPL'd, by Julian Seward et al.
==1728== Using Valgrind-3.13.0 and LibVEX; rerun with -h for copyright info
==1728== Command: /home/codio/workspace/hw3/hw3_tests/heap_tests/heap_tests --gtest_filter=HeapStress.50x50RandomElements_DodecenaryHeap
==1728== 
Running main() from /home/codio/googletest/googletest/src/gtest_main.cc
Note: Google Test filter = HeapStress.50x50RandomElements_DodecenaryHeap
[==========] Running 1 test from 1 test suite.
[----------] Global test environment set-up.
[----------] 1 test from HeapStress
[ RUN      ] HeapStress.50x50RandomElements_DodecenaryHeap
[       OK ] HeapStress.50x50RandomElements_DodecenaryHeap (221 ms)
[----------] 1 test from HeapStress (231 ms total)

[----------] Global test environment tear-down
[==========] 1 test from 1 test suite ran. (294 ms total)
[  PASSED  ] 1 test.
==1728== 
==1728== HEAP SUMMARY:
==1728==     in use at exit: 0 bytes in 0 blocks
==1728==   total heap usage: 969 allocs, 969 frees, 183,554 bytes allocated
==1728== 
==1728== All heap blocks were freed -- no leaks are possible
==1728== 
==1728== For counts of detected and suppressed errors, rerun with: -v
==1728== ERROR SUMMARY: 0 errors from 0 contexts (suppressed: 0 from 0)
<end of output>
Test time =   1.86 sec
----------------------------------------------------------
Test Passed.
"HeapStress.50x50RandomElements_DodecenaryHeap" end time: Oct 25 07:12 UTC
"HeapStress.50x50RandomElements_DodecenaryHeap" time elapsed: 00:00:01
----------------------------------------------------------

25/25 Testing: HeapStress.2x2000RandomElements_Binary
25/25 Test: HeapStress.2x2000RandomElements_Binary
Command: "/usr/bin/valgrind" "--tool=memcheck" "--leak-check=yes" "--trace-children=no" "--error-exitcode=113" "/home/codio/workspace/hw3/hw3_tests/heap_tests/heap_tests" "--gtest_filter=HeapStress.2x2000RandomElements_Binary"
Directory: /home/codio/workspace/hw3/hw3_tests/heap_tests
"HeapStress.2x2000RandomElements_Binary" start time: Oct 25 07:12 UTC
Output:
----------------------------------------------------------
==1729== Memcheck, a memory error detector
==1729== Copyright (C) 2002-2017, and GNU GPL'd, by Julian Seward et al.
==1729== Using Valgrind-3.13.0 and LibVEX; rerun with -h for copyright info
==1729== Command: /home/codio/workspace/hw3/hw3_tests/heap_tests/heap_tests --gtest_filter=HeapStress.2x2000RandomElements_Binary
==1729== 
Running main() from /home/codio/googletest/googletest/src/gtest_main.cc
Note: Google Test filter = HeapStress.2x2000RandomElements_Binary
[==========] Running 1 test from 1 test suite.
[----------] Global test environment set-up.
[----------] 1 test from HeapStress
[ RUN      ] HeapStress.2x2000RandomElements_Binary
[       OK ] HeapStress.2x2000RandomElements_Binary (238 ms)
[----------] 1 test from HeapStress (248 ms total)

[----------] Global test environment tear-down
[==========] 1 test from 1 test suite ran. (304 ms total)
[  PASSED  ] 1 test.
==1729== 
==1729== HEAP SUMMARY:
==1729==     in use at exit: 0 bytes in 0 blocks
==1729==   total heap usage: 499 allocs, 499 frees, 200,711 bytes allocated
==1729== 
==1729== All heap blocks were freed -- no leaks are possible
==1729== 
==1729== For counts of detected and suppressed errors, rerun with: -v
==1729== ERROR SUMMARY: 0 errors from 0 contexts (suppressed: 0 from 0)
<end of output>
Test time =   1.82 sec
----------------------------------------------------------
Test Passed.
"HeapStress.2x2000RandomElements_Binary" end time: Oct 25 07:12 UTC
"HeapStress.2x2000RandomElements_Binary" time elapsed: 00:00:01
----------------------------------------------------------

End testing: Oct 25 07:12 UTC
