Start testing: Oct 25 07:27 UTC
----------------------------------------------------------
1/50 Testing: Pivot.Empty
1/50 Test: Pivot.Empty
Command: "/usr/bin/valgrind" "--tool=memcheck" "--leak-check=yes" "--trace-children=no" "--error-exitcode=113" "/home/codio/workspace/hw3/hw3_tests/llrec_tests/llrec_tests" "--gtest_filter=Pivot.Empty"
Directory: /home/codio/workspace/hw3/hw3_tests/llrec_tests
"Pivot.Empty" start time: Oct 25 07:27 UTC
Output:
----------------------------------------------------------
==2086== Memcheck, a memory error detector
==2086== Copyright (C) 2002-2017, and GNU GPL'd, by Julian Seward et al.
==2086== Using Valgrind-3.13.0 and LibVEX; rerun with -h for copyright info
==2086== Command: /home/codio/workspace/hw3/hw3_tests/llrec_tests/llrec_tests --gtest_filter=Pivot.Empty
==2086== 
Running main() from /home/codio/googletest/googletest/src/gtest_main.cc
Note: Google Test filter = Pivot.Empty
[==========] Running 1 test from 1 test suite.
[----------] Global test environment set-up.
[----------] 1 test from Pivot
[ RUN      ] Pivot.Empty
[       OK ] Pivot.Empty (20 ms)
[----------] 1 test from Pivot (30 ms total)

[----------] Global test environment tear-down
[==========] 1 test from 1 test suite ran. (85 ms total)
[  PASSED  ] 1 test.
==2086== 
==2086== HEAP SUMMARY:
==2086==     in use at exit: 0 bytes in 0 blocks
==2086==   total heap usage: 404 allocs, 404 frees, 133,083 bytes allocated
==2086== 
==2086== All heap blocks were freed -- no leaks are possible
==2086== 
==2086== For counts of detected and suppressed errors, rerun with: -v
==2086== ERROR SUMMARY: 0 errors from 0 contexts (suppressed: 0 from 0)
<end of output>
Test time =   1.70 sec
----------------------------------------------------------
Test Passed.
"Pivot.Empty" end time: Oct 25 07:28 UTC
"Pivot.Empty" time elapsed: 00:00:01
----------------------------------------------------------

2/50 Testing: Pivot.Size1SmallEmpty
2/50 Test: Pivot.Size1SmallEmpty
Command: "/usr/bin/valgrind" "--tool=memcheck" "--leak-check=yes" "--trace-children=no" "--error-exitcode=113" "/home/codio/workspace/hw3/hw3_tests/llrec_tests/llrec_tests" "--gtest_filter=Pivot.Size1SmallEmpty"
Directory: /home/codio/workspace/hw3/hw3_tests/llrec_tests
"Pivot.Size1SmallEmpty" start time: Oct 25 07:28 UTC
Output:
----------------------------------------------------------
==2087== Memcheck, a memory error detector
==2087== Copyright (C) 2002-2017, and GNU GPL'd, by Julian Seward et al.
==2087== Using Valgrind-3.13.0 and LibVEX; rerun with -h for copyright info
==2087== Command: /home/codio/workspace/hw3/hw3_tests/llrec_tests/llrec_tests --gtest_filter=Pivot.Size1SmallEmpty
==2087== 
Running main() from /home/codio/googletest/googletest/src/gtest_main.cc
Note: Google Test filter = Pivot.Size1SmallEmpty
[==========] Running 1 test from 1 test suite.
[----------] Global test environment set-up.
[----------] 1 test from Pivot
[ RUN      ] Pivot.Size1SmallEmpty
[       OK ] Pivot.Size1SmallEmpty (32 ms)
[----------] 1 test from Pivot (42 ms total)

[----------] Global test environment tear-down
[==========] 1 test from 1 test suite ran. (95 ms total)
[  PASSED  ] 1 test.
==2087== 
==2087== HEAP SUMMARY:
==2087==     in use at exit: 0 bytes in 0 blocks
==2087==   total heap usage: 413 allocs, 413 frees, 133,328 bytes allocated
==2087== 
==2087== All heap blocks were freed -- no leaks are possible
==2087== 
==2087== For counts of detected and suppressed errors, rerun with: -v
==2087== ERROR SUMMARY: 0 errors from 0 contexts (suppressed: 0 from 0)
<end of output>
Test time =   1.66 sec
----------------------------------------------------------
Test Passed.
"Pivot.Size1SmallEmpty" end time: Oct 25 07:28 UTC
"Pivot.Size1SmallEmpty" time elapsed: 00:00:01
----------------------------------------------------------

3/50 Testing: Pivot.Size1LargeEmpty
3/50 Test: Pivot.Size1LargeEmpty
Command: "/usr/bin/valgrind" "--tool=memcheck" "--leak-check=yes" "--trace-children=no" "--error-exitcode=113" "/home/codio/workspace/hw3/hw3_tests/llrec_tests/llrec_tests" "--gtest_filter=Pivot.Size1LargeEmpty"
Directory: /home/codio/workspace/hw3/hw3_tests/llrec_tests
"Pivot.Size1LargeEmpty" start time: Oct 25 07:28 UTC
Output:
----------------------------------------------------------
==2088== Memcheck, a memory error detector
==2088== Copyright (C) 2002-2017, and GNU GPL'd, by Julian Seward et al.
==2088== Using Valgrind-3.13.0 and LibVEX; rerun with -h for copyright info
==2088== Command: /home/codio/workspace/hw3/hw3_tests/llrec_tests/llrec_tests --gtest_filter=Pivot.Size1LargeEmpty
==2088== 
Running main() from /home/codio/googletest/googletest/src/gtest_main.cc
Note: Google Test filter = Pivot.Size1LargeEmpty
[==========] Running 1 test from 1 test suite.
[----------] Global test environment set-up.
[----------] 1 test from Pivot
[ RUN      ] Pivot.Size1LargeEmpty
[       OK ] Pivot.Size1LargeEmpty (33 ms)
[----------] 1 test from Pivot (43 ms total)

[----------] Global test environment tear-down
[==========] 1 test from 1 test suite ran. (107 ms total)
[  PASSED  ] 1 test.
==2088== 
==2088== HEAP SUMMARY:
==2088==     in use at exit: 0 bytes in 0 blocks
==2088==   total heap usage: 413 allocs, 413 frees, 133,328 bytes allocated
==2088== 
==2088== All heap blocks were freed -- no leaks are possible
==2088== 
==2088== For counts of detected and suppressed errors, rerun with: -v
==2088== ERROR SUMMARY: 0 errors from 0 contexts (suppressed: 0 from 0)
<end of output>
Test time =   1.60 sec
----------------------------------------------------------
Test Passed.
"Pivot.Size1LargeEmpty" end time: Oct 25 07:28 UTC
"Pivot.Size1LargeEmpty" time elapsed: 00:00:01
----------------------------------------------------------

4/50 Testing: Pivot.Size2SmallLarge
4/50 Test: Pivot.Size2SmallLarge
Command: "/usr/bin/valgrind" "--tool=memcheck" "--leak-check=yes" "--trace-children=no" "--error-exitcode=113" "/home/codio/workspace/hw3/hw3_tests/llrec_tests/llrec_tests" "--gtest_filter=Pivot.Size2SmallLarge"
Directory: /home/codio/workspace/hw3/hw3_tests/llrec_tests
"Pivot.Size2SmallLarge" start time: Oct 25 07:28 UTC
Output:
----------------------------------------------------------
==2089== Memcheck, a memory error detector
==2089== Copyright (C) 2002-2017, and GNU GPL'd, by Julian Seward et al.
==2089== Using Valgrind-3.13.0 and LibVEX; rerun with -h for copyright info
==2089== Command: /home/codio/workspace/hw3/hw3_tests/llrec_tests/llrec_tests --gtest_filter=Pivot.Size2SmallLarge
==2089== 
Running main() from /home/codio/googletest/googletest/src/gtest_main.cc
Note: Google Test filter = Pivot.Size2SmallLarge
[==========] Running 1 test from 1 test suite.
[----------] Global test environment set-up.
[----------] 1 test from Pivot
[ RUN      ] Pivot.Size2SmallLarge
[       OK ] Pivot.Size2SmallLarge (33 ms)
[----------] 1 test from Pivot (43 ms total)

[----------] Global test environment tear-down
[==========] 1 test from 1 test suite ran. (96 ms total)
[  PASSED  ] 1 test.
==2089== 
==2089== HEAP SUMMARY:
==2089==     in use at exit: 0 bytes in 0 blocks
==2089==   total heap usage: 415 allocs, 415 frees, 133,352 bytes allocated
==2089== 
==2089== All heap blocks were freed -- no leaks are possible
==2089== 
==2089== For counts of detected and suppressed errors, rerun with: -v
==2089== ERROR SUMMARY: 0 errors from 0 contexts (suppressed: 0 from 0)
<end of output>
Test time =   1.61 sec
----------------------------------------------------------
Test Passed.
"Pivot.Size2SmallLarge" end time: Oct 25 07:28 UTC
"Pivot.Size2SmallLarge" time elapsed: 00:00:01
----------------------------------------------------------

5/50 Testing: Pivot.Size2LargeSmall
5/50 Test: Pivot.Size2LargeSmall
Command: "/usr/bin/valgrind" "--tool=memcheck" "--leak-check=yes" "--trace-children=no" "--error-exitcode=113" "/home/codio/workspace/hw3/hw3_tests/llrec_tests/llrec_tests" "--gtest_filter=Pivot.Size2LargeSmall"
Directory: /home/codio/workspace/hw3/hw3_tests/llrec_tests
"Pivot.Size2LargeSmall" start time: Oct 25 07:28 UTC
Output:
----------------------------------------------------------
==2090== Memcheck, a memory error detector
==2090== Copyright (C) 2002-2017, and GNU GPL'd, by Julian Seward et al.
==2090== Using Valgrind-3.13.0 and LibVEX; rerun with -h for copyright info
==2090== Command: /home/codio/workspace/hw3/hw3_tests/llrec_tests/llrec_tests --gtest_filter=Pivot.Size2LargeSmall
==2090== 
Running main() from /home/codio/googletest/googletest/src/gtest_main.cc
Note: Google Test filter = Pivot.Size2LargeSmall
[==========] Running 1 test from 1 test suite.
[----------] Global test environment set-up.
[----------] 1 test from Pivot
[ RUN      ] Pivot.Size2LargeSmall
[       OK ] Pivot.Size2LargeSmall (34 ms)
[----------] 1 test from Pivot (44 ms total)

[----------] Global test environment tear-down
[==========] 1 test from 1 test suite ran. (100 ms total)
[  PASSED  ] 1 test.
==2090== 
==2090== HEAP SUMMARY:
==2090==     in use at exit: 0 bytes in 0 blocks
==2090==   total heap usage: 415 allocs, 415 frees, 133,352 bytes allocated
==2090== 
==2090== All heap blocks were freed -- no leaks are possible
==2090== 
==2090== For counts of detected and suppressed errors, rerun with: -v
==2090== ERROR SUMMARY: 0 errors from 0 contexts (suppressed: 0 from 0)
<end of output>
Test time =   1.66 sec
----------------------------------------------------------
Test Passed.
"Pivot.Size2LargeSmall" end time: Oct 25 07:28 UTC
"Pivot.Size2LargeSmall" time elapsed: 00:00:01
----------------------------------------------------------

6/50 Testing: Pivot.Size3LargeSmallLarge
6/50 Test: Pivot.Size3LargeSmallLarge
Command: "/usr/bin/valgrind" "--tool=memcheck" "--leak-check=yes" "--trace-children=no" "--error-exitcode=113" "/home/codio/workspace/hw3/hw3_tests/llrec_tests/llrec_tests" "--gtest_filter=Pivot.Size3LargeSmallLarge"
Directory: /home/codio/workspace/hw3/hw3_tests/llrec_tests
"Pivot.Size3LargeSmallLarge" start time: Oct 25 07:28 UTC
Output:
----------------------------------------------------------
==2091== Memcheck, a memory error detector
==2091== Copyright (C) 2002-2017, and GNU GPL'd, by Julian Seward et al.
==2091== Using Valgrind-3.13.0 and LibVEX; rerun with -h for copyright info
==2091== Command: /home/codio/workspace/hw3/hw3_tests/llrec_tests/llrec_tests --gtest_filter=Pivot.Size3LargeSmallLarge
==2091== 
Running main() from /home/codio/googletest/googletest/src/gtest_main.cc
Note: Google Test filter = Pivot.Size3LargeSmallLarge
[==========] Running 1 test from 1 test suite.
[----------] Global test environment set-up.
[----------] 1 test from Pivot
[ RUN      ] Pivot.Size3LargeSmallLarge
[       OK ] Pivot.Size3LargeSmallLarge (33 ms)
[----------] 1 test from Pivot (43 ms total)

[----------] Global test environment tear-down
[==========] 1 test from 1 test suite ran. (96 ms total)
[  PASSED  ] 1 test.
==2091== 
==2091== HEAP SUMMARY:
==2091==     in use at exit: 0 bytes in 0 blocks
==2091==   total heap usage: 416 allocs, 416 frees, 133,426 bytes allocated
==2091== 
==2091== All heap blocks were freed -- no leaks are possible
==2091== 
==2091== For counts of detected and suppressed errors, rerun with: -v
==2091== ERROR SUMMARY: 0 errors from 0 contexts (suppressed: 0 from 0)
<end of output>
Test time =   1.60 sec
----------------------------------------------------------
Test Passed.
"Pivot.Size3LargeSmallLarge" end time: Oct 25 07:28 UTC
"Pivot.Size3LargeSmallLarge" time elapsed: 00:00:01
----------------------------------------------------------

7/50 Testing: Pivot.Size3SmallLargeSmall
7/50 Test: Pivot.Size3SmallLargeSmall
Command: "/usr/bin/valgrind" "--tool=memcheck" "--leak-check=yes" "--trace-children=no" "--error-exitcode=113" "/home/codio/workspace/hw3/hw3_tests/llrec_tests/llrec_tests" "--gtest_filter=Pivot.Size3SmallLargeSmall"
Directory: /home/codio/workspace/hw3/hw3_tests/llrec_tests
"Pivot.Size3SmallLargeSmall" start time: Oct 25 07:28 UTC
Output:
----------------------------------------------------------
==2092== Memcheck, a memory error detector
==2092== Copyright (C) 2002-2017, and GNU GPL'd, by Julian Seward et al.
==2092== Using Valgrind-3.13.0 and LibVEX; rerun with -h for copyright info
==2092== Command: /home/codio/workspace/hw3/hw3_tests/llrec_tests/llrec_tests --gtest_filter=Pivot.Size3SmallLargeSmall
==2092== 
Running main() from /home/codio/googletest/googletest/src/gtest_main.cc
Note: Google Test filter = Pivot.Size3SmallLargeSmall
[==========] Running 1 test from 1 test suite.
[----------] Global test environment set-up.
[----------] 1 test from Pivot
[ RUN      ] Pivot.Size3SmallLargeSmall
[       OK ] Pivot.Size3SmallLargeSmall (33 ms)
[----------] 1 test from Pivot (43 ms total)

[----------] Global test environment tear-down
[==========] 1 test from 1 test suite ran. (99 ms total)
[  PASSED  ] 1 test.
==2092== 
==2092== HEAP SUMMARY:
==2092==     in use at exit: 0 bytes in 0 blocks
==2092==   total heap usage: 416 allocs, 416 frees, 133,426 bytes allocated
==2092== 
==2092== All heap blocks were freed -- no leaks are possible
==2092== 
==2092== For counts of detected and suppressed errors, rerun with: -v
==2092== ERROR SUMMARY: 0 errors from 0 contexts (suppressed: 0 from 0)
<end of output>
Test time =   1.61 sec
----------------------------------------------------------
Test Passed.
"Pivot.Size3SmallLargeSmall" end time: Oct 25 07:28 UTC
"Pivot.Size3SmallLargeSmall" time elapsed: 00:00:01
----------------------------------------------------------

8/50 Testing: Pivot.Size3LargeLargeSmall
8/50 Test: Pivot.Size3LargeLargeSmall
Command: "/usr/bin/valgrind" "--tool=memcheck" "--leak-check=yes" "--trace-children=no" "--error-exitcode=113" "/home/codio/workspace/hw3/hw3_tests/llrec_tests/llrec_tests" "--gtest_filter=Pivot.Size3LargeLargeSmall"
Directory: /home/codio/workspace/hw3/hw3_tests/llrec_tests
"Pivot.Size3LargeLargeSmall" start time: Oct 25 07:28 UTC
Output:
----------------------------------------------------------
==2093== Memcheck, a memory error detector
==2093== Copyright (C) 2002-2017, and GNU GPL'd, by Julian Seward et al.
==2093== Using Valgrind-3.13.0 and LibVEX; rerun with -h for copyright info
==2093== Command: /home/codio/workspace/hw3/hw3_tests/llrec_tests/llrec_tests --gtest_filter=Pivot.Size3LargeLargeSmall
==2093== 
Running main() from /home/codio/googletest/googletest/src/gtest_main.cc
Note: Google Test filter = Pivot.Size3LargeLargeSmall
[==========] Running 1 test from 1 test suite.
[----------] Global test environment set-up.
[----------] 1 test from Pivot
[ RUN      ] Pivot.Size3LargeLargeSmall
[       OK ] Pivot.Size3LargeLargeSmall (34 ms)
[----------] 1 test from Pivot (44 ms total)

[----------] Global test environment tear-down
[==========] 1 test from 1 test suite ran. (99 ms total)
[  PASSED  ] 1 test.
==2093== 
==2093== HEAP SUMMARY:
==2093==     in use at exit: 0 bytes in 0 blocks
==2093==   total heap usage: 416 allocs, 416 frees, 133,426 bytes allocated
==2093== 
==2093== All heap blocks were freed -- no leaks are possible
==2093== 
==2093== For counts of detected and suppressed errors, rerun with: -v
==2093== ERROR SUMMARY: 0 errors from 0 contexts (suppressed: 0 from 0)
<end of output>
Test time =   1.59 sec
----------------------------------------------------------
Test Passed.
"Pivot.Size3LargeLargeSmall" end time: Oct 25 07:28 UTC
"Pivot.Size3LargeLargeSmall" time elapsed: 00:00:01
----------------------------------------------------------

9/50 Testing: Pivot.Size6SmallThenLarge
9/50 Test: Pivot.Size6SmallThenLarge
Command: "/usr/bin/valgrind" "--tool=memcheck" "--leak-check=yes" "--trace-children=no" "--error-exitcode=113" "/home/codio/workspace/hw3/hw3_tests/llrec_tests/llrec_tests" "--gtest_filter=Pivot.Size6SmallThenLarge"
Directory: /home/codio/workspace/hw3/hw3_tests/llrec_tests
"Pivot.Size6SmallThenLarge" start time: Oct 25 07:28 UTC
Output:
----------------------------------------------------------
==2094== Memcheck, a memory error detector
==2094== Copyright (C) 2002-2017, and GNU GPL'd, by Julian Seward et al.
==2094== Using Valgrind-3.13.0 and LibVEX; rerun with -h for copyright info
==2094== Command: /home/codio/workspace/hw3/hw3_tests/llrec_tests/llrec_tests --gtest_filter=Pivot.Size6SmallThenLarge
==2094== 
Running main() from /home/codio/googletest/googletest/src/gtest_main.cc
Note: Google Test filter = Pivot.Size6SmallThenLarge
[==========] Running 1 test from 1 test suite.
[----------] Global test environment set-up.
[----------] 1 test from Pivot
[ RUN      ] Pivot.Size6SmallThenLarge
[       OK ] Pivot.Size6SmallThenLarge (39 ms)
[----------] 1 test from Pivot (51 ms total)

[----------] Global test environment tear-down
[==========] 1 test from 1 test suite ran. (116 ms total)
[  PASSED  ] 1 test.
==2094== 
==2094== HEAP SUMMARY:
==2094==     in use at exit: 0 bytes in 0 blocks
==2094==   total heap usage: 419 allocs, 419 frees, 133,488 bytes allocated
==2094== 
==2094== All heap blocks were freed -- no leaks are possible
==2094== 
==2094== For counts of detected and suppressed errors, rerun with: -v
==2094== ERROR SUMMARY: 0 errors from 0 contexts (suppressed: 0 from 0)
<end of output>
Test time =   1.64 sec
----------------------------------------------------------
Test Passed.
"Pivot.Size6SmallThenLarge" end time: Oct 25 07:28 UTC
"Pivot.Size6SmallThenLarge" time elapsed: 00:00:01
----------------------------------------------------------

10/50 Testing: Pivot.Size6LargeThenSmall
10/50 Test: Pivot.Size6LargeThenSmall
Command: "/usr/bin/valgrind" "--tool=memcheck" "--leak-check=yes" "--trace-children=no" "--error-exitcode=113" "/home/codio/workspace/hw3/hw3_tests/llrec_tests/llrec_tests" "--gtest_filter=Pivot.Size6LargeThenSmall"
Directory: /home/codio/workspace/hw3/hw3_tests/llrec_tests
"Pivot.Size6LargeThenSmall" start time: Oct 25 07:28 UTC
Output:
----------------------------------------------------------
==2095== Memcheck, a memory error detector
==2095== Copyright (C) 2002-2017, and GNU GPL'd, by Julian Seward et al.
==2095== Using Valgrind-3.13.0 and LibVEX; rerun with -h for copyright info
==2095== Command: /home/codio/workspace/hw3/hw3_tests/llrec_tests/llrec_tests --gtest_filter=Pivot.Size6LargeThenSmall
==2095== 
Running main() from /home/codio/googletest/googletest/src/gtest_main.cc
Note: Google Test filter = Pivot.Size6LargeThenSmall
[==========] Running 1 test from 1 test suite.
[----------] Global test environment set-up.
[----------] 1 test from Pivot
[ RUN      ] Pivot.Size6LargeThenSmall
[       OK ] Pivot.Size6LargeThenSmall (33 ms)
[----------] 1 test from Pivot (43 ms total)

[----------] Global test environment tear-down
[==========] 1 test from 1 test suite ran. (96 ms total)
[  PASSED  ] 1 test.
==2095== 
==2095== HEAP SUMMARY:
==2095==     in use at exit: 0 bytes in 0 blocks
==2095==   total heap usage: 419 allocs, 419 frees, 133,488 bytes allocated
==2095== 
==2095== All heap blocks were freed -- no leaks are possible
==2095== 
==2095== For counts of detected and suppressed errors, rerun with: -v
==2095== ERROR SUMMARY: 0 errors from 0 contexts (suppressed: 0 from 0)
<end of output>
Test time =   1.61 sec
----------------------------------------------------------
Test Passed.
"Pivot.Size6LargeThenSmall" end time: Oct 25 07:28 UTC
"Pivot.Size6LargeThenSmall" time elapsed: 00:00:01
----------------------------------------------------------

11/50 Testing: Pivot.Nominal
11/50 Test: Pivot.Nominal
Command: "/usr/bin/valgrind" "--tool=memcheck" "--leak-check=yes" "--trace-children=no" "--error-exitcode=113" "/home/codio/workspace/hw3/hw3_tests/llrec_tests/llrec_tests" "--gtest_filter=Pivot.Nominal"
Directory: /home/codio/workspace/hw3/hw3_tests/llrec_tests
"Pivot.Nominal" start time: Oct 25 07:28 UTC
Output:
----------------------------------------------------------
==2096== Memcheck, a memory error detector
==2096== Copyright (C) 2002-2017, and GNU GPL'd, by Julian Seward et al.
==2096== Using Valgrind-3.13.0 and LibVEX; rerun with -h for copyright info
==2096== Command: /home/codio/workspace/hw3/hw3_tests/llrec_tests/llrec_tests --gtest_filter=Pivot.Nominal
==2096== 
Running main() from /home/codio/googletest/googletest/src/gtest_main.cc
Note: Google Test filter = Pivot.Nominal
[==========] Running 1 test from 1 test suite.
[----------] Global test environment set-up.
[----------] 1 test from Pivot
[ RUN      ] Pivot.Nominal
[       OK ] Pivot.Nominal (33 ms)
[----------] 1 test from Pivot (43 ms total)

[----------] Global test environment tear-down
[==========] 1 test from 1 test suite ran. (96 ms total)
[  PASSED  ] 1 test.
==2096== 
==2096== HEAP SUMMARY:
==2096==     in use at exit: 0 bytes in 0 blocks
==2096==   total heap usage: 411 allocs, 411 frees, 133,189 bytes allocated
==2096== 
==2096== All heap blocks were freed -- no leaks are possible
==2096== 
==2096== For counts of detected and suppressed errors, rerun with: -v
==2096== ERROR SUMMARY: 0 errors from 0 contexts (suppressed: 0 from 0)
<end of output>
Test time =   1.59 sec
----------------------------------------------------------
Test Passed.
"Pivot.Nominal" end time: Oct 25 07:28 UTC
"Pivot.Nominal" time elapsed: 00:00:01
----------------------------------------------------------

12/50 Testing: Pivot.SameValues
12/50 Test: Pivot.SameValues
Command: "/usr/bin/valgrind" "--tool=memcheck" "--leak-check=yes" "--trace-children=no" "--error-exitcode=113" "/home/codio/workspace/hw3/hw3_tests/llrec_tests/llrec_tests" "--gtest_filter=Pivot.SameValues"
Directory: /home/codio/workspace/hw3/hw3_tests/llrec_tests
"Pivot.SameValues" start time: Oct 25 07:28 UTC
Output:
----------------------------------------------------------
==2097== Memcheck, a memory error detector
==2097== Copyright (C) 2002-2017, and GNU GPL'd, by Julian Seward et al.
==2097== Using Valgrind-3.13.0 and LibVEX; rerun with -h for copyright info
==2097== Command: /home/codio/workspace/hw3/hw3_tests/llrec_tests/llrec_tests --gtest_filter=Pivot.SameValues
==2097== 
Running main() from /home/codio/googletest/googletest/src/gtest_main.cc
Note: Google Test filter = Pivot.SameValues
[==========] Running 1 test from 1 test suite.
[----------] Global test environment set-up.
[----------] 1 test from Pivot
[ RUN      ] Pivot.SameValues
[       OK ] Pivot.SameValues (33 ms)
[----------] 1 test from Pivot (43 ms total)

[----------] Global test environment tear-down
[==========] 1 test from 1 test suite ran. (97 ms total)
[  PASSED  ] 1 test.
==2097== 
==2097== HEAP SUMMARY:
==2097==     in use at exit: 0 bytes in 0 blocks
==2097==   total heap usage: 416 allocs, 416 frees, 133,350 bytes allocated
==2097== 
==2097== All heap blocks were freed -- no leaks are possible
==2097== 
==2097== For counts of detected and suppressed errors, rerun with: -v
==2097== ERROR SUMMARY: 0 errors from 0 contexts (suppressed: 0 from 0)
<end of output>
Test time =   1.64 sec
----------------------------------------------------------
Test Passed.
"Pivot.SameValues" end time: Oct 25 07:28 UTC
"Pivot.SameValues" time elapsed: 00:00:01
----------------------------------------------------------

13/50 Testing: Pivot.NoCopySameNodeCheck
13/50 Test: Pivot.NoCopySameNodeCheck
Command: "/usr/bin/valgrind" "--tool=memcheck" "--leak-check=yes" "--trace-children=no" "--error-exitcode=113" "/home/codio/workspace/hw3/hw3_tests/llrec_tests/llrec_tests" "--gtest_filter=Pivot.NoCopySameNodeCheck"
Directory: /home/codio/workspace/hw3/hw3_tests/llrec_tests
"Pivot.NoCopySameNodeCheck" start time: Oct 25 07:28 UTC
Output:
----------------------------------------------------------
==2098== Memcheck, a memory error detector
==2098== Copyright (C) 2002-2017, and GNU GPL'd, by Julian Seward et al.
==2098== Using Valgrind-3.13.0 and LibVEX; rerun with -h for copyright info
==2098== Command: /home/codio/workspace/hw3/hw3_tests/llrec_tests/llrec_tests --gtest_filter=Pivot.NoCopySameNodeCheck
==2098== 
Running main() from /home/codio/googletest/googletest/src/gtest_main.cc
Note: Google Test filter = Pivot.NoCopySameNodeCheck
[==========] Running 1 test from 1 test suite.
[----------] Global test environment set-up.
[----------] 1 test from Pivot
[ RUN      ] Pivot.NoCopySameNodeCheck
[       OK ] Pivot.NoCopySameNodeCheck (50 ms)
[----------] 1 test from Pivot (60 ms total)

[----------] Global test environment tear-down
[==========] 1 test from 1 test suite ran. (115 ms total)
[  PASSED  ] 1 test.
==2098== 
==2098== HEAP SUMMARY:
==2098==     in use at exit: 0 bytes in 0 blocks
==2098==   total heap usage: 420 allocs, 420 frees, 133,496 bytes allocated
==2098== 
==2098== All heap blocks were freed -- no leaks are possible
==2098== 
==2098== For counts of detected and suppressed errors, rerun with: -v
==2098== ERROR SUMMARY: 0 errors from 0 contexts (suppressed: 0 from 0)
<end of output>
Test time =   1.64 sec
----------------------------------------------------------
Test Passed.
"Pivot.NoCopySameNodeCheck" end time: Oct 25 07:28 UTC
"Pivot.NoCopySameNodeCheck" time elapsed: 00:00:01
----------------------------------------------------------

14/50 Testing: Filter.EmptyList
14/50 Test: Filter.EmptyList
Command: "/usr/bin/valgrind" "--tool=memcheck" "--leak-check=yes" "--trace-children=no" "--error-exitcode=113" "/home/codio/workspace/hw3/hw3_tests/llrec_tests/llrec_tests" "--gtest_filter=Filter.EmptyList"
Directory: /home/codio/workspace/hw3/hw3_tests/llrec_tests
"Filter.EmptyList" start time: Oct 25 07:28 UTC
Output:
----------------------------------------------------------
==2099== Memcheck, a memory error detector
==2099== Copyright (C) 2002-2017, and GNU GPL'd, by Julian Seward et al.
==2099== Using Valgrind-3.13.0 and LibVEX; rerun with -h for copyright info
==2099== Command: /home/codio/workspace/hw3/hw3_tests/llrec_tests/llrec_tests --gtest_filter=Filter.EmptyList
==2099== 
Running main() from /home/codio/googletest/googletest/src/gtest_main.cc
Note: Google Test filter = Filter.EmptyList
[==========] Running 1 test from 1 test suite.
[----------] Global test environment set-up.
[----------] 1 test from Filter
[ RUN      ] Filter.EmptyList
[       OK ] Filter.EmptyList (24 ms)
[----------] 1 test from Filter (34 ms total)

[----------] Global test environment tear-down
[==========] 1 test from 1 test suite ran. (88 ms total)
[  PASSED  ] 1 test.
==2099== 
==2099== HEAP SUMMARY:
==2099==     in use at exit: 0 bytes in 0 blocks
==2099==   total heap usage: 410 allocs, 410 frees, 133,254 bytes allocated
==2099== 
==2099== All heap blocks were freed -- no leaks are possible
==2099== 
==2099== For counts of detected and suppressed errors, rerun with: -v
==2099== ERROR SUMMARY: 0 errors from 0 contexts (suppressed: 0 from 0)
<end of output>
Test time =   1.58 sec
----------------------------------------------------------
Test Passed.
"Filter.EmptyList" end time: Oct 25 07:28 UTC
"Filter.EmptyList" time elapsed: 00:00:01
----------------------------------------------------------

15/50 Testing: Filter.Size1_F
15/50 Test: Filter.Size1_F
Command: "/usr/bin/valgrind" "--tool=memcheck" "--leak-check=yes" "--trace-children=no" "--error-exitcode=113" "/home/codio/workspace/hw3/hw3_tests/llrec_tests/llrec_tests" "--gtest_filter=Filter.Size1_F"
Directory: /home/codio/workspace/hw3/hw3_tests/llrec_tests
"Filter.Size1_F" start time: Oct 25 07:28 UTC
Output:
----------------------------------------------------------
==2100== Memcheck, a memory error detector
==2100== Copyright (C) 2002-2017, and GNU GPL'd, by Julian Seward et al.
==2100== Using Valgrind-3.13.0 and LibVEX; rerun with -h for copyright info
==2100== Command: /home/codio/workspace/hw3/hw3_tests/llrec_tests/llrec_tests --gtest_filter=Filter.Size1_F
==2100== 
Running main() from /home/codio/googletest/googletest/src/gtest_main.cc
Note: Google Test filter = Filter.Size1_F
[==========] Running 1 test from 1 test suite.
[----------] Global test environment set-up.
[----------] 1 test from Filter
[ RUN      ] Filter.Size1_F
[       OK ] Filter.Size1_F (31 ms)
[----------] 1 test from Filter (41 ms total)

[----------] Global test environment tear-down
[==========] 1 test from 1 test suite ran. (94 ms total)
[  PASSED  ] 1 test.
==2100== 
==2100== HEAP SUMMARY:
==2100==     in use at exit: 0 bytes in 0 blocks
==2100==   total heap usage: 407 allocs, 407 frees, 133,122 bytes allocated
==2100== 
==2100== All heap blocks were freed -- no leaks are possible
==2100== 
==2100== For counts of detected and suppressed errors, rerun with: -v
==2100== ERROR SUMMARY: 0 errors from 0 contexts (suppressed: 0 from 0)
<end of output>
Test time =   1.61 sec
----------------------------------------------------------
Test Passed.
"Filter.Size1_F" end time: Oct 25 07:28 UTC
"Filter.Size1_F" time elapsed: 00:00:01
----------------------------------------------------------

16/50 Testing: Filter.Size1_nF
16/50 Test: Filter.Size1_nF
Command: "/usr/bin/valgrind" "--tool=memcheck" "--leak-check=yes" "--trace-children=no" "--error-exitcode=113" "/home/codio/workspace/hw3/hw3_tests/llrec_tests/llrec_tests" "--gtest_filter=Filter.Size1_nF"
Directory: /home/codio/workspace/hw3/hw3_tests/llrec_tests
"Filter.Size1_nF" start time: Oct 25 07:28 UTC
Output:
----------------------------------------------------------
==2101== Memcheck, a memory error detector
==2101== Copyright (C) 2002-2017, and GNU GPL'd, by Julian Seward et al.
==2101== Using Valgrind-3.13.0 and LibVEX; rerun with -h for copyright info
==2101== Command: /home/codio/workspace/hw3/hw3_tests/llrec_tests/llrec_tests --gtest_filter=Filter.Size1_nF
==2101== 
Running main() from /home/codio/googletest/googletest/src/gtest_main.cc
Note: Google Test filter = Filter.Size1_nF
[==========] Running 1 test from 1 test suite.
[----------] Global test environment set-up.
[----------] 1 test from Filter
[ RUN      ] Filter.Size1_nF
[       OK ] Filter.Size1_nF (31 ms)
[----------] 1 test from Filter (41 ms total)

[----------] Global test environment tear-down
[==========] 1 test from 1 test suite ran. (95 ms total)
[  PASSED  ] 1 test.
==2101== 
==2101== HEAP SUMMARY:
==2101==     in use at exit: 0 bytes in 0 blocks
==2101==   total heap usage: 408 allocs, 408 frees, 133,131 bytes allocated
==2101== 
==2101== All heap blocks were freed -- no leaks are possible
==2101== 
==2101== For counts of detected and suppressed errors, rerun with: -v
==2101== ERROR SUMMARY: 0 errors from 0 contexts (suppressed: 0 from 0)
<end of output>
Test time =   1.60 sec
----------------------------------------------------------
Test Passed.
"Filter.Size1_nF" end time: Oct 25 07:28 UTC
"Filter.Size1_nF" time elapsed: 00:00:01
----------------------------------------------------------

17/50 Testing: Filter.Size2_F_nF
17/50 Test: Filter.Size2_F_nF
Command: "/usr/bin/valgrind" "--tool=memcheck" "--leak-check=yes" "--trace-children=no" "--error-exitcode=113" "/home/codio/workspace/hw3/hw3_tests/llrec_tests/llrec_tests" "--gtest_filter=Filter.Size2_F_nF"
Directory: /home/codio/workspace/hw3/hw3_tests/llrec_tests
"Filter.Size2_F_nF" start time: Oct 25 07:28 UTC
Output:
----------------------------------------------------------
==2102== Memcheck, a memory error detector
==2102== Copyright (C) 2002-2017, and GNU GPL'd, by Julian Seward et al.
==2102== Using Valgrind-3.13.0 and LibVEX; rerun with -h for copyright info
==2102== Command: /home/codio/workspace/hw3/hw3_tests/llrec_tests/llrec_tests --gtest_filter=Filter.Size2_F_nF
==2102== 
Running main() from /home/codio/googletest/googletest/src/gtest_main.cc
Note: Google Test filter = Filter.Size2_F_nF
[==========] Running 1 test from 1 test suite.
[----------] Global test environment set-up.
[----------] 1 test from Filter
[ RUN      ] Filter.Size2_F_nF
[       OK ] Filter.Size2_F_nF (34 ms)
[----------] 1 test from Filter (45 ms total)

[----------] Global test environment tear-down
[==========] 1 test from 1 test suite ran. (107 ms total)
[  PASSED  ] 1 test.
==2102== 
==2102== HEAP SUMMARY:
==2102==     in use at exit: 0 bytes in 0 blocks
==2102==   total heap usage: 415 allocs, 415 frees, 133,316 bytes allocated
==2102== 
==2102== All heap blocks were freed -- no leaks are possible
==2102== 
==2102== For counts of detected and suppressed errors, rerun with: -v
==2102== ERROR SUMMARY: 0 errors from 0 contexts (suppressed: 0 from 0)
<end of output>
Test time =   1.65 sec
----------------------------------------------------------
Test Passed.
"Filter.Size2_F_nF" end time: Oct 25 07:28 UTC
"Filter.Size2_F_nF" time elapsed: 00:00:01
----------------------------------------------------------

18/50 Testing: Filter.Size2_nF_F
18/50 Test: Filter.Size2_nF_F
Command: "/usr/bin/valgrind" "--tool=memcheck" "--leak-check=yes" "--trace-children=no" "--error-exitcode=113" "/home/codio/workspace/hw3/hw3_tests/llrec_tests/llrec_tests" "--gtest_filter=Filter.Size2_nF_F"
Directory: /home/codio/workspace/hw3/hw3_tests/llrec_tests
"Filter.Size2_nF_F" start time: Oct 25 07:28 UTC
Output:
----------------------------------------------------------
==2103== Memcheck, a memory error detector
==2103== Copyright (C) 2002-2017, and GNU GPL'd, by Julian Seward et al.
==2103== Using Valgrind-3.13.0 and LibVEX; rerun with -h for copyright info
==2103== Command: /home/codio/workspace/hw3/hw3_tests/llrec_tests/llrec_tests --gtest_filter=Filter.Size2_nF_F
==2103== 
Running main() from /home/codio/googletest/googletest/src/gtest_main.cc
Note: Google Test filter = Filter.Size2_nF_F
[==========] Running 1 test from 1 test suite.
[----------] Global test environment set-up.
[----------] 1 test from Filter
[ RUN      ] Filter.Size2_nF_F
[       OK ] Filter.Size2_nF_F (32 ms)
[----------] 1 test from Filter (42 ms total)

[----------] Global test environment tear-down
[==========] 1 test from 1 test suite ran. (97 ms total)
[  PASSED  ] 1 test.
==2103== 
==2103== HEAP SUMMARY:
==2103==     in use at exit: 0 bytes in 0 blocks
==2103==   total heap usage: 414 allocs, 414 frees, 133,308 bytes allocated
==2103== 
==2103== All heap blocks were freed -- no leaks are possible
==2103== 
==2103== For counts of detected and suppressed errors, rerun with: -v
==2103== ERROR SUMMARY: 0 errors from 0 contexts (suppressed: 0 from 0)
<end of output>
Test time =   1.63 sec
----------------------------------------------------------
Test Passed.
"Filter.Size2_nF_F" end time: Oct 25 07:28 UTC
"Filter.Size2_nF_F" time elapsed: 00:00:01
----------------------------------------------------------

19/50 Testing: Filter.Size3_nF_F_nF
19/50 Test: Filter.Size3_nF_F_nF
Command: "/usr/bin/valgrind" "--tool=memcheck" "--leak-check=yes" "--trace-children=no" "--error-exitcode=113" "/home/codio/workspace/hw3/hw3_tests/llrec_tests/llrec_tests" "--gtest_filter=Filter.Size3_nF_F_nF"
Directory: /home/codio/workspace/hw3/hw3_tests/llrec_tests
"Filter.Size3_nF_F_nF" start time: Oct 25 07:28 UTC
Output:
----------------------------------------------------------
==2104== Memcheck, a memory error detector
==2104== Copyright (C) 2002-2017, and GNU GPL'd, by Julian Seward et al.
==2104== Using Valgrind-3.13.0 and LibVEX; rerun with -h for copyright info
==2104== Command: /home/codio/workspace/hw3/hw3_tests/llrec_tests/llrec_tests --gtest_filter=Filter.Size3_nF_F_nF
==2104== 
Running main() from /home/codio/googletest/googletest/src/gtest_main.cc
Note: Google Test filter = Filter.Size3_nF_F_nF
[==========] Running 1 test from 1 test suite.
[----------] Global test environment set-up.
[----------] 1 test from Filter
[ RUN      ] Filter.Size3_nF_F_nF
[       OK ] Filter.Size3_nF_F_nF (32 ms)
[----------] 1 test from Filter (43 ms total)

[----------] Global test environment tear-down
[==========] 1 test from 1 test suite ran. (97 ms total)
[  PASSED  ] 1 test.
==2104== 
==2104== HEAP SUMMARY:
==2104==     in use at exit: 0 bytes in 0 blocks
==2104==   total heap usage: 415 allocs, 415 frees, 133,362 bytes allocated
==2104== 
==2104== All heap blocks were freed -- no leaks are possible
==2104== 
==2104== For counts of detected and suppressed errors, rerun with: -v
==2104== ERROR SUMMARY: 0 errors from 0 contexts (suppressed: 0 from 0)
<end of output>
Test time =   1.68 sec
----------------------------------------------------------
Test Passed.
"Filter.Size3_nF_F_nF" end time: Oct 25 07:28 UTC
"Filter.Size3_nF_F_nF" time elapsed: 00:00:01
----------------------------------------------------------

20/50 Testing: Filter.Size3_F_nF_F
20/50 Test: Filter.Size3_F_nF_F
Command: "/usr/bin/valgrind" "--tool=memcheck" "--leak-check=yes" "--trace-children=no" "--error-exitcode=113" "/home/codio/workspace/hw3/hw3_tests/llrec_tests/llrec_tests" "--gtest_filter=Filter.Size3_F_nF_F"
Directory: /home/codio/workspace/hw3/hw3_tests/llrec_tests
"Filter.Size3_F_nF_F" start time: Oct 25 07:28 UTC
Output:
----------------------------------------------------------
==2105== Memcheck, a memory error detector
==2105== Copyright (C) 2002-2017, and GNU GPL'd, by Julian Seward et al.
==2105== Using Valgrind-3.13.0 and LibVEX; rerun with -h for copyright info
==2105== Command: /home/codio/workspace/hw3/hw3_tests/llrec_tests/llrec_tests --gtest_filter=Filter.Size3_F_nF_F
==2105== 
Running main() from /home/codio/googletest/googletest/src/gtest_main.cc
Note: Google Test filter = Filter.Size3_F_nF_F
[==========] Running 1 test from 1 test suite.
[----------] Global test environment set-up.
[----------] 1 test from Filter
[ RUN      ] Filter.Size3_F_nF_F
[       OK ] Filter.Size3_F_nF_F (33 ms)
[----------] 1 test from Filter (43 ms total)

[----------] Global test environment tear-down
[==========] 1 test from 1 test suite ran. (99 ms total)
[  PASSED  ] 1 test.
==2105== 
==2105== HEAP SUMMARY:
==2105==     in use at exit: 0 bytes in 0 blocks
==2105==   total heap usage: 415 allocs, 415 frees, 133,348 bytes allocated
==2105== 
==2105== All heap blocks were freed -- no leaks are possible
==2105== 
==2105== For counts of detected and suppressed errors, rerun with: -v
==2105== ERROR SUMMARY: 0 errors from 0 contexts (suppressed: 0 from 0)
<end of output>
Test time =   1.68 sec
----------------------------------------------------------
Test Passed.
"Filter.Size3_F_nF_F" end time: Oct 25 07:28 UTC
"Filter.Size3_F_nF_F" time elapsed: 00:00:01
----------------------------------------------------------

21/50 Testing: Filter.SameNodeCheck
21/50 Test: Filter.SameNodeCheck
Command: "/usr/bin/valgrind" "--tool=memcheck" "--leak-check=yes" "--trace-children=no" "--error-exitcode=113" "/home/codio/workspace/hw3/hw3_tests/llrec_tests/llrec_tests" "--gtest_filter=Filter.SameNodeCheck"
Directory: /home/codio/workspace/hw3/hw3_tests/llrec_tests
"Filter.SameNodeCheck" start time: Oct 25 07:28 UTC
Output:
----------------------------------------------------------
==2106== Memcheck, a memory error detector
==2106== Copyright (C) 2002-2017, and GNU GPL'd, by Julian Seward et al.
==2106== Using Valgrind-3.13.0 and LibVEX; rerun with -h for copyright info
==2106== Command: /home/codio/workspace/hw3/hw3_tests/llrec_tests/llrec_tests --gtest_filter=Filter.SameNodeCheck
==2106== 
Running main() from /home/codio/googletest/googletest/src/gtest_main.cc
Note: Google Test filter = Filter.SameNodeCheck
[==========] Running 1 test from 1 test suite.
[----------] Global test environment set-up.
[----------] 1 test from Filter
[ RUN      ] Filter.SameNodeCheck
[       OK ] Filter.SameNodeCheck (47 ms)
[----------] 1 test from Filter (57 ms total)

[----------] Global test environment tear-down
[==========] 1 test from 1 test suite ran. (110 ms total)
[  PASSED  ] 1 test.
==2106== 
==2106== HEAP SUMMARY:
==2106==     in use at exit: 0 bytes in 0 blocks
==2106==   total heap usage: 420 allocs, 420 frees, 133,458 bytes allocated
==2106== 
==2106== All heap blocks were freed -- no leaks are possible
==2106== 
==2106== For counts of detected and suppressed errors, rerun with: -v
==2106== ERROR SUMMARY: 0 errors from 0 contexts (suppressed: 0 from 0)
<end of output>
Test time =   1.62 sec
----------------------------------------------------------
Test Passed.
"Filter.SameNodeCheck" end time: Oct 25 07:28 UTC
"Filter.SameNodeCheck" time elapsed: 00:00:01
----------------------------------------------------------

22/50 Testing: Filter.MultipleCalls
22/50 Test: Filter.MultipleCalls
Command: "/usr/bin/valgrind" "--tool=memcheck" "--leak-check=yes" "--trace-children=no" "--error-exitcode=113" "/home/codio/workspace/hw3/hw3_tests/llrec_tests/llrec_tests" "--gtest_filter=Filter.MultipleCalls"
Directory: /home/codio/workspace/hw3/hw3_tests/llrec_tests
"Filter.MultipleCalls" start time: Oct 25 07:28 UTC
Output:
----------------------------------------------------------
==2107== Memcheck, a memory error detector
==2107== Copyright (C) 2002-2017, and GNU GPL'd, by Julian Seward et al.
==2107== Using Valgrind-3.13.0 and LibVEX; rerun with -h for copyright info
==2107== Command: /home/codio/workspace/hw3/hw3_tests/llrec_tests/llrec_tests --gtest_filter=Filter.MultipleCalls
==2107== 
Running main() from /home/codio/googletest/googletest/src/gtest_main.cc
Note: Google Test filter = Filter.MultipleCalls
[==========] Running 1 test from 1 test suite.
[----------] Global test environment set-up.
[----------] 1 test from Filter
[ RUN      ] Filter.MultipleCalls
[       OK ] Filter.MultipleCalls (34 ms)
[----------] 1 test from Filter (44 ms total)

[----------] Global test environment tear-down
[==========] 1 test from 1 test suite ran. (100 ms total)
[  PASSED  ] 1 test.
==2107== 
==2107== HEAP SUMMARY:
==2107==     in use at exit: 0 bytes in 0 blocks
==2107==   total heap usage: 420 allocs, 420 frees, 133,458 bytes allocated
==2107== 
==2107== All heap blocks were freed -- no leaks are possible
==2107== 
==2107== For counts of detected and suppressed errors, rerun with: -v
==2107== ERROR SUMMARY: 0 errors from 0 contexts (suppressed: 0 from 0)
<end of output>
Test time =   1.65 sec
----------------------------------------------------------
Test Passed.
"Filter.MultipleCalls" end time: Oct 25 07:28 UTC
"Filter.MultipleCalls" time elapsed: 00:00:01
----------------------------------------------------------

23/50 Testing: Filter.CompareWithLlrec
23/50 Test: Filter.CompareWithLlrec
Command: "/usr/bin/valgrind" "--tool=memcheck" "--leak-check=yes" "--trace-children=no" "--error-exitcode=113" "/home/codio/workspace/hw3/hw3_tests/llrec_tests/llrec_tests" "--gtest_filter=Filter.CompareWithLlrec"
Directory: /home/codio/workspace/hw3/hw3_tests/llrec_tests
"Filter.CompareWithLlrec" start time: Oct 25 07:28 UTC
Output:
----------------------------------------------------------
==2108== Memcheck, a memory error detector
==2108== Copyright (C) 2002-2017, and GNU GPL'd, by Julian Seward et al.
==2108== Using Valgrind-3.13.0 and LibVEX; rerun with -h for copyright info
==2108== Command: /home/codio/workspace/hw3/hw3_tests/llrec_tests/llrec_tests --gtest_filter=Filter.CompareWithLlrec
==2108== 
Running main() from /home/codio/googletest/googletest/src/gtest_main.cc
Note: Google Test filter = Filter.CompareWithLlrec
[==========] Running 1 test from 1 test suite.
[----------] Global test environment set-up.
[----------] 1 test from Filter
[ RUN      ] Filter.CompareWithLlrec
[       OK ] Filter.CompareWithLlrec (43 ms)
[----------] 1 test from Filter (52 ms total)

[----------] Global test environment tear-down
[==========] 1 test from 1 test suite ran. (106 ms total)
[  PASSED  ] 1 test.
==2108== 
==2108== HEAP SUMMARY:
==2108==     in use at exit: 0 bytes in 0 blocks
==2108==   total heap usage: 430 allocs, 430 frees, 133,612 bytes allocated
==2108== 
==2108== All heap blocks were freed -- no leaks are possible
==2108== 
==2108== For counts of detected and suppressed errors, rerun with: -v
==2108== ERROR SUMMARY: 0 errors from 0 contexts (suppressed: 0 from 0)
<end of output>
Test time =   1.68 sec
----------------------------------------------------------
Test Passed.
"Filter.CompareWithLlrec" end time: Oct 25 07:28 UTC
"Filter.CompareWithLlrec" time elapsed: 00:00:01
----------------------------------------------------------

24/50 Testing: Stack.BasicString
24/50 Test: Stack.BasicString
Command: "/usr/bin/valgrind" "--tool=memcheck" "--leak-check=yes" "--trace-children=no" "--error-exitcode=113" "/home/codio/workspace/hw3/hw3_tests/stack_tests/stack_tests" "--gtest_filter=Stack.BasicString"
Directory: /home/codio/workspace/hw3/hw3_tests/stack_tests
"Stack.BasicString" start time: Oct 25 07:28 UTC
Output:
----------------------------------------------------------
==2109== Memcheck, a memory error detector
==2109== Copyright (C) 2002-2017, and GNU GPL'd, by Julian Seward et al.
==2109== Using Valgrind-3.13.0 and LibVEX; rerun with -h for copyright info
==2109== Command: /home/codio/workspace/hw3/hw3_tests/stack_tests/stack_tests --gtest_filter=Stack.BasicString
==2109== 
Running main() from /home/codio/googletest/googletest/src/gtest_main.cc
Note: Google Test filter = Stack.BasicString
[==========] Running 1 test from 1 test suite.
[----------] Global test environment set-up.
[----------] 1 test from Stack
[ RUN      ] Stack.BasicString
[       OK ] Stack.BasicString (96 ms)
[----------] 1 test from Stack (107 ms total)

[----------] Global test environment tear-down
[==========] 1 test from 1 test suite ran. (162 ms total)
[  PASSED  ] 1 test.
==2109== 
==2109== HEAP SUMMARY:
==2109==     in use at exit: 0 bytes in 0 blocks
==2109==   total heap usage: 230 allocs, 230 frees, 120,594 bytes allocated
==2109== 
==2109== All heap blocks were freed -- no leaks are possible
==2109== 
==2109== For counts of detected and suppressed errors, rerun with: -v
==2109== ERROR SUMMARY: 0 errors from 0 contexts (suppressed: 0 from 0)
<end of output>
Test time =   1.64 sec
----------------------------------------------------------
Test Passed.
"Stack.BasicString" end time: Oct 25 07:28 UTC
"Stack.BasicString" time elapsed: 00:00:01
----------------------------------------------------------

25/50 Testing: Stack.RandomInt
25/50 Test: Stack.RandomInt
Command: "/usr/bin/valgrind" "--tool=memcheck" "--leak-check=yes" "--trace-children=no" "--error-exitcode=113" "/home/codio/workspace/hw3/hw3_tests/stack_tests/stack_tests" "--gtest_filter=Stack.RandomInt"
Directory: /home/codio/workspace/hw3/hw3_tests/stack_tests
"Stack.RandomInt" start time: Oct 25 07:28 UTC
Output:
----------------------------------------------------------
==2110== Memcheck, a memory error detector
==2110== Copyright (C) 2002-2017, and GNU GPL'd, by Julian Seward et al.
==2110== Using Valgrind-3.13.0 and LibVEX; rerun with -h for copyright info
==2110== Command: /home/codio/workspace/hw3/hw3_tests/stack_tests/stack_tests --gtest_filter=Stack.RandomInt
==2110== 
Running main() from /home/codio/googletest/googletest/src/gtest_main.cc
Note: Google Test filter = Stack.RandomInt
[==========] Running 1 test from 1 test suite.
[----------] Global test environment set-up.
[----------] 1 test from Stack
[ RUN      ] Stack.RandomInt
[       OK ] Stack.RandomInt (1718 ms)
[----------] 1 test from Stack (1728 ms total)

[----------] Global test environment tear-down
[==========] 1 test from 1 test suite ran. (1782 ms total)
[  PASSED  ] 1 test.
==2110== 
==2110== HEAP SUMMARY:
==2110==     in use at exit: 0 bytes in 0 blocks
==2110==   total heap usage: 21,262 allocs, 21,262 frees, 1,081,433 bytes allocated
==2110== 
==2110== All heap blocks were freed -- no leaks are possible
==2110== 
==2110== For counts of detected and suppressed errors, rerun with: -v
==2110== ERROR SUMMARY: 0 errors from 0 contexts (suppressed: 0 from 0)
<end of output>
Test time =   3.22 sec
----------------------------------------------------------
Test Passed.
"Stack.RandomInt" end time: Oct 25 07:28 UTC
"Stack.RandomInt" time elapsed: 00:00:03
----------------------------------------------------------

26/50 Testing: HeapTest.ConstructionDestruction
26/50 Test: HeapTest.ConstructionDestruction
Command: "/usr/bin/valgrind" "--tool=memcheck" "--leak-check=yes" "--trace-children=no" "--error-exitcode=113" "/home/codio/workspace/hw3/hw3_tests/heap_tests/heap_tests" "--gtest_filter=HeapTest.ConstructionDestruction"
Directory: /home/codio/workspace/hw3/hw3_tests/heap_tests
"HeapTest.ConstructionDestruction" start time: Oct 25 07:28 UTC
Output:
----------------------------------------------------------
==2111== Memcheck, a memory error detector
==2111== Copyright (C) 2002-2017, and GNU GPL'd, by Julian Seward et al.
==2111== Using Valgrind-3.13.0 and LibVEX; rerun with -h for copyright info
==2111== Command: /home/codio/workspace/hw3/hw3_tests/heap_tests/heap_tests --gtest_filter=HeapTest.ConstructionDestruction
==2111== 
Running main() from /home/codio/googletest/googletest/src/gtest_main.cc
Note: Google Test filter = HeapTest.ConstructionDestruction
[==========] Running 1 test from 1 test suite.
[----------] Global test environment set-up.
[----------] 1 test from HeapTest
[ RUN      ] HeapTest.ConstructionDestruction
[       OK ] HeapTest.ConstructionDestruction (19 ms)
[----------] 1 test from HeapTest (29 ms total)

[----------] Global test environment tear-down
[==========] 1 test from 1 test suite ran. (89 ms total)
[  PASSED  ] 1 test.
==2111== 
==2111== HEAP SUMMARY:
==2111==     in use at exit: 0 bytes in 0 blocks
==2111==   total heap usage: 468 allocs, 468 frees, 135,793 bytes allocated
==2111== 
==2111== All heap blocks were freed -- no leaks are possible
==2111== 
==2111== For counts of detected and suppressed errors, rerun with: -v
==2111== ERROR SUMMARY: 0 errors from 0 contexts (suppressed: 0 from 0)
<end of output>
Test time =   1.66 sec
----------------------------------------------------------
Test Passed.
"HeapTest.ConstructionDestruction" end time: Oct 25 07:28 UTC
"HeapTest.ConstructionDestruction" time elapsed: 00:00:01
----------------------------------------------------------

27/50 Testing: HeapTest.InitiallyEmpty
27/50 Test: HeapTest.InitiallyEmpty
Command: "/usr/bin/valgrind" "--tool=memcheck" "--leak-check=yes" "--trace-children=no" "--error-exitcode=113" "/home/codio/workspace/hw3/hw3_tests/heap_tests/heap_tests" "--gtest_filter=HeapTest.InitiallyEmpty"
Directory: /home/codio/workspace/hw3/hw3_tests/heap_tests
"HeapTest.InitiallyEmpty" start time: Oct 25 07:28 UTC
Output:
----------------------------------------------------------
==2112== Memcheck, a memory error detector
==2112== Copyright (C) 2002-2017, and GNU GPL'd, by Julian Seward et al.
==2112== Using Valgrind-3.13.0 and LibVEX; rerun with -h for copyright info
==2112== Command: /home/codio/workspace/hw3/hw3_tests/heap_tests/heap_tests --gtest_filter=HeapTest.InitiallyEmpty
==2112== 
Running main() from /home/codio/googletest/googletest/src/gtest_main.cc
Note: Google Test filter = HeapTest.InitiallyEmpty
[==========] Running 1 test from 1 test suite.
[----------] Global test environment set-up.
[----------] 1 test from HeapTest
[ RUN      ] HeapTest.InitiallyEmpty
[       OK ] HeapTest.InitiallyEmpty (21 ms)
[----------] 1 test from HeapTest (32 ms total)

[----------] Global test environment tear-down
[==========] 1 test from 1 test suite ran. (100 ms total)
[  PASSED  ] 1 test.
==2112== 
==2112== HEAP SUMMARY:
==2112==     in use at exit: 0 bytes in 0 blocks
==2112==   total heap usage: 468 allocs, 468 frees, 135,697 bytes allocated
==2112== 
==2112== All heap blocks were freed -- no leaks are possible
==2112== 
==2112== For counts of detected and suppressed errors, rerun with: -v
==2112== ERROR SUMMARY: 0 errors from 0 contexts (suppressed: 0 from 0)
<end of output>
Test time =   1.69 sec
----------------------------------------------------------
Test Passed.
"HeapTest.InitiallyEmpty" end time: Oct 25 07:28 UTC
"HeapTest.InitiallyEmpty" time elapsed: 00:00:01
----------------------------------------------------------

28/50 Testing: HeapTest.EmptyTopException
28/50 Test: HeapTest.EmptyTopException
Command: "/usr/bin/valgrind" "--tool=memcheck" "--leak-check=yes" "--trace-children=no" "--error-exitcode=113" "/home/codio/workspace/hw3/hw3_tests/heap_tests/heap_tests" "--gtest_filter=HeapTest.EmptyTopException"
Directory: /home/codio/workspace/hw3/hw3_tests/heap_tests
"HeapTest.EmptyTopException" start time: Oct 25 07:28 UTC
Output:
----------------------------------------------------------
==2113== Memcheck, a memory error detector
==2113== Copyright (C) 2002-2017, and GNU GPL'd, by Julian Seward et al.
==2113== Using Valgrind-3.13.0 and LibVEX; rerun with -h for copyright info
==2113== Command: /home/codio/workspace/hw3/hw3_tests/heap_tests/heap_tests --gtest_filter=HeapTest.EmptyTopException
==2113== 
Running main() from /home/codio/googletest/googletest/src/gtest_main.cc
Note: Google Test filter = HeapTest.EmptyTopException
[==========] Running 1 test from 1 test suite.
[----------] Global test environment set-up.
[----------] 1 test from HeapTest
[ RUN      ] HeapTest.EmptyTopException
[       OK ] HeapTest.EmptyTopException (62 ms)
[----------] 1 test from HeapTest (71 ms total)

[----------] Global test environment tear-down
[==========] 1 test from 1 test suite ran. (125 ms total)
[  PASSED  ] 1 test.
==2113== 
==2113== HEAP SUMMARY:
==2113==     in use at exit: 0 bytes in 0 blocks
==2113==   total heap usage: 470 allocs, 470 frees, 135,905 bytes allocated
==2113== 
==2113== All heap blocks were freed -- no leaks are possible
==2113== 
==2113== For counts of detected and suppressed errors, rerun with: -v
==2113== ERROR SUMMARY: 0 errors from 0 contexts (suppressed: 0 from 0)
<end of output>
Test time =   1.62 sec
----------------------------------------------------------
Test Passed.
"HeapTest.EmptyTopException" end time: Oct 25 07:28 UTC
"HeapTest.EmptyTopException" time elapsed: 00:00:01
----------------------------------------------------------

29/50 Testing: HeapTest.EmptyPopException
29/50 Test: HeapTest.EmptyPopException
Command: "/usr/bin/valgrind" "--tool=memcheck" "--leak-check=yes" "--trace-children=no" "--error-exitcode=113" "/home/codio/workspace/hw3/hw3_tests/heap_tests/heap_tests" "--gtest_filter=HeapTest.EmptyPopException"
Directory: /home/codio/workspace/hw3/hw3_tests/heap_tests
"HeapTest.EmptyPopException" start time: Oct 25 07:28 UTC
Output:
----------------------------------------------------------
==2114== Memcheck, a memory error detector
==2114== Copyright (C) 2002-2017, and GNU GPL'd, by Julian Seward et al.
==2114== Using Valgrind-3.13.0 and LibVEX; rerun with -h for copyright info
==2114== Command: /home/codio/workspace/hw3/hw3_tests/heap_tests/heap_tests --gtest_filter=HeapTest.EmptyPopException
==2114== 
Running main() from /home/codio/googletest/googletest/src/gtest_main.cc
Note: Google Test filter = HeapTest.EmptyPopException
[==========] Running 1 test from 1 test suite.
[----------] Global test environment set-up.
[----------] 1 test from HeapTest
[ RUN      ] HeapTest.EmptyPopException
[       OK ] HeapTest.EmptyPopException (61 ms)
[----------] 1 test from HeapTest (71 ms total)

[----------] Global test environment tear-down
[==========] 1 test from 1 test suite ran. (125 ms total)
[  PASSED  ] 1 test.
==2114== 
==2114== HEAP SUMMARY:
==2114==     in use at exit: 0 bytes in 0 blocks
==2114==   total heap usage: 470 allocs, 470 frees, 135,905 bytes allocated
==2114== 
==2114== All heap blocks were freed -- no leaks are possible
==2114== 
==2114== For counts of detected and suppressed errors, rerun with: -v
==2114== ERROR SUMMARY: 0 errors from 0 contexts (suppressed: 0 from 0)
<end of output>
Test time =   1.68 sec
----------------------------------------------------------
Test Passed.
"HeapTest.EmptyPopException" end time: Oct 25 07:28 UTC
"HeapTest.EmptyPopException" time elapsed: 00:00:01
----------------------------------------------------------

30/50 Testing: HeapTest.SingleItemNonempty
30/50 Test: HeapTest.SingleItemNonempty
Command: "/usr/bin/valgrind" "--tool=memcheck" "--leak-check=yes" "--trace-children=no" "--error-exitcode=113" "/home/codio/workspace/hw3/hw3_tests/heap_tests/heap_tests" "--gtest_filter=HeapTest.SingleItemNonempty"
Directory: /home/codio/workspace/hw3/hw3_tests/heap_tests
"HeapTest.SingleItemNonempty" start time: Oct 25 07:28 UTC
Output:
----------------------------------------------------------
==2115== Memcheck, a memory error detector
==2115== Copyright (C) 2002-2017, and GNU GPL'd, by Julian Seward et al.
==2115== Using Valgrind-3.13.0 and LibVEX; rerun with -h for copyright info
==2115== Command: /home/codio/workspace/hw3/hw3_tests/heap_tests/heap_tests --gtest_filter=HeapTest.SingleItemNonempty
==2115== 
Running main() from /home/codio/googletest/googletest/src/gtest_main.cc
Note: Google Test filter = HeapTest.SingleItemNonempty
[==========] Running 1 test from 1 test suite.
[----------] Global test environment set-up.
[----------] 1 test from HeapTest
[ RUN      ] HeapTest.SingleItemNonempty
[       OK ] HeapTest.SingleItemNonempty (24 ms)
[----------] 1 test from HeapTest (34 ms total)

[----------] Global test environment tear-down
[==========] 1 test from 1 test suite ran. (91 ms total)
[  PASSED  ] 1 test.
==2115== 
==2115== HEAP SUMMARY:
==2115==     in use at exit: 0 bytes in 0 blocks
==2115==   total heap usage: 469 allocs, 469 frees, 135,741 bytes allocated
==2115== 
==2115== All heap blocks were freed -- no leaks are possible
==2115== 
==2115== For counts of detected and suppressed errors, rerun with: -v
==2115== ERROR SUMMARY: 0 errors from 0 contexts (suppressed: 0 from 0)
<end of output>
Test time =   1.60 sec
----------------------------------------------------------
Test Passed.
"HeapTest.SingleItemNonempty" end time: Oct 25 07:28 UTC
"HeapTest.SingleItemNonempty" time elapsed: 00:00:01
----------------------------------------------------------

31/50 Testing: HeapTest.SingleItemPush
31/50 Test: HeapTest.SingleItemPush
Command: "/usr/bin/valgrind" "--tool=memcheck" "--leak-check=yes" "--trace-children=no" "--error-exitcode=113" "/home/codio/workspace/hw3/hw3_tests/heap_tests/heap_tests" "--gtest_filter=HeapTest.SingleItemPush"
Directory: /home/codio/workspace/hw3/hw3_tests/heap_tests
"HeapTest.SingleItemPush" start time: Oct 25 07:28 UTC
Output:
----------------------------------------------------------
==2116== Memcheck, a memory error detector
==2116== Copyright (C) 2002-2017, and GNU GPL'd, by Julian Seward et al.
==2116== Using Valgrind-3.13.0 and LibVEX; rerun with -h for copyright info
==2116== Command: /home/codio/workspace/hw3/hw3_tests/heap_tests/heap_tests --gtest_filter=HeapTest.SingleItemPush
==2116== 
Running main() from /home/codio/googletest/googletest/src/gtest_main.cc
Note: Google Test filter = HeapTest.SingleItemPush
[==========] Running 1 test from 1 test suite.
[----------] Global test environment set-up.
[----------] 1 test from HeapTest
[ RUN      ] HeapTest.SingleItemPush
[       OK ] HeapTest.SingleItemPush (29 ms)
[----------] 1 test from HeapTest (39 ms total)

[----------] Global test environment tear-down
[==========] 1 test from 1 test suite ran. (96 ms total)
[  PASSED  ] 1 test.
==2116== 
==2116== HEAP SUMMARY:
==2116==     in use at exit: 0 bytes in 0 blocks
==2116==   total heap usage: 469 allocs, 469 frees, 135,701 bytes allocated
==2116== 
==2116== All heap blocks were freed -- no leaks are possible
==2116== 
==2116== For counts of detected and suppressed errors, rerun with: -v
==2116== ERROR SUMMARY: 0 errors from 0 contexts (suppressed: 0 from 0)
<end of output>
Test time =   1.76 sec
----------------------------------------------------------
Test Passed.
"HeapTest.SingleItemPush" end time: Oct 25 07:28 UTC
"HeapTest.SingleItemPush" time elapsed: 00:00:01
----------------------------------------------------------

32/50 Testing: HeapTest.SingleItemPushPop
32/50 Test: HeapTest.SingleItemPushPop
Command: "/usr/bin/valgrind" "--tool=memcheck" "--leak-check=yes" "--trace-children=no" "--error-exitcode=113" "/home/codio/workspace/hw3/hw3_tests/heap_tests/heap_tests" "--gtest_filter=HeapTest.SingleItemPushPop"
Directory: /home/codio/workspace/hw3/hw3_tests/heap_tests
"HeapTest.SingleItemPushPop" start time: Oct 25 07:28 UTC
Output:
----------------------------------------------------------
==2117== Memcheck, a memory error detector
==2117== Copyright (C) 2002-2017, and GNU GPL'd, by Julian Seward et al.
==2117== Using Valgrind-3.13.0 and LibVEX; rerun with -h for copyright info
==2117== Command: /home/codio/workspace/hw3/hw3_tests/heap_tests/heap_tests --gtest_filter=HeapTest.SingleItemPushPop
==2117== 
Running main() from /home/codio/googletest/googletest/src/gtest_main.cc
Note: Google Test filter = HeapTest.SingleItemPushPop
[==========] Running 1 test from 1 test suite.
[----------] Global test environment set-up.
[----------] 1 test from HeapTest
[ RUN      ] HeapTest.SingleItemPushPop
[       OK ] HeapTest.SingleItemPushPop (28 ms)
[----------] 1 test from HeapTest (37 ms total)

[----------] Global test environment tear-down
[==========] 1 test from 1 test suite ran. (91 ms total)
[  PASSED  ] 1 test.
==2117== 
==2117== HEAP SUMMARY:
==2117==     in use at exit: 0 bytes in 0 blocks
==2117==   total heap usage: 469 allocs, 469 frees, 135,731 bytes allocated
==2117== 
==2117== All heap blocks were freed -- no leaks are possible
==2117== 
==2117== For counts of detected and suppressed errors, rerun with: -v
==2117== ERROR SUMMARY: 0 errors from 0 contexts (suppressed: 0 from 0)
<end of output>
Test time =   1.60 sec
----------------------------------------------------------
Test Passed.
"HeapTest.SingleItemPushPop" end time: Oct 25 07:28 UTC
"HeapTest.SingleItemPushPop" time elapsed: 00:00:01
----------------------------------------------------------

33/50 Testing: HeapTest.TwoElementPush_LowPriFirst
33/50 Test: HeapTest.TwoElementPush_LowPriFirst
Command: "/usr/bin/valgrind" "--tool=memcheck" "--leak-check=yes" "--trace-children=no" "--error-exitcode=113" "/home/codio/workspace/hw3/hw3_tests/heap_tests/heap_tests" "--gtest_filter=HeapTest.TwoElementPush_LowPriFirst"
Directory: /home/codio/workspace/hw3/hw3_tests/heap_tests
"HeapTest.TwoElementPush_LowPriFirst" start time: Oct 25 07:28 UTC
Output:
----------------------------------------------------------
==2118== Memcheck, a memory error detector
==2118== Copyright (C) 2002-2017, and GNU GPL'd, by Julian Seward et al.
==2118== Using Valgrind-3.13.0 and LibVEX; rerun with -h for copyright info
==2118== Command: /home/codio/workspace/hw3/hw3_tests/heap_tests/heap_tests --gtest_filter=HeapTest.TwoElementPush_LowPriFirst
==2118== 
Running main() from /home/codio/googletest/googletest/src/gtest_main.cc
Note: Google Test filter = HeapTest.TwoElementPush_LowPriFirst
[==========] Running 1 test from 1 test suite.
[----------] Global test environment set-up.
[----------] 1 test from HeapTest
[ RUN      ] HeapTest.TwoElementPush_LowPriFirst
[       OK ] HeapTest.TwoElementPush_LowPriFirst (32 ms)
[----------] 1 test from HeapTest (42 ms total)

[----------] Global test environment tear-down
[==========] 1 test from 1 test suite ran. (95 ms total)
[  PASSED  ] 1 test.
==2118== 
==2118== HEAP SUMMARY:
==2118==     in use at exit: 0 bytes in 0 blocks
==2118==   total heap usage: 470 allocs, 470 frees, 135,844 bytes allocated
==2118== 
==2118== All heap blocks were freed -- no leaks are possible
==2118== 
==2118== For counts of detected and suppressed errors, rerun with: -v
==2118== ERROR SUMMARY: 0 errors from 0 contexts (suppressed: 0 from 0)
<end of output>
Test time =   1.60 sec
----------------------------------------------------------
Test Passed.
"HeapTest.TwoElementPush_LowPriFirst" end time: Oct 25 07:28 UTC
"HeapTest.TwoElementPush_LowPriFirst" time elapsed: 00:00:01
----------------------------------------------------------

34/50 Testing: HeapTest.TwoElementPush_HighPriFirst
34/50 Test: HeapTest.TwoElementPush_HighPriFirst
Command: "/usr/bin/valgrind" "--tool=memcheck" "--leak-check=yes" "--trace-children=no" "--error-exitcode=113" "/home/codio/workspace/hw3/hw3_tests/heap_tests/heap_tests" "--gtest_filter=HeapTest.TwoElementPush_HighPriFirst"
Directory: /home/codio/workspace/hw3/hw3_tests/heap_tests
"HeapTest.TwoElementPush_HighPriFirst" start time: Oct 25 07:28 UTC
Output:
----------------------------------------------------------
==2119== Memcheck, a memory error detector
==2119== Copyright (C) 2002-2017, and GNU GPL'd, by Julian Seward et al.
==2119== Using Valgrind-3.13.0 and LibVEX; rerun with -h for copyright info
==2119== Command: /home/codio/workspace/hw3/hw3_tests/heap_tests/heap_tests --gtest_filter=HeapTest.TwoElementPush_HighPriFirst
==2119== 
Running main() from /home/codio/googletest/googletest/src/gtest_main.cc
Note: Google Test filter = HeapTest.TwoElementPush_HighPriFirst
[==========] Running 1 test from 1 test suite.
[----------] Global test environment set-up.
[----------] 1 test from HeapTest
[ RUN      ] HeapTest.TwoElementPush_HighPriFirst
[       OK ] HeapTest.TwoElementPush_HighPriFirst (33 ms)
[----------] 1 test from HeapTest (43 ms total)

[----------] Global test environment tear-down
[==========] 1 test from 1 test suite ran. (97 ms total)
[  PASSED  ] 1 test.
==2119== 
==2119== HEAP SUMMARY:
==2119==     in use at exit: 0 bytes in 0 blocks
==2119==   total heap usage: 470 allocs, 470 frees, 135,857 bytes allocated
==2119== 
==2119== All heap blocks were freed -- no leaks are possible
==2119== 
==2119== For counts of detected and suppressed errors, rerun with: -v
==2119== ERROR SUMMARY: 0 errors from 0 contexts (suppressed: 0 from 0)
<end of output>
Test time =   1.64 sec
----------------------------------------------------------
Test Passed.
"HeapTest.TwoElementPush_HighPriFirst" end time: Oct 25 07:28 UTC
"HeapTest.TwoElementPush_HighPriFirst" time elapsed: 00:00:01
----------------------------------------------------------

35/50 Testing: HeapTest.Duplicates
35/50 Test: HeapTest.Duplicates
Command: "/usr/bin/valgrind" "--tool=memcheck" "--leak-check=yes" "--trace-children=no" "--error-exitcode=113" "/home/codio/workspace/hw3/hw3_tests/heap_tests/heap_tests" "--gtest_filter=HeapTest.Duplicates"
Directory: /home/codio/workspace/hw3/hw3_tests/heap_tests
"HeapTest.Duplicates" start time: Oct 25 07:28 UTC
Output:
----------------------------------------------------------
==2120== Memcheck, a memory error detector
==2120== Copyright (C) 2002-2017, and GNU GPL'd, by Julian Seward et al.
==2120== Using Valgrind-3.13.0 and LibVEX; rerun with -h for copyright info
==2120== Command: /home/codio/workspace/hw3/hw3_tests/heap_tests/heap_tests --gtest_filter=HeapTest.Duplicates
==2120== 
Running main() from /home/codio/googletest/googletest/src/gtest_main.cc
Note: Google Test filter = HeapTest.Duplicates
[==========] Running 1 test from 1 test suite.
[----------] Global test environment set-up.
[----------] 1 test from HeapTest
[ RUN      ] HeapTest.Duplicates
[       OK ] HeapTest.Duplicates (34 ms)
[----------] 1 test from HeapTest (44 ms total)

[----------] Global test environment tear-down
[==========] 1 test from 1 test suite ran. (98 ms total)
[  PASSED  ] 1 test.
==2120== 
==2120== HEAP SUMMARY:
==2120==     in use at exit: 0 bytes in 0 blocks
==2120==   total heap usage: 471 allocs, 471 frees, 135,685 bytes allocated
==2120== 
==2120== All heap blocks were freed -- no leaks are possible
==2120== 
==2120== For counts of detected and suppressed errors, rerun with: -v
==2120== ERROR SUMMARY: 0 errors from 0 contexts (suppressed: 0 from 0)
<end of output>
Test time =   1.69 sec
----------------------------------------------------------
Test Passed.
"HeapTest.Duplicates" end time: Oct 25 07:28 UTC
"HeapTest.Duplicates" time elapsed: 00:00:01
----------------------------------------------------------

36/50 Testing: HeapTest.NegativeElements
36/50 Test: HeapTest.NegativeElements
Command: "/usr/bin/valgrind" "--tool=memcheck" "--leak-check=yes" "--trace-children=no" "--error-exitcode=113" "/home/codio/workspace/hw3/hw3_tests/heap_tests/heap_tests" "--gtest_filter=HeapTest.NegativeElements"
Directory: /home/codio/workspace/hw3/hw3_tests/heap_tests
"HeapTest.NegativeElements" start time: Oct 25 07:28 UTC
Output:
----------------------------------------------------------
==2121== Memcheck, a memory error detector
==2121== Copyright (C) 2002-2017, and GNU GPL'd, by Julian Seward et al.
==2121== Using Valgrind-3.13.0 and LibVEX; rerun with -h for copyright info
==2121== Command: /home/codio/workspace/hw3/hw3_tests/heap_tests/heap_tests --gtest_filter=HeapTest.NegativeElements
==2121== 
Running main() from /home/codio/googletest/googletest/src/gtest_main.cc
Note: Google Test filter = HeapTest.NegativeElements
[==========] Running 1 test from 1 test suite.
[----------] Global test environment set-up.
[----------] 1 test from HeapTest
[ RUN      ] HeapTest.NegativeElements
[       OK ] HeapTest.NegativeElements (30 ms)
[----------] 1 test from HeapTest (39 ms total)

[----------] Global test environment tear-down
[==========] 1 test from 1 test suite ran. (94 ms total)
[  PASSED  ] 1 test.
==2121== 
==2121== HEAP SUMMARY:
==2121==     in use at exit: 0 bytes in 0 blocks
==2121==   total heap usage: 470 allocs, 470 frees, 135,729 bytes allocated
==2121== 
==2121== All heap blocks were freed -- no leaks are possible
==2121== 
==2121== For counts of detected and suppressed errors, rerun with: -v
==2121== ERROR SUMMARY: 0 errors from 0 contexts (suppressed: 0 from 0)
<end of output>
Test time =   1.60 sec
----------------------------------------------------------
Test Passed.
"HeapTest.NegativeElements" end time: Oct 25 07:28 UTC
"HeapTest.NegativeElements" time elapsed: 00:00:01
----------------------------------------------------------

37/50 Testing: HeapTest.ThreeElementPush_0_5_10
37/50 Test: HeapTest.ThreeElementPush_0_5_10
Command: "/usr/bin/valgrind" "--tool=memcheck" "--leak-check=yes" "--trace-children=no" "--error-exitcode=113" "/home/codio/workspace/hw3/hw3_tests/heap_tests/heap_tests" "--gtest_filter=HeapTest.ThreeElementPush_0_5_10"
Directory: /home/codio/workspace/hw3/hw3_tests/heap_tests
"HeapTest.ThreeElementPush_0_5_10" start time: Oct 25 07:28 UTC
Output:
----------------------------------------------------------
==2122== Memcheck, a memory error detector
==2122== Copyright (C) 2002-2017, and GNU GPL'd, by Julian Seward et al.
==2122== Using Valgrind-3.13.0 and LibVEX; rerun with -h for copyright info
==2122== Command: /home/codio/workspace/hw3/hw3_tests/heap_tests/heap_tests --gtest_filter=HeapTest.ThreeElementPush_0_5_10
==2122== 
Running main() from /home/codio/googletest/googletest/src/gtest_main.cc
Note: Google Test filter = HeapTest.ThreeElementPush_0_5_10
[==========] Running 1 test from 1 test suite.
[----------] Global test environment set-up.
[----------] 1 test from HeapTest
[ RUN      ] HeapTest.ThreeElementPush_0_5_10
[       OK ] HeapTest.ThreeElementPush_0_5_10 (35 ms)
[----------] 1 test from HeapTest (45 ms total)

[----------] Global test environment tear-down
[==========] 1 test from 1 test suite ran. (99 ms total)
[  PASSED  ] 1 test.
==2122== 
==2122== HEAP SUMMARY:
==2122==     in use at exit: 0 bytes in 0 blocks
==2122==   total heap usage: 471 allocs, 471 frees, 135,821 bytes allocated
==2122== 
==2122== All heap blocks were freed -- no leaks are possible
==2122== 
==2122== For counts of detected and suppressed errors, rerun with: -v
==2122== ERROR SUMMARY: 0 errors from 0 contexts (suppressed: 0 from 0)
<end of output>
Test time =   1.61 sec
----------------------------------------------------------
Test Passed.
"HeapTest.ThreeElementPush_0_5_10" end time: Oct 25 07:29 UTC
"HeapTest.ThreeElementPush_0_5_10" time elapsed: 00:00:01
----------------------------------------------------------

38/50 Testing: HeapTest.ThreeElementPush_0_10_5
38/50 Test: HeapTest.ThreeElementPush_0_10_5
Command: "/usr/bin/valgrind" "--tool=memcheck" "--leak-check=yes" "--trace-children=no" "--error-exitcode=113" "/home/codio/workspace/hw3/hw3_tests/heap_tests/heap_tests" "--gtest_filter=HeapTest.ThreeElementPush_0_10_5"
Directory: /home/codio/workspace/hw3/hw3_tests/heap_tests
"HeapTest.ThreeElementPush_0_10_5" start time: Oct 25 07:29 UTC
Output:
----------------------------------------------------------
==2123== Memcheck, a memory error detector
==2123== Copyright (C) 2002-2017, and GNU GPL'd, by Julian Seward et al.
==2123== Using Valgrind-3.13.0 and LibVEX; rerun with -h for copyright info
==2123== Command: /home/codio/workspace/hw3/hw3_tests/heap_tests/heap_tests --gtest_filter=HeapTest.ThreeElementPush_0_10_5
==2123== 
Running main() from /home/codio/googletest/googletest/src/gtest_main.cc
Note: Google Test filter = HeapTest.ThreeElementPush_0_10_5
[==========] Running 1 test from 1 test suite.
[----------] Global test environment set-up.
[----------] 1 test from HeapTest
[ RUN      ] HeapTest.ThreeElementPush_0_10_5
[       OK ] HeapTest.ThreeElementPush_0_10_5 (36 ms)
[----------] 1 test from HeapTest (46 ms total)

[----------] Global test environment tear-down
[==========] 1 test from 1 test suite ran. (102 ms total)
[  PASSED  ] 1 test.
==2123== 
==2123== HEAP SUMMARY:
==2123==     in use at exit: 0 bytes in 0 blocks
==2123==   total heap usage: 471 allocs, 471 frees, 135,821 bytes allocated
==2123== 
==2123== All heap blocks were freed -- no leaks are possible
==2123== 
==2123== For counts of detected and suppressed errors, rerun with: -v
==2123== ERROR SUMMARY: 0 errors from 0 contexts (suppressed: 0 from 0)
<end of output>
Test time =   1.66 sec
----------------------------------------------------------
Test Passed.
"HeapTest.ThreeElementPush_0_10_5" end time: Oct 25 07:29 UTC
"HeapTest.ThreeElementPush_0_10_5" time elapsed: 00:00:01
----------------------------------------------------------

39/50 Testing: HeapTest.ThreeElementPush_5_0_10
39/50 Test: HeapTest.ThreeElementPush_5_0_10
Command: "/usr/bin/valgrind" "--tool=memcheck" "--leak-check=yes" "--trace-children=no" "--error-exitcode=113" "/home/codio/workspace/hw3/hw3_tests/heap_tests/heap_tests" "--gtest_filter=HeapTest.ThreeElementPush_5_0_10"
Directory: /home/codio/workspace/hw3/hw3_tests/heap_tests
"HeapTest.ThreeElementPush_5_0_10" start time: Oct 25 07:29 UTC
Output:
----------------------------------------------------------
==2124== Memcheck, a memory error detector
==2124== Copyright (C) 2002-2017, and GNU GPL'd, by Julian Seward et al.
==2124== Using Valgrind-3.13.0 and LibVEX; rerun with -h for copyright info
==2124== Command: /home/codio/workspace/hw3/hw3_tests/heap_tests/heap_tests --gtest_filter=HeapTest.ThreeElementPush_5_0_10
==2124== 
Running main() from /home/codio/googletest/googletest/src/gtest_main.cc
Note: Google Test filter = HeapTest.ThreeElementPush_5_0_10
[==========] Running 1 test from 1 test suite.
[----------] Global test environment set-up.
[----------] 1 test from HeapTest
[ RUN      ] HeapTest.ThreeElementPush_5_0_10
[       OK ] HeapTest.ThreeElementPush_5_0_10 (36 ms)
[----------] 1 test from HeapTest (46 ms total)

[----------] Global test environment tear-down
[==========] 1 test from 1 test suite ran. (101 ms total)
[  PASSED  ] 1 test.
==2124== 
==2124== HEAP SUMMARY:
==2124==     in use at exit: 0 bytes in 0 blocks
==2124==   total heap usage: 471 allocs, 471 frees, 135,821 bytes allocated
==2124== 
==2124== All heap blocks were freed -- no leaks are possible
==2124== 
==2124== For counts of detected and suppressed errors, rerun with: -v
==2124== ERROR SUMMARY: 0 errors from 0 contexts (suppressed: 0 from 0)
<end of output>
Test time =   1.73 sec
----------------------------------------------------------
Test Passed.
"HeapTest.ThreeElementPush_5_0_10" end time: Oct 25 07:29 UTC
"HeapTest.ThreeElementPush_5_0_10" time elapsed: 00:00:01
----------------------------------------------------------

40/50 Testing: HeapTest.ThreeElementPush_5_10_0
40/50 Test: HeapTest.ThreeElementPush_5_10_0
Command: "/usr/bin/valgrind" "--tool=memcheck" "--leak-check=yes" "--trace-children=no" "--error-exitcode=113" "/home/codio/workspace/hw3/hw3_tests/heap_tests/heap_tests" "--gtest_filter=HeapTest.ThreeElementPush_5_10_0"
Directory: /home/codio/workspace/hw3/hw3_tests/heap_tests
"HeapTest.ThreeElementPush_5_10_0" start time: Oct 25 07:29 UTC
Output:
----------------------------------------------------------
==2125== Memcheck, a memory error detector
==2125== Copyright (C) 2002-2017, and GNU GPL'd, by Julian Seward et al.
==2125== Using Valgrind-3.13.0 and LibVEX; rerun with -h for copyright info
==2125== Command: /home/codio/workspace/hw3/hw3_tests/heap_tests/heap_tests --gtest_filter=HeapTest.ThreeElementPush_5_10_0
==2125== 
Running main() from /home/codio/googletest/googletest/src/gtest_main.cc
Note: Google Test filter = HeapTest.ThreeElementPush_5_10_0
[==========] Running 1 test from 1 test suite.
[----------] Global test environment set-up.
[----------] 1 test from HeapTest
[ RUN      ] HeapTest.ThreeElementPush_5_10_0
[       OK ] HeapTest.ThreeElementPush_5_10_0 (41 ms)
[----------] 1 test from HeapTest (53 ms total)

[----------] Global test environment tear-down
[==========] 1 test from 1 test suite ran. (112 ms total)
[  PASSED  ] 1 test.
==2125== 
==2125== HEAP SUMMARY:
==2125==     in use at exit: 0 bytes in 0 blocks
==2125==   total heap usage: 471 allocs, 471 frees, 135,821 bytes allocated
==2125== 
==2125== All heap blocks were freed -- no leaks are possible
==2125== 
==2125== For counts of detected and suppressed errors, rerun with: -v
==2125== ERROR SUMMARY: 0 errors from 0 contexts (suppressed: 0 from 0)
<end of output>
Test time =   1.67 sec
----------------------------------------------------------
Test Passed.
"HeapTest.ThreeElementPush_5_10_0" end time: Oct 25 07:29 UTC
"HeapTest.ThreeElementPush_5_10_0" time elapsed: 00:00:01
----------------------------------------------------------

41/50 Testing: HeapTest.ThreeElementPush_10_0_5
41/50 Test: HeapTest.ThreeElementPush_10_0_5
Command: "/usr/bin/valgrind" "--tool=memcheck" "--leak-check=yes" "--trace-children=no" "--error-exitcode=113" "/home/codio/workspace/hw3/hw3_tests/heap_tests/heap_tests" "--gtest_filter=HeapTest.ThreeElementPush_10_0_5"
Directory: /home/codio/workspace/hw3/hw3_tests/heap_tests
"HeapTest.ThreeElementPush_10_0_5" start time: Oct 25 07:29 UTC
Output:
----------------------------------------------------------
==2128== Memcheck, a memory error detector
==2128== Copyright (C) 2002-2017, and GNU GPL'd, by Julian Seward et al.
==2128== Using Valgrind-3.13.0 and LibVEX; rerun with -h for copyright info
==2128== Command: /home/codio/workspace/hw3/hw3_tests/heap_tests/heap_tests --gtest_filter=HeapTest.ThreeElementPush_10_0_5
==2128== 
Running main() from /home/codio/googletest/googletest/src/gtest_main.cc
Note: Google Test filter = HeapTest.ThreeElementPush_10_0_5
[==========] Running 1 test from 1 test suite.
[----------] Global test environment set-up.
[----------] 1 test from HeapTest
[ RUN      ] HeapTest.ThreeElementPush_10_0_5
[       OK ] HeapTest.ThreeElementPush_10_0_5 (35 ms)
[----------] 1 test from HeapTest (45 ms total)

[----------] Global test environment tear-down
[==========] 1 test from 1 test suite ran. (99 ms total)
[  PASSED  ] 1 test.
==2128== 
==2128== HEAP SUMMARY:
==2128==     in use at exit: 0 bytes in 0 blocks
==2128==   total heap usage: 471 allocs, 471 frees, 135,821 bytes allocated
==2128== 
==2128== All heap blocks were freed -- no leaks are possible
==2128== 
==2128== For counts of detected and suppressed errors, rerun with: -v
==2128== ERROR SUMMARY: 0 errors from 0 contexts (suppressed: 0 from 0)
<end of output>
Test time =   1.63 sec
----------------------------------------------------------
Test Passed.
"HeapTest.ThreeElementPush_10_0_5" end time: Oct 25 07:29 UTC
"HeapTest.ThreeElementPush_10_0_5" time elapsed: 00:00:01
----------------------------------------------------------

42/50 Testing: HeapTest.ThreeElementPush_10_5_0
42/50 Test: HeapTest.ThreeElementPush_10_5_0
Command: "/usr/bin/valgrind" "--tool=memcheck" "--leak-check=yes" "--trace-children=no" "--error-exitcode=113" "/home/codio/workspace/hw3/hw3_tests/heap_tests/heap_tests" "--gtest_filter=HeapTest.ThreeElementPush_10_5_0"
Directory: /home/codio/workspace/hw3/hw3_tests/heap_tests
"HeapTest.ThreeElementPush_10_5_0" start time: Oct 25 07:29 UTC
Output:
----------------------------------------------------------
==2129== Memcheck, a memory error detector
==2129== Copyright (C) 2002-2017, and GNU GPL'd, by Julian Seward et al.
==2129== Using Valgrind-3.13.0 and LibVEX; rerun with -h for copyright info
==2129== Command: /home/codio/workspace/hw3/hw3_tests/heap_tests/heap_tests --gtest_filter=HeapTest.ThreeElementPush_10_5_0
==2129== 
Running main() from /home/codio/googletest/googletest/src/gtest_main.cc
Note: Google Test filter = HeapTest.ThreeElementPush_10_5_0
[==========] Running 1 test from 1 test suite.
[----------] Global test environment set-up.
[----------] 1 test from HeapTest
[ RUN      ] HeapTest.ThreeElementPush_10_5_0
[       OK ] HeapTest.ThreeElementPush_10_5_0 (36 ms)
[----------] 1 test from HeapTest (45 ms total)

[----------] Global test environment tear-down
[==========] 1 test from 1 test suite ran. (100 ms total)
[  PASSED  ] 1 test.
==2129== 
==2129== HEAP SUMMARY:
==2129==     in use at exit: 0 bytes in 0 blocks
==2129==   total heap usage: 471 allocs, 471 frees, 135,821 bytes allocated
==2129== 
==2129== All heap blocks were freed -- no leaks are possible
==2129== 
==2129== For counts of detected and suppressed errors, rerun with: -v
==2129== ERROR SUMMARY: 0 errors from 0 contexts (suppressed: 0 from 0)
<end of output>
Test time =   1.61 sec
----------------------------------------------------------
Test Passed.
"HeapTest.ThreeElementPush_10_5_0" end time: Oct 25 07:29 UTC
"HeapTest.ThreeElementPush_10_5_0" time elapsed: 00:00:01
----------------------------------------------------------

43/50 Testing: HeapTest.GreaterComparator
43/50 Test: HeapTest.GreaterComparator
Command: "/usr/bin/valgrind" "--tool=memcheck" "--leak-check=yes" "--trace-children=no" "--error-exitcode=113" "/home/codio/workspace/hw3/hw3_tests/heap_tests/heap_tests" "--gtest_filter=HeapTest.GreaterComparator"
Directory: /home/codio/workspace/hw3/hw3_tests/heap_tests
"HeapTest.GreaterComparator" start time: Oct 25 07:29 UTC
Output:
----------------------------------------------------------
==2130== Memcheck, a memory error detector
==2130== Copyright (C) 2002-2017, and GNU GPL'd, by Julian Seward et al.
==2130== Using Valgrind-3.13.0 and LibVEX; rerun with -h for copyright info
==2130== Command: /home/codio/workspace/hw3/hw3_tests/heap_tests/heap_tests --gtest_filter=HeapTest.GreaterComparator
==2130== 
Running main() from /home/codio/googletest/googletest/src/gtest_main.cc
Note: Google Test filter = HeapTest.GreaterComparator
[==========] Running 1 test from 1 test suite.
[----------] Global test environment set-up.
[----------] 1 test from HeapTest
[ RUN      ] HeapTest.GreaterComparator
[       OK ] HeapTest.GreaterComparator (36 ms)
[----------] 1 test from HeapTest (45 ms total)

[----------] Global test environment tear-down
[==========] 1 test from 1 test suite ran. (99 ms total)
[  PASSED  ] 1 test.
==2130== 
==2130== HEAP SUMMARY:
==2130==     in use at exit: 0 bytes in 0 blocks
==2130==   total heap usage: 471 allocs, 471 frees, 135,755 bytes allocated
==2130== 
==2130== All heap blocks were freed -- no leaks are possible
==2130== 
==2130== For counts of detected and suppressed errors, rerun with: -v
==2130== ERROR SUMMARY: 0 errors from 0 contexts (suppressed: 0 from 0)
<end of output>
Test time =   1.64 sec
----------------------------------------------------------
Test Passed.
"HeapTest.GreaterComparator" end time: Oct 25 07:29 UTC
"HeapTest.GreaterComparator" time elapsed: 00:00:01
----------------------------------------------------------

44/50 Testing: HeapTest.StringStorage
44/50 Test: HeapTest.StringStorage
Command: "/usr/bin/valgrind" "--tool=memcheck" "--leak-check=yes" "--trace-children=no" "--error-exitcode=113" "/home/codio/workspace/hw3/hw3_tests/heap_tests/heap_tests" "--gtest_filter=HeapTest.StringStorage"
Directory: /home/codio/workspace/hw3/hw3_tests/heap_tests
"HeapTest.StringStorage" start time: Oct 25 07:29 UTC
Output:
----------------------------------------------------------
==2131== Memcheck, a memory error detector
==2131== Copyright (C) 2002-2017, and GNU GPL'd, by Julian Seward et al.
==2131== Using Valgrind-3.13.0 and LibVEX; rerun with -h for copyright info
==2131== Command: /home/codio/workspace/hw3/hw3_tests/heap_tests/heap_tests --gtest_filter=HeapTest.StringStorage
==2131== 
Running main() from /home/codio/googletest/googletest/src/gtest_main.cc
Note: Google Test filter = HeapTest.StringStorage
[==========] Running 1 test from 1 test suite.
[----------] Global test environment set-up.
[----------] 1 test from HeapTest
[ RUN      ] HeapTest.StringStorage
[       OK ] HeapTest.StringStorage (34 ms)
[----------] 1 test from HeapTest (43 ms total)

[----------] Global test environment tear-down
[==========] 1 test from 1 test suite ran. (97 ms total)
[  PASSED  ] 1 test.
==2131== 
==2131== HEAP SUMMARY:
==2131==     in use at exit: 0 bytes in 0 blocks
==2131==   total heap usage: 471 allocs, 471 frees, 135,911 bytes allocated
==2131== 
==2131== All heap blocks were freed -- no leaks are possible
==2131== 
==2131== For counts of detected and suppressed errors, rerun with: -v
==2131== ERROR SUMMARY: 0 errors from 0 contexts (suppressed: 0 from 0)
<end of output>
Test time =   1.60 sec
----------------------------------------------------------
Test Passed.
"HeapTest.StringStorage" end time: Oct 25 07:29 UTC
"HeapTest.StringStorage" time elapsed: 00:00:01
----------------------------------------------------------

45/50 Testing: HeapTest.FiveElementPush_TrinaryHeap
45/50 Test: HeapTest.FiveElementPush_TrinaryHeap
Command: "/usr/bin/valgrind" "--tool=memcheck" "--leak-check=yes" "--trace-children=no" "--error-exitcode=113" "/home/codio/workspace/hw3/hw3_tests/heap_tests/heap_tests" "--gtest_filter=HeapTest.FiveElementPush_TrinaryHeap"
Directory: /home/codio/workspace/hw3/hw3_tests/heap_tests
"HeapTest.FiveElementPush_TrinaryHeap" start time: Oct 25 07:29 UTC
Output:
----------------------------------------------------------
==2132== Memcheck, a memory error detector
==2132== Copyright (C) 2002-2017, and GNU GPL'd, by Julian Seward et al.
==2132== Using Valgrind-3.13.0 and LibVEX; rerun with -h for copyright info
==2132== Command: /home/codio/workspace/hw3/hw3_tests/heap_tests/heap_tests --gtest_filter=HeapTest.FiveElementPush_TrinaryHeap
==2132== 
Running main() from /home/codio/googletest/googletest/src/gtest_main.cc
Note: Google Test filter = HeapTest.FiveElementPush_TrinaryHeap
[==========] Running 1 test from 1 test suite.
[----------] Global test environment set-up.
[----------] 1 test from HeapTest
[ RUN      ] HeapTest.FiveElementPush_TrinaryHeap
[       OK ] HeapTest.FiveElementPush_TrinaryHeap (42 ms)
[----------] 1 test from HeapTest (53 ms total)

[----------] Global test environment tear-down
[==========] 1 test from 1 test suite ran. (116 ms total)
[  PASSED  ] 1 test.
==2132== 
==2132== HEAP SUMMARY:
==2132==     in use at exit: 0 bytes in 0 blocks
==2132==   total heap usage: 472 allocs, 472 frees, 135,905 bytes allocated
==2132== 
==2132== All heap blocks were freed -- no leaks are possible
==2132== 
==2132== For counts of detected and suppressed errors, rerun with: -v
==2132== ERROR SUMMARY: 0 errors from 0 contexts (suppressed: 0 from 0)
<end of output>
Test time =   1.67 sec
----------------------------------------------------------
Test Passed.
"HeapTest.FiveElementPush_TrinaryHeap" end time: Oct 25 07:29 UTC
"HeapTest.FiveElementPush_TrinaryHeap" time elapsed: 00:00:01
----------------------------------------------------------

46/50 Testing: HeapTest.SixElementPush_QuaternaryHeap
46/50 Test: HeapTest.SixElementPush_QuaternaryHeap
Command: "/usr/bin/valgrind" "--tool=memcheck" "--leak-check=yes" "--trace-children=no" "--error-exitcode=113" "/home/codio/workspace/hw3/hw3_tests/heap_tests/heap_tests" "--gtest_filter=HeapTest.SixElementPush_QuaternaryHeap"
Directory: /home/codio/workspace/hw3/hw3_tests/heap_tests
"HeapTest.SixElementPush_QuaternaryHeap" start time: Oct 25 07:29 UTC
Output:
----------------------------------------------------------
==2133== Memcheck, a memory error detector
==2133== Copyright (C) 2002-2017, and GNU GPL'd, by Julian Seward et al.
==2133== Using Valgrind-3.13.0 and LibVEX; rerun with -h for copyright info
==2133== Command: /home/codio/workspace/hw3/hw3_tests/heap_tests/heap_tests --gtest_filter=HeapTest.SixElementPush_QuaternaryHeap
==2133== 
Running main() from /home/codio/googletest/googletest/src/gtest_main.cc
Note: Google Test filter = HeapTest.SixElementPush_QuaternaryHeap
[==========] Running 1 test from 1 test suite.
[----------] Global test environment set-up.
[----------] 1 test from HeapTest
[ RUN      ] HeapTest.SixElementPush_QuaternaryHeap
[       OK ] HeapTest.SixElementPush_QuaternaryHeap (39 ms)
[----------] 1 test from HeapTest (49 ms total)

[----------] Global test environment tear-down
[==========] 1 test from 1 test suite ran. (103 ms total)
[  PASSED  ] 1 test.
==2133== 
==2133== HEAP SUMMARY:
==2133==     in use at exit: 0 bytes in 0 blocks
==2133==   total heap usage: 472 allocs, 472 frees, 135,931 bytes allocated
==2133== 
==2133== All heap blocks were freed -- no leaks are possible
==2133== 
==2133== For counts of detected and suppressed errors, rerun with: -v
==2133== ERROR SUMMARY: 0 errors from 0 contexts (suppressed: 0 from 0)
<end of output>
Test time =   1.67 sec
----------------------------------------------------------
Test Passed.
"HeapTest.SixElementPush_QuaternaryHeap" end time: Oct 25 07:29 UTC
"HeapTest.SixElementPush_QuaternaryHeap" time elapsed: 00:00:01
----------------------------------------------------------

47/50 Testing: HeapStress.50x50RandomElements_BinaryHeap
47/50 Test: HeapStress.50x50RandomElements_BinaryHeap
Command: "/usr/bin/valgrind" "--tool=memcheck" "--leak-check=yes" "--trace-children=no" "--error-exitcode=113" "/home/codio/workspace/hw3/hw3_tests/heap_tests/heap_tests" "--gtest_filter=HeapStress.50x50RandomElements_BinaryHeap"
Directory: /home/codio/workspace/hw3/hw3_tests/heap_tests
"HeapStress.50x50RandomElements_BinaryHeap" start time: Oct 25 07:29 UTC
Output:
----------------------------------------------------------
==2134== Memcheck, a memory error detector
==2134== Copyright (C) 2002-2017, and GNU GPL'd, by Julian Seward et al.
==2134== Using Valgrind-3.13.0 and LibVEX; rerun with -h for copyright info
==2134== Command: /home/codio/workspace/hw3/hw3_tests/heap_tests/heap_tests --gtest_filter=HeapStress.50x50RandomElements_BinaryHeap
==2134== 
Running main() from /home/codio/googletest/googletest/src/gtest_main.cc
Note: Google Test filter = HeapStress.50x50RandomElements_BinaryHeap
[==========] Running 1 test from 1 test suite.
[----------] Global test environment set-up.
[----------] 1 test from HeapStress
[ RUN      ] HeapStress.50x50RandomElements_BinaryHeap
[       OK ] HeapStress.50x50RandomElements_BinaryHeap (205 ms)
[----------] 1 test from HeapStress (214 ms total)

[----------] Global test environment tear-down
[==========] 1 test from 1 test suite ran. (268 ms total)
[  PASSED  ] 1 test.
==2134== 
==2134== HEAP SUMMARY:
==2134==     in use at exit: 0 bytes in 0 blocks
==2134==   total heap usage: 969 allocs, 969 frees, 183,502 bytes allocated
==2134== 
==2134== All heap blocks were freed -- no leaks are possible
==2134== 
==2134== For counts of detected and suppressed errors, rerun with: -v
==2134== ERROR SUMMARY: 0 errors from 0 contexts (suppressed: 0 from 0)
<end of output>
Test time =   1.78 sec
----------------------------------------------------------
Test Passed.
"HeapStress.50x50RandomElements_BinaryHeap" end time: Oct 25 07:29 UTC
"HeapStress.50x50RandomElements_BinaryHeap" time elapsed: 00:00:01
----------------------------------------------------------

48/50 Testing: HeapStress.50x50RandomElements_QuaternaryHeap
48/50 Test: HeapStress.50x50RandomElements_QuaternaryHeap
Command: "/usr/bin/valgrind" "--tool=memcheck" "--leak-check=yes" "--trace-children=no" "--error-exitcode=113" "/home/codio/workspace/hw3/hw3_tests/heap_tests/heap_tests" "--gtest_filter=HeapStress.50x50RandomElements_QuaternaryHeap"
Directory: /home/codio/workspace/hw3/hw3_tests/heap_tests
"HeapStress.50x50RandomElements_QuaternaryHeap" start time: Oct 25 07:29 UTC
Output:
----------------------------------------------------------
==2135== Memcheck, a memory error detector
==2135== Copyright (C) 2002-2017, and GNU GPL'd, by Julian Seward et al.
==2135== Using Valgrind-3.13.0 and LibVEX; rerun with -h for copyright info
==2135== Command: /home/codio/workspace/hw3/hw3_tests/heap_tests/heap_tests --gtest_filter=HeapStress.50x50RandomElements_QuaternaryHeap
==2135== 
Running main() from /home/codio/googletest/googletest/src/gtest_main.cc
Note: Google Test filter = HeapStress.50x50RandomElements_QuaternaryHeap
[==========] Running 1 test from 1 test suite.
[----------] Global test environment set-up.
[----------] 1 test from HeapStress
[ RUN      ] HeapStress.50x50RandomElements_QuaternaryHeap
[       OK ] HeapStress.50x50RandomElements_QuaternaryHeap (238 ms)
[----------] 1 test from HeapStress (249 ms total)

[----------] Global test environment tear-down
[==========] 1 test from 1 test suite ran. (305 ms total)
[  PASSED  ] 1 test.
==2135== 
==2135== HEAP SUMMARY:
==2135==     in use at exit: 0 bytes in 0 blocks
==2135==   total heap usage: 969 allocs, 969 frees, 183,554 bytes allocated
==2135== 
==2135== All heap blocks were freed -- no leaks are possible
==2135== 
==2135== For counts of detected and suppressed errors, rerun with: -v
==2135== ERROR SUMMARY: 0 errors from 0 contexts (suppressed: 0 from 0)
<end of output>
Test time =   1.82 sec
----------------------------------------------------------
Test Passed.
"HeapStress.50x50RandomElements_QuaternaryHeap" end time: Oct 25 07:29 UTC
"HeapStress.50x50RandomElements_QuaternaryHeap" time elapsed: 00:00:01
----------------------------------------------------------

49/50 Testing: HeapStress.50x50RandomElements_DodecenaryHeap
49/50 Test: HeapStress.50x50RandomElements_DodecenaryHeap
Command: "/usr/bin/valgrind" "--tool=memcheck" "--leak-check=yes" "--trace-children=no" "--error-exitcode=113" "/home/codio/workspace/hw3/hw3_tests/heap_tests/heap_tests" "--gtest_filter=HeapStress.50x50RandomElements_DodecenaryHeap"
Directory: /home/codio/workspace/hw3/hw3_tests/heap_tests
"HeapStress.50x50RandomElements_DodecenaryHeap" start time: Oct 25 07:29 UTC
Output:
----------------------------------------------------------
==2136== Memcheck, a memory error detector
==2136== Copyright (C) 2002-2017, and GNU GPL'd, by Julian Seward et al.
==2136== Using Valgrind-3.13.0 and LibVEX; rerun with -h for copyright info
==2136== Command: /home/codio/workspace/hw3/hw3_tests/heap_tests/heap_tests --gtest_filter=HeapStress.50x50RandomElements_DodecenaryHeap
==2136== 
Running main() from /home/codio/googletest/googletest/src/gtest_main.cc
Note: Google Test filter = HeapStress.50x50RandomElements_DodecenaryHeap
[==========] Running 1 test from 1 test suite.
[----------] Global test environment set-up.
[----------] 1 test from HeapStress
[ RUN      ] HeapStress.50x50RandomElements_DodecenaryHeap
[       OK ] HeapStress.50x50RandomElements_DodecenaryHeap (210 ms)
[----------] 1 test from HeapStress (220 ms total)

[----------] Global test environment tear-down
[==========] 1 test from 1 test suite ran. (273 ms total)
[  PASSED  ] 1 test.
==2136== 
==2136== HEAP SUMMARY:
==2136==     in use at exit: 0 bytes in 0 blocks
==2136==   total heap usage: 969 allocs, 969 frees, 183,554 bytes allocated
==2136== 
==2136== All heap blocks were freed -- no leaks are possible
==2136== 
==2136== For counts of detected and suppressed errors, rerun with: -v
==2136== ERROR SUMMARY: 0 errors from 0 contexts (suppressed: 0 from 0)
<end of output>
Test time =   1.78 sec
----------------------------------------------------------
Test Passed.
"HeapStress.50x50RandomElements_DodecenaryHeap" end time: Oct 25 07:29 UTC
"HeapStress.50x50RandomElements_DodecenaryHeap" time elapsed: 00:00:01
----------------------------------------------------------

50/50 Testing: HeapStress.2x2000RandomElements_Binary
50/50 Test: HeapStress.2x2000RandomElements_Binary
Command: "/usr/bin/valgrind" "--tool=memcheck" "--leak-check=yes" "--trace-children=no" "--error-exitcode=113" "/home/codio/workspace/hw3/hw3_tests/heap_tests/heap_tests" "--gtest_filter=HeapStress.2x2000RandomElements_Binary"
Directory: /home/codio/workspace/hw3/hw3_tests/heap_tests
"HeapStress.2x2000RandomElements_Binary" start time: Oct 25 07:29 UTC
Output:
----------------------------------------------------------
==2137== Memcheck, a memory error detector
==2137== Copyright (C) 2002-2017, and GNU GPL'd, by Julian Seward et al.
==2137== Using Valgrind-3.13.0 and LibVEX; rerun with -h for copyright info
==2137== Command: /home/codio/workspace/hw3/hw3_tests/heap_tests/heap_tests --gtest_filter=HeapStress.2x2000RandomElements_Binary
==2137== 
Running main() from /home/codio/googletest/googletest/src/gtest_main.cc
Note: Google Test filter = HeapStress.2x2000RandomElements_Binary
[==========] Running 1 test from 1 test suite.
[----------] Global test environment set-up.
[----------] 1 test from HeapStress
[ RUN      ] HeapStress.2x2000RandomElements_Binary
[       OK ] HeapStress.2x2000RandomElements_Binary (239 ms)
[----------] 1 test from HeapStress (249 ms total)

[----------] Global test environment tear-down
[==========] 1 test from 1 test suite ran. (303 ms total)
[  PASSED  ] 1 test.
==2137== 
==2137== HEAP SUMMARY:
==2137==     in use at exit: 0 bytes in 0 blocks
==2137==   total heap usage: 499 allocs, 499 frees, 200,711 bytes allocated
==2137== 
==2137== All heap blocks were freed -- no leaks are possible
==2137== 
==2137== For counts of detected and suppressed errors, rerun with: -v
==2137== ERROR SUMMARY: 0 errors from 0 contexts (suppressed: 0 from 0)
<end of output>
Test time =   1.84 sec
----------------------------------------------------------
Test Passed.
"HeapStress.2x2000RandomElements_Binary" end time: Oct 25 07:29 UTC
"HeapStress.2x2000RandomElements_Binary" time elapsed: 00:00:01
----------------------------------------------------------

End testing: Oct 25 07:29 UTC
